[32mINFO    [0m integration.high_availability.test_upgrade_from_stable:test_upgrade_from_stable.py:84 Build charm locally
[32mINFO    [0m integration.high_availability.test_upgrade_from_stable:test_upgrade_from_stable.py:87 Refresh the charm
[32mINFO    [0m integration.high_availability.test_upgrade_from_stable:test_upgrade_from_stable.py:90 Wait for upgrade to start
[32mINFO    [0m integration.high_availability.test_upgrade_from_stable:test_upgrade_from_stable.py:96 Wait for upgrade to complete
[32mINFO    [0m juju.model:model.py:3211 Waiting for model:
  mysql/0 [executing] waiting: other units upgrading first...
  mysql/1 [idle] waiting: other units upgrading first...
  mysql/2 [executing] maintenance: stopping services..
[32mINFO    [0m juju.model:model.py:3211 Waiting for model:
  mysql/0 [executing] waiting: other units upgrading first...
  mysql/1 [idle] waiting: other units upgrading first...
  mysql/2 [executing] maintenance: starting services...
[32mINFO    [0m juju.model:model.py:3211 Waiting for model:
  mysql/0 [executing] maintenance: upgrading snap...
  mysql/1 [idle] waiting: other units upgrading first...
  mysql/2 [idle] maintenance: upgrade completed
[32mINFO    [0m juju.model:model.py:3211 Waiting for model:
  mysql/0 [executing] maintenance: recovering unit after upgrade
  mysql/1 [idle] waiting: other units upgrading first...
  mysql/2 [executing] maintenance: upgrade completed
[32mINFO    [0m juju.model:model.py:3211 Waiting for model:
  mysql/0 [idle] maintenance: upgrade completed
  mysql/1 [executing] maintenance: starting services...
  mysql/2 [idle] maintenance: upgrade completed
[32mINFO    [0m juju.model:model.py:3211 Waiting for model:
  mysql/0 [idle] active: Primary
  mysql/1 [idle] active: 
  mysql/2 [idle] active: 
[32mINFO    [0m integration.high_availability.test_upgrade_from_stable:test_upgrade_from_stable.py:101 Ensure continuous_writes
[32mINFO    [0m integration.high_availability.high_availability_helpers:high_availability_helpers.py:343 Ensure continuous writes are incrementing
[32mINFO    [0m integration.helpers:helpers.py:480 Retrieving primary unit
[32mINFO    [0m integration.high_availability.high_availability_helpers:high_availability_helpers.py:368 max_written_value=22283 on unit mysql/0
[32mINFO    [0m integration.high_availability.high_availability_helpers:high_availability_helpers.py:368 max_written_value=22283 on unit mysql/0
[32mINFO    [0m integration.high_availability.high_availability_helpers:high_availability_helpers.py:368 max_written_value=22283 on unit mysql/0
[32mINFO    [0m integration.high_availability.high_availability_helpers:high_availability_helpers.py:368 max_written_value=23260 on unit mysql/0
[32mINFO    [0m integration.high_availability.high_availability_helpers:high_availability_helpers.py:368 max_written_value=23267 on unit mysql/1
[32mINFO    [0m integration.high_availability.high_availability_helpers:high_availability_helpers.py:368 max_written_value=23274 on unit mysql/2
[32mINFO    [0m pytest_operator.plugin:plugin.py:790 Model status:

Model  Controller           Cloud/Region         Version  SLA          Timestamp
test   localhost-localhost  localhost/localhost  3.6.2    unsupported  01:40:06Z

App             Version          Status  Scale  Charm           Channel      Rev  Exposed  Message
mysql           8.0.40-0ubun...  active      3  mysql                          0  no       
mysql-test-app  0.0.2            active      1  mysql-test-app  latest/edge   63  no       

Unit               Workload  Agent  Machine  Public address  Ports           Message
mysql-test-app/0*  active    idle   0        10.40.92.205                    
mysql/0            active    idle   1        10.40.92.115    3306,33060/tcp  Primary
mysql/1*           active    idle   2        10.40.92.3      3306,33060/tcp  
mysql/2            active    idle   3        10.40.92.129    3306,33060/tcp  

Machine  State    Address       Inst id        Base          AZ  Message
0        started  10.40.92.205  juju-1c4cee-0  ubuntu@22.04      Running
1        started  10.40.92.115  juju-1c4cee-1  ubuntu@22.04      Running
2        started  10.40.92.3    juju-1c4cee-2  ubuntu@22.04      Running
3        started  10.40.92.129  juju-1c4cee-3  ubuntu@22.04      Running

[32mINFO    [0m pytest_operator.plugin:plugin.py:796 Juju error logs:

machine-0: 01:32:19 ERROR juju.worker.dependency "lxd-container-provisioner" manifold worker returned unexpected error: container types not yet available
machine-0: 01:32:19 ERROR juju.worker.dependency "kvm-container-provisioner" manifold worker returned unexpected error: container types not yet available
unit-mysql-test-app-0: 01:32:20 ERROR juju.worker.meterstatus error running "meter-status-changed": charm missing from disk
machine-2: 01:32:20 ERROR juju.worker.dependency "kvm-container-provisioner" manifold worker returned unexpected error: container types not yet available
machine-2: 01:32:20 ERROR juju.worker.dependency "lxd-container-provisioner" manifold worker returned unexpected error: container types not yet available
unit-mysql-1: 01:32:20 ERROR juju.worker.meterstatus error running "meter-status-changed": charm missing from disk
machine-3: 01:32:26 ERROR juju.worker.dependency "lxd-container-provisioner" manifold worker returned unexpected error: container types not yet available
machine-3: 01:32:26 ERROR juju.worker.dependency "kvm-container-provisioner" manifold worker returned unexpected error: container types not yet available
unit-mysql-2: 01:32:26 ERROR juju.worker.meterstatus error running "meter-status-changed": charm missing from disk
machine-1: 01:32:27 ERROR juju.worker.dependency "lxd-container-provisioner" manifold worker returned unexpected error: container types not yet available
machine-1: 01:32:27 ERROR juju.worker.dependency "kvm-container-provisioner" manifold worker returned unexpected error: container types not yet available
unit-mysql-0: 01:32:27 ERROR juju.worker.meterstatus error running "meter-status-changed": charm missing from disk
unit-mysql-2: 01:37:03 ERROR unit.mysql/2.juju-log upgrade:1: Failed to execute mysql-shell command
Traceback (most recent call last):
  File "/var/lib/juju/agents/unit-mysql-2/charm/src/mysql_vm_helpers.py", line 761, in _run_mysqlsh_script
    output = subprocess.check_output(
  File "/usr/lib/python3.10/subprocess.py", line 421, in check_output
    return run(*popenargs, stdout=PIPE, timeout=timeout, check=True,
  File "/usr/lib/python3.10/subprocess.py", line 526, in run
    raise CalledProcessError(retcode, process.args,
subprocess.CalledProcessError: Command '['charmed-mysql.mysqlsh', '--passwords-from-stdin', '--uri=serverconfig@juju-1c4cee-3.lxd:33062', '--python', '-c', "shell.options.set('useWizards', False)\nprint('###')\ncluster = dba.get_cluster('cluster-76cf3c0218c19a0dcda79db0e006871f')\nprint(cluster.status()['defaultReplicaSet']['topology'].get('mysql-2', {}).get('status', 'NOT_A_MEMBER'))"]' returned non-zero exit status 1.
unit-mysql-2: 01:37:04 ERROR unit.mysql/2.juju-log upgrade:1: Failed to execute mysql-shell command
Traceback (most recent call last):
  File "/var/lib/juju/agents/unit-mysql-2/charm/src/mysql_vm_helpers.py", line 761, in _run_mysqlsh_script
    output = subprocess.check_output(
  File "/usr/lib/python3.10/subprocess.py", line 421, in check_output
    return run(*popenargs, stdout=PIPE, timeout=timeout, check=True,
  File "/usr/lib/python3.10/subprocess.py", line 526, in run
    raise CalledProcessError(retcode, process.args,
subprocess.CalledProcessError: Command '['charmed-mysql.mysqlsh', '--passwords-from-stdin', '--uri=serverconfig@juju-1c4cee-3.lxd:33062', '--python', '-c', "shell.options.set('useWizards', False)\nprint('###')\nsession.run_sql('START GROUP_REPLICATION')"]' returned non-zero exit status 1.
unit-mysql-0: 01:37:51 ERROR unit.mysql/0.juju-log upgrade:1: Failed to execute mysql-shell command
Traceback (most recent call last):
  File "/var/lib/juju/agents/unit-mysql-0/charm/src/mysql_vm_helpers.py", line 761, in _run_mysqlsh_script
    output = subprocess.check_output(
  File "/usr/lib/python3.10/subprocess.py", line 421, in check_output
    return run(*popenargs, stdout=PIPE, timeout=timeout, check=True,
  File "/usr/lib/python3.10/subprocess.py", line 526, in run
    raise CalledProcessError(retcode, process.args,
subprocess.CalledProcessError: Command '['charmed-mysql.mysqlsh', '--passwords-from-stdin', '--uri=serverconfig@juju-1c4cee-1.lxd:33062', '--python', '-c', "shell.options.set('useWizards', False)\nprint('###')\ncluster = dba.get_cluster('cluster-76cf3c0218c19a0dcda79db0e006871f')\nprint(cluster.status()['defaultReplicaSet']['topology'].get('mysql-0', {}).get('status', 'NOT_A_MEMBER'))"]' returned non-zero exit status 1.
unit-mysql-0: 01:37:52 ERROR unit.mysql/0.juju-log upgrade:1: Failed to execute mysql-shell command
Traceback (most recent call last):
  File "/var/lib/juju/agents/unit-mysql-0/charm/src/mysql_vm_helpers.py", line 761, in _run_mysqlsh_script
    output = subprocess.check_output(
  File "/usr/lib/python3.10/subprocess.py", line 421, in check_output
    return run(*popenargs, stdout=PIPE, timeout=timeout, check=True,
  File "/usr/lib/python3.10/subprocess.py", line 526, in run
    raise CalledProcessError(retcode, process.args,
subprocess.CalledProcessError: Command '['charmed-mysql.mysqlsh', '--passwords-from-stdin', '--uri=serverconfig@juju-1c4cee-1.lxd:33062', '--python', '-c', "shell.options.set('useWizards', False)\nprint('###')\nsession.run_sql('START GROUP_REPLICATION')"]' returned non-zero exit status 1.
unit-mysql-1: 01:38:38 ERROR unit.mysql/1.juju-log upgrade:1: Failed to execute mysql-shell command
Traceback (most recent call last):
  File "/var/lib/juju/agents/unit-mysql-1/charm/src/mysql_vm_helpers.py", line 761, in _run_mysqlsh_script
    output = subprocess.check_output(
  File "/usr/lib/python3.10/subprocess.py", line 421, in check_output
    return run(*popenargs, stdout=PIPE, timeout=timeout, check=True,
  File "/usr/lib/python3.10/subprocess.py", line 526, in run
    raise CalledProcessError(retcode, process.args,
subprocess.CalledProcessError: Command '['charmed-mysql.mysqlsh', '--passwords-from-stdin', '--uri=serverconfig@juju-1c4cee-2.lxd:33062', '--python', '-c', "shell.options.set('useWizards', False)\nprint('###')\ncluster = dba.get_cluster('cluster-76cf3c0218c19a0dcda79db0e006871f')\nprint(cluster.status()['defaultReplicaSet']['topology'].get('mysql-1', {}).get('status', 'NOT_A_MEMBER'))"]' returned non-zero exit status 1.
unit-mysql-1: 01:38:39 ERROR unit.mysql/1.juju-log upgrade:1: Failed to execute mysql-shell command
Traceback (most recent call last):
  File "/var/lib/juju/agents/unit-mysql-1/charm/src/mysql_vm_helpers.py", line 761, in _run_mysqlsh_script
    output = subprocess.check_output(
  File "/usr/lib/python3.10/subprocess.py", line 421, in check_output
    return run(*popenargs, stdout=PIPE, timeout=timeout, check=True,
  File "/usr/lib/python3.10/subprocess.py", line 526, in run
    raise CalledProcessError(retcode, process.args,
subprocess.CalledProcessError: Command '['charmed-mysql.mysqlsh', '--passwords-from-stdin', '--uri=serverconfig@juju-1c4cee-2.lxd:33062', '--python', '-c', "shell.options.set('useWizards', False)\nprint('###')\nsession.run_sql('START GROUP_REPLICATION')"]' returned non-zero exit status 1.

[32mINFO    [0m pytest_operator.plugin:plugin.py:862 Forgetting main...