[32mINFO    [0m integration.high_availability.test_async_replication:test_async_replication.py:61 Destroying second model
[32mINFO    [0m pytest_operator.plugin:plugin.py:790 Model status:

Model  Controller           Cloud/Region         Version  SLA          Timestamp
test   localhost-localhost  localhost/localhost  3.1.7    unsupported  01:47:51Z

App             Version          Status  Scale  Charm           Channel        Rev  Exposed  Message
db1             8.0.36-0ubun...  active      3  mysql                            0  no       
mysql-router    8.0.36-0ubun...  active      1  mysql-router    dpe/edge       196  no       
mysql-test-app  0.0.2            active      1  mysql-test-app  latest/stable   37  no       

Unit               Workload  Agent      Machine  Public address  Ports           Message
db1/0              active    idle       0        10.12.33.159    3306,33060/tcp  
db1/1*             active    executing  1        10.12.33.243    3306,33060/tcp  Primary
db1/2              active    idle       2        10.12.33.73     3306,33060/tcp  
mysql-test-app/0*  active    idle       3        10.12.33.107                    
  mysql-router/0*  error     idle                10.12.33.107                    hook failed: "update-status"

Machine  State    Address       Inst id        Base          AZ  Message
0        started  10.12.33.159  juju-6ee4da-0  ubuntu@22.04      Running
1        started  10.12.33.243  juju-6ee4da-1  ubuntu@22.04      Running
2        started  10.12.33.73   juju-6ee4da-2  ubuntu@22.04      Running
3        started  10.12.33.107  juju-6ee4da-3  ubuntu@22.04      Running

Offer  Application  Charm  Rev  Connected  Endpoint       Interface          Role
db1    db1          mysql  0    1/1        async-primary  async_replication  provider

[32mINFO    [0m pytest_operator.plugin:plugin.py:796 Juju error logs:

machine-1: 01:33:45 ERROR juju.worker.dependency "lxd-container-provisioner" manifold worker returned unexpected error: container types not yet available
machine-1: 01:33:45 ERROR juju.worker.dependency "broker-tracker" manifold worker returned unexpected error: no container types determined
machine-1: 01:33:45 ERROR juju.worker.dependency "kvm-container-provisioner" manifold worker returned unexpected error: container types not yet available
unit-db1-1: 01:33:45 ERROR juju.worker.meterstatus error running "meter-status-changed": charm missing from disk
machine-2: 01:33:49 ERROR juju.worker.dependency "broker-tracker" manifold worker returned unexpected error: no container types determined
machine-2: 01:33:49 ERROR juju.worker.dependency "kvm-container-provisioner" manifold worker returned unexpected error: container types not yet available
machine-2: 01:33:49 ERROR juju.worker.dependency "lxd-container-provisioner" manifold worker returned unexpected error: container types not yet available
unit-db1-2: 01:33:49 ERROR juju.worker.meterstatus error running "meter-status-changed": charm missing from disk
machine-0: 01:33:51 ERROR juju.worker.dependency "kvm-container-provisioner" manifold worker returned unexpected error: container types not yet available
machine-0: 01:33:51 ERROR juju.worker.dependency "broker-tracker" manifold worker returned unexpected error: no container types determined
machine-0: 01:33:51 ERROR juju.worker.dependency "lxd-container-provisioner" manifold worker returned unexpected error: container types not yet available
unit-db1-0: 01:33:52 ERROR juju.worker.meterstatus error running "meter-status-changed": charm missing from disk
machine-3: 01:40:58 ERROR juju.worker.dependency "broker-tracker" manifold worker returned unexpected error: no container types determined
machine-3: 01:40:58 ERROR juju.worker.dependency "lxd-container-provisioner" manifold worker returned unexpected error: container types not yet available
machine-3: 01:40:58 ERROR juju.worker.dependency "kvm-container-provisioner" manifold worker returned unexpected error: container types not yet available
unit-mysql-test-app-0: 01:40:58 ERROR juju.worker.meterstatus error running "meter-status-changed": charm missing from disk
unit-mysql-router-0: 01:41:06 ERROR juju.worker.meterstatus error running "meter-status-changed": charm missing from disk
unit-mysql-router-0: 01:45:20 ERROR unit.mysql-router/0.juju-log Failed to run MySQL Shell script:
import json
import mysqlsh
import traceback

try:
    shell.connect("relation-10:***@10.12.33.243:3306")
    session.run_sql("DROP USER `mysql_router1_3x7lxjyaaonh`")

except mysqlsh.DBError as exception:
    error = {
        "message": str(exception),
        "code": exception.code,
        "traceback_message": "".join(traceback.format_exception(exception)),
    }
else:
    error = None
with open("/tmp/mysqlsh_error.json", "w") as file:
    json.dump(error, file)

MySQL client error 1290
MySQL Shell traceback:
Traceback (most recent call last):
  File "<string>", line 7, in <module>
mysqlsh.DBError: MySQL Error (1290): ClassicSession.run_sql: The MySQL server is running with the --super-read-only option so it cannot execute this statement

Traceback (most recent call last):
  File "/var/lib/juju/agents/unit-mysql-router-0/charm/src/mysql_shell/__init__.py", line 105, in _run_code
    raise ShellDBError(**exception)
mysql_shell.ShellDBError: MySQL Error (1290): ClassicSession.run_sql: The MySQL server is running with the --super-read-only option so it cannot execute this statement
unit-mysql-router-0: 01:45:20 ERROR unit.mysql-router/0.juju-log Uncaught exception while in charm code:
Traceback (most recent call last):
  File "/var/lib/juju/agents/unit-mysql-router-0/charm/./src/machine_charm.py", line 186, in <module>
    ops.main.main(MachineSubordinateRouterCharm)
  File "/var/lib/juju/agents/unit-mysql-router-0/charm/venv/ops/main.py", line 436, in main
    _emit_charm_event(charm, dispatcher.event_name)
  File "/var/lib/juju/agents/unit-mysql-router-0/charm/venv/ops/main.py", line 144, in _emit_charm_event
    event_to_emit.emit(*args, **kwargs)
  File "/var/lib/juju/agents/unit-mysql-router-0/charm/venv/ops/framework.py", line 351, in emit
    framework._emit(event)
  File "/var/lib/juju/agents/unit-mysql-router-0/charm/venv/ops/framework.py", line 853, in _emit
    self._reemit(event_path)
  File "/var/lib/juju/agents/unit-mysql-router-0/charm/venv/ops/framework.py", line 942, in _reemit
    custom_handler(event)
  File "/var/lib/juju/agents/unit-mysql-router-0/charm/src/abstract_charm.py", line 323, in reconcile
    workload_.reconcile(
  File "/var/lib/juju/agents/unit-mysql-router-0/charm/src/workload.py", line 399, in reconcile
    self._enable_router(event=event, tls=tls, unit_name=unit_name)
  File "/var/lib/juju/agents/unit-mysql-router-0/charm/src/workload.py", line 331, in _enable_router
    self._cleanup_after_upgrade_or_potential_container_restart()
  File "/var/lib/juju/agents/unit-mysql-router-0/charm/src/workload.py", line 230, in _cleanup_after_upgrade_or_potential_container_restart
    self.shell.delete_user(user_info.username)
  File "/var/lib/juju/agents/unit-mysql-router-0/charm/src/mysql_shell/__init__.py", line 214, in delete_user
    self._run_sql([statement])
  File "/var/lib/juju/agents/unit-mysql-router-0/charm/src/mysql_shell/__init__.py", line 119, in _run_sql
    self._run_code(
  File "/var/lib/juju/agents/unit-mysql-router-0/charm/src/mysql_shell/__init__.py", line 105, in _run_code
    raise ShellDBError(**exception)
mysql_shell.ShellDBError: MySQL Error (1290): ClassicSession.run_sql: The MySQL server is running with the --super-read-only option so it cannot execute this statement
unit-mysql-router-0: 01:45:20 ERROR juju.worker.uniter.operation hook "update-status" (via hook dispatching script: dispatch) failed: exit status 1
unit-mysql-router-0: 01:45:27 ERROR unit.mysql-router/0.juju-log Failed to run MySQL Shell script:
import json
import mysqlsh
import traceback

try:
    shell.connect("relation-10:***@10.12.33.243:3306")
    session.run_sql("DROP USER `mysql_router1_3x7lxjyaaonh`")

except mysqlsh.DBError as exception:
    error = {
        "message": str(exception),
        "code": exception.code,
        "traceback_message": "".join(traceback.format_exception(exception)),
    }
else:
    error = None
with open("/tmp/mysqlsh_error.json", "w") as file:
    json.dump(error, file)

MySQL client error 1290
MySQL Shell traceback:
Traceback (most recent call last):
  File "<string>", line 7, in <module>
mysqlsh.DBError: MySQL Error (1290): ClassicSession.run_sql: The MySQL server is running with the --super-read-only option so it cannot execute this statement

Traceback (most recent call last):
  File "/var/lib/juju/agents/unit-mysql-router-0/charm/src/mysql_shell/__init__.py", line 105, in _run_code
    raise ShellDBError(**exception)
mysql_shell.ShellDBError: MySQL Error (1290): ClassicSession.run_sql: The MySQL server is running with the --super-read-only option so it cannot execute this statement
unit-mysql-router-0: 01:45:27 ERROR unit.mysql-router/0.juju-log Uncaught exception while in charm code:
Traceback (most recent call last):
  File "/var/lib/juju/agents/unit-mysql-router-0/charm/./src/machine_charm.py", line 186, in <module>
    ops.main.main(MachineSubordinateRouterCharm)
  File "/var/lib/juju/agents/unit-mysql-router-0/charm/venv/ops/main.py", line 436, in main
    _emit_charm_event(charm, dispatcher.event_name)
  File "/var/lib/juju/agents/unit-mysql-router-0/charm/venv/ops/main.py", line 144, in _emit_charm_event
    event_to_emit.emit(*args, **kwargs)
  File "/var/lib/juju/agents/unit-mysql-router-0/charm/venv/ops/framework.py", line 351, in emit
    framework._emit(event)
  File "/var/lib/juju/agents/unit-mysql-router-0/charm/venv/ops/framework.py", line 853, in _emit
    self._reemit(event_path)
  File "/var/lib/juju/agents/unit-mysql-router-0/charm/venv/ops/framework.py", line 942, in _reemit
    custom_handler(event)
  File "/var/lib/juju/agents/unit-mysql-router-0/charm/src/abstract_charm.py", line 323, in reconcile
    workload_.reconcile(
  File "/var/lib/juju/agents/unit-mysql-router-0/charm/src/workload.py", line 399, in reconcile
    self._enable_router(event=event, tls=tls, unit_name=unit_name)
  File "/var/lib/juju/agents/unit-mysql-router-0/charm/src/workload.py", line 331, in _enable_router
    self._cleanup_after_upgrade_or_potential_container_restart()
  File "/var/lib/juju/agents/unit-mysql-router-0/charm/src/workload.py", line 230, in _cleanup_after_upgrade_or_potential_container_restart
    self.shell.delete_user(user_info.username)
  File "/var/lib/juju/agents/unit-mysql-router-0/charm/src/mysql_shell/__init__.py", line 214, in delete_user
    self._run_sql([statement])
  File "/var/lib/juju/agents/unit-mysql-router-0/charm/src/mysql_shell/__init__.py", line 119, in _run_sql
    self._run_code(
  File "/var/lib/juju/agents/unit-mysql-router-0/charm/src/mysql_shell/__init__.py", line 105, in _run_code
    raise ShellDBError(**exception)
mysql_shell.ShellDBError: MySQL Error (1290): ClassicSession.run_sql: The MySQL server is running with the --super-read-only option so it cannot execute this statement
unit-mysql-router-0: 01:45:27 ERROR juju.worker.uniter.operation hook "update-status" (via hook dispatching script: dispatch) failed: exit status 1
unit-mysql-router-0: 01:45:39 ERROR unit.mysql-router/0.juju-log Failed to run MySQL Shell script:
import json
import mysqlsh
import traceback

try:
    shell.connect("relation-10:***@10.12.33.243:3306")
    session.run_sql("DROP USER `mysql_router1_3x7lxjyaaonh`")

except mysqlsh.DBError as exception:
    error = {
        "message": str(exception),
        "code": exception.code,
        "traceback_message": "".join(traceback.format_exception(exception)),
    }
else:
    error = None
with open("/tmp/mysqlsh_error.json", "w") as file:
    json.dump(error, file)

MySQL client error 1290
MySQL Shell traceback:
Traceback (most recent call last):
  File "<string>", line 7, in <module>
mysqlsh.DBError: MySQL Error (1290): ClassicSession.run_sql: The MySQL server is running with the --super-read-only option so it cannot execute this statement

Traceback (most recent call last):
  File "/var/lib/juju/agents/unit-mysql-router-0/charm/src/mysql_shell/__init__.py", line 105, in _run_code
    raise ShellDBError(**exception)
mysql_shell.ShellDBError: MySQL Error (1290): ClassicSession.run_sql: The MySQL server is running with the --super-read-only option so it cannot execute this statement
unit-mysql-router-0: 01:45:39 ERROR unit.mysql-router/0.juju-log Uncaught exception while in charm code:
Traceback (most recent call last):
  File "/var/lib/juju/agents/unit-mysql-router-0/charm/./src/machine_charm.py", line 186, in <module>
    ops.main.main(MachineSubordinateRouterCharm)
  File "/var/lib/juju/agents/unit-mysql-router-0/charm/venv/ops/main.py", line 436, in main
    _emit_charm_event(charm, dispatcher.event_name)
  File "/var/lib/juju/agents/unit-mysql-router-0/charm/venv/ops/main.py", line 144, in _emit_charm_event
    event_to_emit.emit(*args, **kwargs)
  File "/var/lib/juju/agents/unit-mysql-router-0/charm/venv/ops/framework.py", line 351, in emit
    framework._emit(event)
  File "/var/lib/juju/agents/unit-mysql-router-0/charm/venv/ops/framework.py", line 853, in _emit
    self._reemit(event_path)
  File "/var/lib/juju/agents/unit-mysql-router-0/charm/venv/ops/framework.py", line 942, in _reemit
    custom_handler(event)
  File "/var/lib/juju/agents/unit-mysql-router-0/charm/src/abstract_charm.py", line 323, in reconcile
    workload_.reconcile(
  File "/var/lib/juju/agents/unit-mysql-router-0/charm/src/workload.py", line 399, in reconcile
    self._enable_router(event=event, tls=tls, unit_name=unit_name)
  File "/var/lib/juju/agents/unit-mysql-router-0/charm/src/workload.py", line 331, in _enable_router
    self._cleanup_after_upgrade_or_potential_container_restart()
  File "/var/lib/juju/agents/unit-mysql-router-0/charm/src/workload.py", line 230, in _cleanup_after_upgrade_or_potential_container_restart
    self.shell.delete_user(user_info.username)
  File "/var/lib/juju/agents/unit-mysql-router-0/charm/src/mysql_shell/__init__.py", line 214, in delete_user
    self._run_sql([statement])
  File "/var/lib/juju/agents/unit-mysql-router-0/charm/src/mysql_shell/__init__.py", line 119, in _run_sql
    self._run_code(
  File "/var/lib/juju/agents/unit-mysql-router-0/charm/src/mysql_shell/__init__.py", line 105, in _run_code
    raise ShellDBError(**exception)
mysql_shell.ShellDBError: MySQL Error (1290): ClassicSession.run_sql: The MySQL server is running with the --super-read-only option so it cannot execute this statement
unit-mysql-router-0: 01:45:39 ERROR juju.worker.uniter.operation hook "update-status" (via hook dispatching script: dispatch) failed: exit status 1
unit-mysql-router-0: 01:46:01 ERROR unit.mysql-router/0.juju-log Failed to run MySQL Shell script:
import json
import mysqlsh
import traceback

try:
    shell.connect("relation-10:***@10.12.33.243:3306")
    session.run_sql("DROP USER `mysql_router1_3x7lxjyaaonh`")

except mysqlsh.DBError as exception:
    error = {
        "message": str(exception),
        "code": exception.code,
        "traceback_message": "".join(traceback.format_exception(exception)),
    }
else:
    error = None
with open("/tmp/mysqlsh_error.json", "w") as file:
    json.dump(error, file)

MySQL client error 1290
MySQL Shell traceback:
Traceback (most recent call last):
  File "<string>", line 7, in <module>
mysqlsh.DBError: MySQL Error (1290): ClassicSession.run_sql: The MySQL server is running with the --super-read-only option so it cannot execute this statement

Traceback (most recent call last):
  File "/var/lib/juju/agents/unit-mysql-router-0/charm/src/mysql_shell/__init__.py", line 105, in _run_code
    raise ShellDBError(**exception)
mysql_shell.ShellDBError: MySQL Error (1290): ClassicSession.run_sql: The MySQL server is running with the --super-read-only option so it cannot execute this statement
unit-mysql-router-0: 01:46:01 ERROR unit.mysql-router/0.juju-log Uncaught exception while in charm code:
Traceback (most recent call last):
  File "/var/lib/juju/agents/unit-mysql-router-0/charm/./src/machine_charm.py", line 186, in <module>
    ops.main.main(MachineSubordinateRouterCharm)
  File "/var/lib/juju/agents/unit-mysql-router-0/charm/venv/ops/main.py", line 436, in main
    _emit_charm_event(charm, dispatcher.event_name)
  File "/var/lib/juju/agents/unit-mysql-router-0/charm/venv/ops/main.py", line 144, in _emit_charm_event
    event_to_emit.emit(*args, **kwargs)
  File "/var/lib/juju/agents/unit-mysql-router-0/charm/venv/ops/framework.py", line 351, in emit
    framework._emit(event)
  File "/var/lib/juju/agents/unit-mysql-router-0/charm/venv/ops/framework.py", line 853, in _emit
    self._reemit(event_path)
  File "/var/lib/juju/agents/unit-mysql-router-0/charm/venv/ops/framework.py", line 942, in _reemit
    custom_handler(event)
  File "/var/lib/juju/agents/unit-mysql-router-0/charm/src/abstract_charm.py", line 323, in reconcile
    workload_.reconcile(
  File "/var/lib/juju/agents/unit-mysql-router-0/charm/src/workload.py", line 399, in reconcile
    self._enable_router(event=event, tls=tls, unit_name=unit_name)
  File "/var/lib/juju/agents/unit-mysql-router-0/charm/src/workload.py", line 331, in _enable_router
    self._cleanup_after_upgrade_or_potential_container_restart()
  File "/var/lib/juju/agents/unit-mysql-router-0/charm/src/workload.py", line 230, in _cleanup_after_upgrade_or_potential_container_restart
    self.shell.delete_user(user_info.username)
  File "/var/lib/juju/agents/unit-mysql-router-0/charm/src/mysql_shell/__init__.py", line 214, in delete_user
    self._run_sql([statement])
  File "/var/lib/juju/agents/unit-mysql-router-0/charm/src/mysql_shell/__init__.py", line 119, in _run_sql
    self._run_code(
  File "/var/lib/juju/agents/unit-mysql-router-0/charm/src/mysql_shell/__init__.py", line 105, in _run_code
    raise ShellDBError(**exception)
mysql_shell.ShellDBError: MySQL Error (1290): ClassicSession.run_sql: The MySQL server is running with the --super-read-only option so it cannot execute this statement
unit-mysql-router-0: 01:46:01 ERROR juju.worker.uniter.operation hook "update-status" (via hook dispatching script: dispatch) failed: exit status 1
unit-mysql-router-0: 01:46:42 ERROR unit.mysql-router/0.juju-log Failed to run MySQL Shell script:
import json
import mysqlsh
import traceback

try:
    shell.connect("relation-10:***@10.12.33.243:3306")
    session.run_sql("DROP USER `mysql_router1_3x7lxjyaaonh`")

except mysqlsh.DBError as exception:
    error = {
        "message": str(exception),
        "code": exception.code,
        "traceback_message": "".join(traceback.format_exception(exception)),
    }
else:
    error = None
with open("/tmp/mysqlsh_error.json", "w") as file:
    json.dump(error, file)

MySQL client error 1290
MySQL Shell traceback:
Traceback (most recent call last):
  File "<string>", line 7, in <module>
mysqlsh.DBError: MySQL Error (1290): ClassicSession.run_sql: The MySQL server is running with the --super-read-only option so it cannot execute this statement

Traceback (most recent call last):
  File "/var/lib/juju/agents/unit-mysql-router-0/charm/src/mysql_shell/__init__.py", line 105, in _run_code
    raise ShellDBError(**exception)
mysql_shell.ShellDBError: MySQL Error (1290): ClassicSession.run_sql: The MySQL server is running with the --super-read-only option so it cannot execute this statement
unit-mysql-router-0: 01:46:42 ERROR unit.mysql-router/0.juju-log Uncaught exception while in charm code:
Traceback (most recent call last):
  File "/var/lib/juju/agents/unit-mysql-router-0/charm/./src/machine_charm.py", line 186, in <module>
    ops.main.main(MachineSubordinateRouterCharm)
  File "/var/lib/juju/agents/unit-mysql-router-0/charm/venv/ops/main.py", line 436, in main
    _emit_charm_event(charm, dispatcher.event_name)
  File "/var/lib/juju/agents/unit-mysql-router-0/charm/venv/ops/main.py", line 144, in _emit_charm_event
    event_to_emit.emit(*args, **kwargs)
  File "/var/lib/juju/agents/unit-mysql-router-0/charm/venv/ops/framework.py", line 351, in emit
    framework._emit(event)
  File "/var/lib/juju/agents/unit-mysql-router-0/charm/venv/ops/framework.py", line 853, in _emit
    self._reemit(event_path)
  File "/var/lib/juju/agents/unit-mysql-router-0/charm/venv/ops/framework.py", line 942, in _reemit
    custom_handler(event)
  File "/var/lib/juju/agents/unit-mysql-router-0/charm/src/abstract_charm.py", line 323, in reconcile
    workload_.reconcile(
  File "/var/lib/juju/agents/unit-mysql-router-0/charm/src/workload.py", line 399, in reconcile
    self._enable_router(event=event, tls=tls, unit_name=unit_name)
  File "/var/lib/juju/agents/unit-mysql-router-0/charm/src/workload.py", line 331, in _enable_router
    self._cleanup_after_upgrade_or_potential_container_restart()
  File "/var/lib/juju/agents/unit-mysql-router-0/charm/src/workload.py", line 230, in _cleanup_after_upgrade_or_potential_container_restart
    self.shell.delete_user(user_info.username)
  File "/var/lib/juju/agents/unit-mysql-router-0/charm/src/mysql_shell/__init__.py", line 214, in delete_user
    self._run_sql([statement])
  File "/var/lib/juju/agents/unit-mysql-router-0/charm/src/mysql_shell/__init__.py", line 119, in _run_sql
    self._run_code(
  File "/var/lib/juju/agents/unit-mysql-router-0/charm/src/mysql_shell/__init__.py", line 105, in _run_code
    raise ShellDBError(**exception)
mysql_shell.ShellDBError: MySQL Error (1290): ClassicSession.run_sql: The MySQL server is running with the --super-read-only option so it cannot execute this statement
unit-mysql-router-0: 01:46:42 ERROR juju.worker.uniter.operation hook "update-status" (via hook dispatching script: dispatch) failed: exit status 1
unit-mysql-test-app-0: 01:47:49 ERROR unit.mysql-test-app/0.juju-log Uncaught exception while in charm code:
Traceback (most recent call last):
  File "/var/lib/juju/agents/unit-mysql-test-app-0/charm/venv/mysql/connector/connection_cext.py", line 291, in _open_connection
    self._cmysql.connect(**cnx_kwargs)
_mysql_connector.MySQLInterfaceError: Can't connect to local MySQL server through socket '/var/snap/charmed-mysql/common/run/mysqlrouter/mysql.sock' (2)

The above exception was the direct cause of the following exception:

Traceback (most recent call last):
  File "/var/lib/juju/agents/unit-mysql-test-app-0/charm/./src/charm.py", line 446, in <module>
    main(MySQLTestApplication)
  File "/var/lib/juju/agents/unit-mysql-test-app-0/charm/venv/ops/main.py", line 544, in main
    manager.run()
  File "/var/lib/juju/agents/unit-mysql-test-app-0/charm/venv/ops/main.py", line 520, in run
    self._emit()
  File "/var/lib/juju/agents/unit-mysql-test-app-0/charm/venv/ops/main.py", line 509, in _emit
    _emit_charm_event(self.charm, self.dispatcher.event_name)
  File "/var/lib/juju/agents/unit-mysql-test-app-0/charm/venv/ops/main.py", line 143, in _emit_charm_event
    event_to_emit.emit(*args, **kwargs)
  File "/var/lib/juju/agents/unit-mysql-test-app-0/charm/venv/ops/framework.py", line 350, in emit
    framework._emit(event)
  File "/var/lib/juju/agents/unit-mysql-test-app-0/charm/venv/ops/framework.py", line 849, in _emit
    self._reemit(event_path)
  File "/var/lib/juju/agents/unit-mysql-test-app-0/charm/venv/ops/framework.py", line 939, in _reemit
    custom_handler(event)
  File "/var/lib/juju/agents/unit-mysql-test-app-0/charm/./src/charm.py", line 297, in _on_clear_continuous_writes_action
    with MySQLConnector(self._database_config) as cursor:
  File "/var/lib/juju/agents/unit-mysql-test-app-0/charm/src/connector.py", line 42, in __enter__
    self.connection = mysql.connector.connect(**self.config)
  File "/var/lib/juju/agents/unit-mysql-test-app-0/charm/venv/mysql/connector/pooling.py", line 293, in connect
    return CMySQLConnection(*args, **kwargs)
  File "/var/lib/juju/agents/unit-mysql-test-app-0/charm/venv/mysql/connector/connection_cext.py", line 120, in __init__
    self.connect(**kwargs)
  File "/var/lib/juju/agents/unit-mysql-test-app-0/charm/venv/mysql/connector/abstracts.py", line 1181, in connect
    self._open_connection()
  File "/var/lib/juju/agents/unit-mysql-test-app-0/charm/venv/mysql/connector/connection_cext.py", line 296, in _open_connection
    raise get_mysql_exception(
mysql.connector.errors.InterfaceError: 2002 (HY000): Can't connect to local MySQL server through socket '/var/snap/charmed-mysql/common/run/mysqlrouter/mysql.sock' (2)

[32mINFO    [0m pytest_operator.plugin:plugin.py:862 Forgetting main...