{"uid":"f5790f8263a4750f","name":"test_ubuntu_pro","fullName":"tests.integration.test_subordinate_charms#test_ubuntu_pro","historyId":"1e8deab76f63fed2306bdfd9c8bb38a7","time":{"start":1744162190140,"stop":1744162192566,"duration":2426},"status":"broken","statusMessage":"juju.errors.JujuError: base \"ubuntu@22.04/stable\" is not supported, supported bases are: ubuntu@24.04","statusTrace":"Traceback (most recent call last):\n  File \"/root/spread_project/.tox/integration/lib/python3.12/site-packages/_pytest/runner.py\", line 341, in from_call\n    result: Optional[TResult] = func()\n                                ^^^^^^\n  File \"/root/spread_project/.tox/integration/lib/python3.12/site-packages/_pytest/runner.py\", line 262, in <lambda>\n    lambda: ihook(item=item, **kwds), when=when, reraise=reraise\n            ^^^^^^^^^^^^^^^^^^^^^^^^\n  File \"/root/spread_project/.tox/integration/lib/python3.12/site-packages/pluggy/_hooks.py\", line 433, in __call__\n    return self._hookexec(self.name, self._hookimpls, kwargs, firstresult)\n           ^^^^^^^^^^^^^^^^^^^^^^^^^^^^^^^^^^^^^^^^^^^^^^^^^^^^^^^^^^^^^^^\n  File \"/root/spread_project/.tox/integration/lib/python3.12/site-packages/pluggy/_manager.py\", line 112, in _hookexec\n    return self._inner_hookexec(hook_name, methods, kwargs, firstresult)\n           ^^^^^^^^^^^^^^^^^^^^^^^^^^^^^^^^^^^^^^^^^^^^^^^^^^^^^^^^^^^^^\n  File \"/root/spread_project/.tox/integration/lib/python3.12/site-packages/pluggy/_callers.py\", line 155, in _multicall\n    return outcome.get_result()\n           ^^^^^^^^^^^^^^^^^^^^\n  File \"/root/spread_project/.tox/integration/lib/python3.12/site-packages/pluggy/_result.py\", line 108, in get_result\n    raise exc.with_traceback(exc.__traceback__)\n  File \"/root/spread_project/.tox/integration/lib/python3.12/site-packages/pluggy/_callers.py\", line 80, in _multicall\n    res = hook_impl.function(*args)\n          ^^^^^^^^^^^^^^^^^^^^^^^^^\n  File \"/root/spread_project/.tox/integration/lib/python3.12/site-packages/_pytest/runner.py\", line 177, in pytest_runtest_call\n    raise e\n  File \"/root/spread_project/.tox/integration/lib/python3.12/site-packages/_pytest/runner.py\", line 169, in pytest_runtest_call\n    item.runtest()\n  File \"/root/spread_project/.tox/integration/lib/python3.12/site-packages/_pytest/python.py\", line 1792, in runtest\n    self.ihook.pytest_pyfunc_call(pyfuncitem=self)\n  File \"/root/spread_project/.tox/integration/lib/python3.12/site-packages/pluggy/_hooks.py\", line 433, in __call__\n    return self._hookexec(self.name, self._hookimpls, kwargs, firstresult)\n           ^^^^^^^^^^^^^^^^^^^^^^^^^^^^^^^^^^^^^^^^^^^^^^^^^^^^^^^^^^^^^^^\n  File \"/root/spread_project/.tox/integration/lib/python3.12/site-packages/pluggy/_manager.py\", line 112, in _hookexec\n    return self._inner_hookexec(hook_name, methods, kwargs, firstresult)\n           ^^^^^^^^^^^^^^^^^^^^^^^^^^^^^^^^^^^^^^^^^^^^^^^^^^^^^^^^^^^^^\n  File \"/root/spread_project/.tox/integration/lib/python3.12/site-packages/pluggy/_callers.py\", line 155, in _multicall\n    return outcome.get_result()\n           ^^^^^^^^^^^^^^^^^^^^\n  File \"/root/spread_project/.tox/integration/lib/python3.12/site-packages/pluggy/_result.py\", line 108, in get_result\n    raise exc.with_traceback(exc.__traceback__)\n  File \"/root/spread_project/.tox/integration/lib/python3.12/site-packages/pluggy/_callers.py\", line 80, in _multicall\n    res = hook_impl.function(*args)\n          ^^^^^^^^^^^^^^^^^^^^^^^^^\n  File \"/root/spread_project/.tox/integration/lib/python3.12/site-packages/_pytest/python.py\", line 194, in pytest_pyfunc_call\n    result = testfunction(**testargs)\n             ^^^^^^^^^^^^^^^^^^^^^^^^\n  File \"/root/spread_project/.tox/integration/lib/python3.12/site-packages/pytest_asyncio/plugin.py\", line 532, in inner\n    _loop.run_until_complete(task)\n  File \"/usr/lib/python3.12/asyncio/base_events.py\", line 687, in run_until_complete\n    return future.result()\n           ^^^^^^^^^^^^^^^\n  File \"/root/spread_project/tests/integration/test_subordinate_charms.py\", line 16, in test_ubuntu_pro\n    await asyncio.gather(\n  File \"/root/spread_project/.tox/integration/lib/python3.12/site-packages/juju/model.py\", line 1982, in deploy\n    return await self._deploy(\n           ^^^^^^^^^^^^^^^^^^^\n  File \"/root/spread_project/.tox/integration/lib/python3.12/site-packages/juju/model.py\", line 2359, in _deploy\n    raise JujuError(\"\\n\".join(errors))\njuju.errors.JujuError: base \"ubuntu@22.04/stable\" is not supported, supported bases are: ubuntu@24.04","flaky":false,"newFailed":false,"newBroken":false,"newPassed":false,"retriesCount":1,"retriesStatusChange":true,"beforeStages":[{"name":"event_loop","time":{"start":1744162190007,"stop":1744162190008,"duration":1},"status":"passed","steps":[],"attachments":[],"parameters":[],"shouldDisplayMessage":false,"stepsCount":0,"attachmentsCount":0,"hasContent":false,"attachmentStep":false},{"name":"tmp_path_factory","time":{"start":1744162190008,"stop":1744162190008,"duration":0},"status":"passed","steps":[],"attachments":[],"parameters":[],"shouldDisplayMessage":false,"stepsCount":0,"attachmentsCount":0,"hasContent":false,"attachmentStep":false},{"name":"ops_test","time":{"start":1744162190008,"stop":1744162190139,"duration":131},"status":"passed","steps":[],"attachments":[],"parameters":[],"shouldDisplayMessage":false,"stepsCount":0,"attachmentsCount":0,"hasContent":false,"attachmentStep":false},{"name":"charm","time":{"start":1744162190008,"stop":1744162190008,"duration":0},"status":"passed","steps":[],"attachments":[],"parameters":[],"shouldDisplayMessage":false,"stepsCount":0,"attachmentsCount":0,"hasContent":false,"attachmentStep":false},{"name":"abort_on_fail","time":{"start":1744162190140,"stop":1744162190140,"duration":0},"status":"passed","steps":[],"attachments":[],"parameters":[],"shouldDisplayMessage":false,"stepsCount":0,"attachmentsCount":0,"hasContent":false,"attachmentStep":false}],"testStage":{"status":"broken","statusMessage":"juju.errors.JujuError: base \"ubuntu@22.04/stable\" is not supported, supported bases are: ubuntu@24.04","statusTrace":"Traceback (most recent call last):\n  File \"/root/spread_project/.tox/integration/lib/python3.12/site-packages/_pytest/runner.py\", line 341, in from_call\n    result: Optional[TResult] = func()\n                                ^^^^^^\n  File \"/root/spread_project/.tox/integration/lib/python3.12/site-packages/_pytest/runner.py\", line 262, in <lambda>\n    lambda: ihook(item=item, **kwds), when=when, reraise=reraise\n            ^^^^^^^^^^^^^^^^^^^^^^^^\n  File \"/root/spread_project/.tox/integration/lib/python3.12/site-packages/pluggy/_hooks.py\", line 433, in __call__\n    return self._hookexec(self.name, self._hookimpls, kwargs, firstresult)\n           ^^^^^^^^^^^^^^^^^^^^^^^^^^^^^^^^^^^^^^^^^^^^^^^^^^^^^^^^^^^^^^^\n  File \"/root/spread_project/.tox/integration/lib/python3.12/site-packages/pluggy/_manager.py\", line 112, in _hookexec\n    return self._inner_hookexec(hook_name, methods, kwargs, firstresult)\n           ^^^^^^^^^^^^^^^^^^^^^^^^^^^^^^^^^^^^^^^^^^^^^^^^^^^^^^^^^^^^^\n  File \"/root/spread_project/.tox/integration/lib/python3.12/site-packages/pluggy/_callers.py\", line 155, in _multicall\n    return outcome.get_result()\n           ^^^^^^^^^^^^^^^^^^^^\n  File \"/root/spread_project/.tox/integration/lib/python3.12/site-packages/pluggy/_result.py\", line 108, in get_result\n    raise exc.with_traceback(exc.__traceback__)\n  File \"/root/spread_project/.tox/integration/lib/python3.12/site-packages/pluggy/_callers.py\", line 80, in _multicall\n    res = hook_impl.function(*args)\n          ^^^^^^^^^^^^^^^^^^^^^^^^^\n  File \"/root/spread_project/.tox/integration/lib/python3.12/site-packages/_pytest/runner.py\", line 177, in pytest_runtest_call\n    raise e\n  File \"/root/spread_project/.tox/integration/lib/python3.12/site-packages/_pytest/runner.py\", line 169, in pytest_runtest_call\n    item.runtest()\n  File \"/root/spread_project/.tox/integration/lib/python3.12/site-packages/_pytest/python.py\", line 1792, in runtest\n    self.ihook.pytest_pyfunc_call(pyfuncitem=self)\n  File \"/root/spread_project/.tox/integration/lib/python3.12/site-packages/pluggy/_hooks.py\", line 433, in __call__\n    return self._hookexec(self.name, self._hookimpls, kwargs, firstresult)\n           ^^^^^^^^^^^^^^^^^^^^^^^^^^^^^^^^^^^^^^^^^^^^^^^^^^^^^^^^^^^^^^^\n  File \"/root/spread_project/.tox/integration/lib/python3.12/site-packages/pluggy/_manager.py\", line 112, in _hookexec\n    return self._inner_hookexec(hook_name, methods, kwargs, firstresult)\n           ^^^^^^^^^^^^^^^^^^^^^^^^^^^^^^^^^^^^^^^^^^^^^^^^^^^^^^^^^^^^^\n  File \"/root/spread_project/.tox/integration/lib/python3.12/site-packages/pluggy/_callers.py\", line 155, in _multicall\n    return outcome.get_result()\n           ^^^^^^^^^^^^^^^^^^^^\n  File \"/root/spread_project/.tox/integration/lib/python3.12/site-packages/pluggy/_result.py\", line 108, in get_result\n    raise exc.with_traceback(exc.__traceback__)\n  File \"/root/spread_project/.tox/integration/lib/python3.12/site-packages/pluggy/_callers.py\", line 80, in _multicall\n    res = hook_impl.function(*args)\n          ^^^^^^^^^^^^^^^^^^^^^^^^^\n  File \"/root/spread_project/.tox/integration/lib/python3.12/site-packages/_pytest/python.py\", line 194, in pytest_pyfunc_call\n    result = testfunction(**testargs)\n             ^^^^^^^^^^^^^^^^^^^^^^^^\n  File \"/root/spread_project/.tox/integration/lib/python3.12/site-packages/pytest_asyncio/plugin.py\", line 532, in inner\n    _loop.run_until_complete(task)\n  File \"/usr/lib/python3.12/asyncio/base_events.py\", line 687, in run_until_complete\n    return future.result()\n           ^^^^^^^^^^^^^^^\n  File \"/root/spread_project/tests/integration/test_subordinate_charms.py\", line 16, in test_ubuntu_pro\n    await asyncio.gather(\n  File \"/root/spread_project/.tox/integration/lib/python3.12/site-packages/juju/model.py\", line 1982, in deploy\n    return await self._deploy(\n           ^^^^^^^^^^^^^^^^^^^\n  File \"/root/spread_project/.tox/integration/lib/python3.12/site-packages/juju/model.py\", line 2359, in _deploy\n    raise JujuError(\"\\n\".join(errors))\njuju.errors.JujuError: base \"ubuntu@22.04/stable\" is not supported, supported bases are: ubuntu@24.04","steps":[],"attachments":[{"uid":"af396e666e028930","name":"log","source":"af396e666e028930.txt","type":"text/plain","size":417}],"parameters":[],"shouldDisplayMessage":true,"stepsCount":0,"attachmentsCount":1,"hasContent":true,"attachmentStep":false},"afterStages":[{"name":"abort_on_fail::0","time":{"start":1744162192610,"stop":1744162192610,"duration":0},"status":"passed","steps":[],"attachments":[],"parameters":[],"shouldDisplayMessage":false,"stepsCount":0,"attachmentsCount":0,"hasContent":false,"attachmentStep":false},{"name":"ops_test::finalizer","time":{"start":1744162195178,"stop":1744162195489,"duration":311},"status":"passed","steps":[],"attachments":[],"parameters":[],"shouldDisplayMessage":false,"stepsCount":0,"attachmentsCount":0,"hasContent":false,"attachmentStep":false},{"name":"event_loop::2","time":{"start":1744162195490,"stop":1744162195490,"duration":0},"status":"passed","steps":[],"attachments":[],"parameters":[],"shouldDisplayMessage":false,"stepsCount":0,"attachmentsCount":0,"hasContent":false,"attachmentStep":false},{"name":"event_loop::_close_event_loop","time":{"start":1744162195490,"stop":1744162195490,"duration":0},"status":"passed","steps":[],"attachments":[],"parameters":[],"shouldDisplayMessage":false,"stepsCount":0,"attachmentsCount":0,"hasContent":false,"attachmentStep":false},{"name":"event_loop::_provide_clean_event_loop","time":{"start":1744162195490,"stop":1744162195490,"duration":0},"status":"passed","steps":[],"attachments":[],"parameters":[],"shouldDisplayMessage":false,"stepsCount":0,"attachmentsCount":0,"hasContent":false,"attachmentStep":false}],"labels":[{"name":"tag","value":"asyncio"},{"name":"parentSuite","value":"tests.integration"},{"name":"suite","value":"test_subordinate_charms"},{"name":"host","value":"fv-az2029-252"},{"name":"thread","value":"14697-MainThread"},{"name":"framework","value":"pytest"},{"name":"language","value":"cpython3"},{"name":"package","value":"tests.integration.test_subordinate_charms"},{"name":"resultFormat","value":"allure2"}],"parameters":[],"links":[],"hidden":false,"retry":false,"extra":{"severity":"normal","retries":[{"uid":"b45663e8adf4d875","status":"unknown","time":{}}],"categories":[{"name":"Test defects","matchedStatuses":[]}],"history":{"statistic":{"failed":0,"broken":8,"skipped":0,"passed":290,"unknown":5,"total":303},"items":[{"uid":"7d9373a0456fb56f","reportUrl":"../3702//#testresult/7d9373a0456fb56f","status":"broken","statusDetails":"juju.errors.JujuError: base \"ubuntu@22.04/stable\" is not supported, supported bases are: ubuntu@24.04","time":{"start":1744075962307,"stop":1744075964674,"duration":2367}},{"uid":"8d63549b91660211","reportUrl":"../3698//#testresult/8d63549b91660211","status":"broken","statusDetails":"juju.errors.JujuError: base \"ubuntu@22.04/stable\" is not supported, supported bases are: ubuntu@24.04","time":{"start":1743989393780,"stop":1743989396188,"duration":2408}},{"uid":"aec1804c00dd1866","reportUrl":"../3697//#testresult/aec1804c00dd1866","status":"broken","statusDetails":"juju.errors.JujuError: base \"ubuntu@22.04/stable\" is not supported, supported bases are: ubuntu@24.04","time":{"start":1743902954479,"stop":1743902956851,"duration":2372}},{"uid":"84239877ec06eb51","reportUrl":"../3696//#testresult/84239877ec06eb51","status":"broken","statusDetails":"juju.errors.JujuError: base \"ubuntu@22.04/stable\" is not supported, supported bases are: ubuntu@24.04","time":{"start":1743816561333,"stop":1743816564135,"duration":2802}},{"uid":"f5300767fb9f4de9","reportUrl":"../3695//#testresult/f5300767fb9f4de9","status":"passed","time":{"start":1743730215561,"stop":1743730460742,"duration":245181}},{"uid":"adb17a3061bbb1ad","reportUrl":"../3693//#testresult/adb17a3061bbb1ad","status":"passed","time":{"start":1743643845087,"stop":1743644081023,"duration":235936}},{"uid":"92096d03bec53e87","reportUrl":"../3692//#testresult/92096d03bec53e87","status":"passed","time":{"start":1743557445743,"stop":1743557659845,"duration":214102}},{"uid":"97e6d3a51ea92443","reportUrl":"../3691//#testresult/97e6d3a51ea92443","status":"passed","time":{"start":1743471261264,"stop":1743471470733,"duration":209469}},{"uid":"ffc2c8a80fd4e917","reportUrl":"../3686//#testresult/ffc2c8a80fd4e917","status":"passed","time":{"start":1743384615461,"stop":1743384824824,"duration":209363}},{"uid":"fcd012903dbac4b","reportUrl":"../3685//#testresult/fcd012903dbac4b","status":"passed","time":{"start":1743298171926,"stop":1743298400165,"duration":228239}},{"uid":"4cb37450e133637b","reportUrl":"../3684//#testresult/4cb37450e133637b","status":"passed","time":{"start":1743211744610,"stop":1743211953563,"duration":208953}},{"uid":"3ff8fd2cfc05a4f","reportUrl":"../3681//#testresult/3ff8fd2cfc05a4f","status":"passed","time":{"start":1743125434079,"stop":1743125659551,"duration":225472}},{"uid":"5d519c11f34f7fd8","reportUrl":"../3680//#testresult/5d519c11f34f7fd8","status":"passed","time":{"start":1743038999278,"stop":1743039263609,"duration":264331}},{"uid":"28ad9cfdd6942b54","reportUrl":"../3677//#testresult/28ad9cfdd6942b54","status":"passed","time":{"start":1742952621789,"stop":1742952868182,"duration":246393}},{"uid":"ad351e4dac285f3a","reportUrl":"../3672//#testresult/ad351e4dac285f3a","status":"passed","time":{"start":1742866710548,"stop":1742866950509,"duration":239961}},{"uid":"b83fa67e7b979c5d","reportUrl":"../3671//#testresult/b83fa67e7b979c5d","status":"passed","time":{"start":1742779822736,"stop":1742780064948,"duration":242212}},{"uid":"e1cb68cb37ad1f1b","reportUrl":"../3670//#testresult/e1cb68cb37ad1f1b","status":"passed","time":{"start":1742693411851,"stop":1742693660354,"duration":248503}},{"uid":"f45675db7104ef6c","reportUrl":"../3669//#testresult/f45675db7104ef6c","status":"passed","time":{"start":1742607002066,"stop":1742607273144,"duration":271078}},{"uid":"81f1b4827270e155","reportUrl":"../3668//#testresult/81f1b4827270e155","status":"passed","time":{"start":1742520594665,"stop":1742520827558,"duration":232893}},{"uid":"4cb5a9ca240e0d89","reportUrl":"../3665//#testresult/4cb5a9ca240e0d89","status":"passed","time":{"start":1742434206257,"stop":1742434460261,"duration":254004}}]},"tags":["asyncio"]},"source":"f5790f8263a4750f.json","parameterValues":[]}