[32mINFO    [0m integration.high_availability.test_async_replication:test_async_replication.py:60 Destroying second model
[32mINFO    [0m pytest_operator.plugin:plugin.py:862 Model status:

Model    Controller     Cloud/Region         Version  SLA          Timestamp
testing  concierge-lxd  localhost/localhost  3.6.2    unsupported  01:46:04Z

App             Version          Status  Scale  Charm           Channel      Rev  Exposed  Message
db1             8.0.41-0ubun...  active      3  mysql                          0  no       
mysql-router    8.0.41-0ubun...  active      1  mysql-router    dpe/edge     330  no       
mysql-test-app  0.0.2            active      1  mysql-test-app  latest/edge   65  no       

Unit               Workload  Agent      Machine  Public address  Ports           Message
db1/0*             active    executing  0        10.230.168.23   3306,33060/tcp  Primary
db1/1              active    executing  1        10.230.168.97   3306,33060/tcp  
db1/2              active    executing  2        10.230.168.83                   
mysql-test-app/0*  active    idle       3        10.230.168.120                  
  mysql-router/0*  active    idle                10.230.168.120                  

Machine  State    Address         Inst id        Base          AZ  Message
0        started  10.230.168.23   juju-5286c1-0  ubuntu@22.04      Running
1        started  10.230.168.97   juju-5286c1-1  ubuntu@22.04      Running
2        started  10.230.168.83   juju-5286c1-2  ubuntu@22.04      Running
3        started  10.230.168.120  juju-5286c1-3  ubuntu@22.04      Running

Offer  Application  Charm  Rev  Connected  Endpoint           Interface    Role
db1    db1          mysql  0    1/1        replication-offer  mysql_async  provider

[32mINFO    [0m pytest_operator.plugin:plugin.py:868 Juju error logs:

machine-0: 01:31:30 ERROR juju.worker.dependency "kvm-container-provisioner" manifold worker returned unexpected error: container types not yet available
machine-0: 01:31:30 ERROR juju.worker.dependency "lxd-container-provisioner" manifold worker returned unexpected error: container types not yet available
unit-db1-0: 01:31:30 ERROR juju.worker.meterstatus error running "meter-status-changed": charm missing from disk
machine-2: 01:34:47 ERROR juju.worker.dependency "lxd-container-provisioner" manifold worker returned unexpected error: container types not yet available
machine-2: 01:34:47 ERROR juju.worker.dependency "kvm-container-provisioner" manifold worker returned unexpected error: container types not yet available
unit-db1-2: 01:34:48 ERROR juju.worker.meterstatus error running "meter-status-changed": charm missing from disk
machine-1: 01:34:57 ERROR juju.worker.dependency "lxd-container-provisioner" manifold worker returned unexpected error: container types not yet available
machine-1: 01:34:57 ERROR juju.worker.dependency "kvm-container-provisioner" manifold worker returned unexpected error: container types not yet available
unit-db1-1: 01:34:57 ERROR juju.worker.meterstatus error running "meter-status-changed": charm missing from disk
machine-3: 01:42:42 ERROR juju.worker.dependency "kvm-container-provisioner" manifold worker returned unexpected error: container types not yet available
machine-3: 01:42:42 ERROR juju.worker.dependency "lxd-container-provisioner" manifold worker returned unexpected error: container types not yet available
unit-mysql-test-app-0: 01:42:42 ERROR juju.worker.meterstatus error running "meter-status-changed": charm missing from disk
unit-mysql-router-0: 01:42:46 ERROR juju.worker.meterstatus error running "meter-status-changed": exit status 1
unit-mysql-test-app-0: 01:44:48 ERROR unit.mysql-test-app/0.juju-log Unable to query the database
Traceback (most recent call last):
  File "/var/lib/juju/agents/unit-mysql-test-app-0/charm/venv/lib/python3.10/site-packages/mysql/connector/connection_cext.py", line 611, in cmd_query
    self._cmysql.query(
_mysql_connector.MySQLInterfaceError: Table 'continuous_writes_database.data' doesn't exist

The above exception was the direct cause of the following exception:

Traceback (most recent call last):
  File "/var/lib/juju/agents/unit-mysql-test-app-0/charm/src/charm.py", line 229, in _stop_continuous_writes
    last_written_value = self._max_written_value()
  File "/var/lib/juju/agents/unit-mysql-test-app-0/charm/src/charm.py", line 241, in _max_written_value
    cursor.execute(
  File "/var/lib/juju/agents/unit-mysql-test-app-0/charm/venv/lib/python3.10/site-packages/mysql/connector/cursor_cext.py", line 330, in execute
    result = self._cnx.cmd_query(
  File "/var/lib/juju/agents/unit-mysql-test-app-0/charm/venv/lib/python3.10/site-packages/mysql/connector/connection_cext.py", line 619, in cmd_query
    raise get_mysql_exception(
mysql.connector.errors.ProgrammingError: 1146 (42S02): Table 'continuous_writes_database.data' doesn't exist

The above exception was the direct cause of the following exception:

Traceback (most recent call last):
  File "/var/lib/juju/agents/unit-mysql-test-app-0/charm/src/charm.py", line 227, in _stop_continuous_writes
    for attempt in Retrying(stop=stop_after_delay(60), wait=wait_fixed(5)):
  File "/var/lib/juju/agents/unit-mysql-test-app-0/charm/venv/lib/python3.10/site-packages/tenacity/__init__.py", line 443, in __iter__
    do = self.iter(retry_state=retry_state)
  File "/var/lib/juju/agents/unit-mysql-test-app-0/charm/venv/lib/python3.10/site-packages/tenacity/__init__.py", line 376, in iter
    result = action(retry_state)
  File "/var/lib/juju/agents/unit-mysql-test-app-0/charm/venv/lib/python3.10/site-packages/tenacity/__init__.py", line 419, in exc_check
    raise retry_exc from fut.exception()
tenacity.RetryError: RetryError[<Future at 0x7f73ae7c2ad0 state=finished raised ProgrammingError>]
unit-mysql-test-app-0: 01:45:51 ERROR unit.mysql-test-app/0.juju-log Unable to query the database
Traceback (most recent call last):
  File "/var/lib/juju/agents/unit-mysql-test-app-0/charm/venv/lib/python3.10/site-packages/mysql/connector/connection_cext.py", line 611, in cmd_query
    self._cmysql.query(
_mysql_connector.MySQLInterfaceError: Table 'continuous_writes_database.data' doesn't exist

The above exception was the direct cause of the following exception:

Traceback (most recent call last):
  File "/var/lib/juju/agents/unit-mysql-test-app-0/charm/src/charm.py", line 229, in _stop_continuous_writes
    last_written_value = self._max_written_value()
  File "/var/lib/juju/agents/unit-mysql-test-app-0/charm/src/charm.py", line 241, in _max_written_value
    cursor.execute(
  File "/var/lib/juju/agents/unit-mysql-test-app-0/charm/venv/lib/python3.10/site-packages/mysql/connector/cursor_cext.py", line 330, in execute
    result = self._cnx.cmd_query(
  File "/var/lib/juju/agents/unit-mysql-test-app-0/charm/venv/lib/python3.10/site-packages/mysql/connector/connection_cext.py", line 619, in cmd_query
    raise get_mysql_exception(
mysql.connector.errors.ProgrammingError: 1146 (42S02): Table 'continuous_writes_database.data' doesn't exist

The above exception was the direct cause of the following exception:

Traceback (most recent call last):
  File "/var/lib/juju/agents/unit-mysql-test-app-0/charm/src/charm.py", line 227, in _stop_continuous_writes
    for attempt in Retrying(stop=stop_after_delay(60), wait=wait_fixed(5)):
  File "/var/lib/juju/agents/unit-mysql-test-app-0/charm/venv/lib/python3.10/site-packages/tenacity/__init__.py", line 443, in __iter__
    do = self.iter(retry_state=retry_state)
  File "/var/lib/juju/agents/unit-mysql-test-app-0/charm/venv/lib/python3.10/site-packages/tenacity/__init__.py", line 376, in iter
    result = action(retry_state)
  File "/var/lib/juju/agents/unit-mysql-test-app-0/charm/venv/lib/python3.10/site-packages/tenacity/__init__.py", line 419, in exc_check
    raise retry_exc from fut.exception()
tenacity.RetryError: RetryError[<Future at 0x7f04a1bfa7d0 state=finished raised ProgrammingError>]

[32mINFO    [0m pytest_operator.plugin:plugin.py:947 Forgetting model main...