[32mINFO    [0m integration.high_availability.conftest:conftest.py:29 Clearing continuous writes
[32mINFO    [0m integration.high_availability.conftest:conftest.py:32 Starting continuous writes
[32mINFO    [0m integration.high_availability.test_upgrade_rollback_incompat:test_upgrade_rollback_incompat.py:164 Get leader unit
[32mINFO    [0m integration.high_availability.test_upgrade_rollback_incompat:test_upgrade_rollback_incompat.py:170 Run pre-upgrade-check action
[32mINFO    [0m integration.high_availability.test_upgrade_rollback_incompat:test_upgrade_rollback_incompat.py:174 Refresh with previous charm
[32mINFO    [0m integration.high_availability.test_upgrade_rollback_incompat:test_upgrade_rollback_incompat.py:177 Wait for upgrade to start
[32mINFO    [0m juju.model:model.py:3211 Waiting for model:
  mysql/0 [idle] blocked: ready to rollback application
  mysql/1 [idle] waiting: other units upgrading first...
  mysql/2 [idle] blocked: upgrade failed. Check logs for rollback instruction
[32mINFO    [0m juju.model:model.py:3211 Waiting for model:
  mysql/0 [idle] waiting: other units upgrading first...
  mysql/1 [idle] waiting: other units upgrading first...
  mysql/2 [executing] maintenance: starting services...
[32mINFO    [0m juju.model:model.py:3211 Waiting for model:
  mysql/0 [idle] waiting: other units upgrading first...
  mysql/1 [idle] waiting: other units upgrading first...
  mysql/2 [executing] maintenance: starting services...
[32mINFO    [0m juju.model:model.py:3211 Waiting for model:
  mysql/0 [idle] waiting: other units upgrading first...
  mysql/1 [idle] waiting: other units upgrading first...
  mysql/2 [executing] maintenance: starting services...
[32mINFO    [0m juju.model:model.py:3211 Waiting for model:
  mysql/0 [idle] waiting: other units upgrading first...
  mysql/1 [idle] waiting: other units upgrading first...
  mysql/2 [executing] maintenance: starting services...
[32mINFO    [0m juju.model:model.py:3211 Waiting for model:
  mysql/0 [idle] waiting: other units upgrading first...
  mysql/1 [idle] waiting: other units upgrading first...
  mysql/2 [executing] maintenance: starting services...
[32mINFO    [0m juju.model:model.py:3211 Waiting for model:
  mysql/0 [idle] waiting: other units upgrading first...
  mysql/1 [idle] waiting: other units upgrading first...
  mysql/2 [executing] maintenance: joining the cluster
[32mINFO    [0m juju.model:model.py:3211 Waiting for model:
  mysql/0 [idle] waiting: other units upgrading first...
  mysql/1 [executing] maintenance: starting services...
  mysql/2 [idle] maintenance: upgrade completed
[32mINFO    [0m juju.model:model.py:3211 Waiting for model:
  mysql/0 [idle] active: 
  mysql/1 [idle] active: 
  mysql/2 [executing] active: 
[32mINFO    [0m juju.model:model.py:3211 Waiting for model:
  mysql/2 [executing] active: 
[32mINFO    [0m juju.model:model.py:3211 Waiting for model:
  mysql/0 [idle] active: 
  mysql/1 [idle] active: 
  mysql/2 [executing] active: 
[32mINFO    [0m juju.model:model.py:3211 Waiting for model:
  mysql/2 [executing] active: 
[32mINFO    [0m juju.model:model.py:3211 Waiting for model:
  mysql/0 [idle] active: 
  mysql/1 [idle] active: 
  mysql/2 [idle] active: 
[32mINFO    [0m integration.high_availability.test_upgrade_rollback_incompat:test_upgrade_rollback_incompat.py:184 Ensure rollback has taken place
[32mINFO    [0m integration.high_availability.test_upgrade_rollback_incompat:test_upgrade_rollback_incompat.py:204 Ensure continuous_writes after rollback procedure
[32mINFO    [0m integration.high_availability.high_availability_helpers:high_availability_helpers.py:341 Ensure continuous writes are incrementing
[32mINFO    [0m integration.helpers:helpers.py:483 Retrieving primary unit
[32mINFO    [0m integration.high_availability.high_availability_helpers:high_availability_helpers.py:366 max_written_value=678 on unit mysql/0
[32mINFO    [0m integration.high_availability.high_availability_helpers:high_availability_helpers.py:366 max_written_value=678 on unit mysql/1
[32mINFO    [0m integration.high_availability.high_availability_helpers:high_availability_helpers.py:366 max_written_value=698 on unit mysql/1
[32mINFO    [0m integration.high_availability.high_availability_helpers:high_availability_helpers.py:366 max_written_value=698 on unit mysql/2
[32mINFO    [0m integration.high_availability.high_availability_helpers:high_availability_helpers.py:366 max_written_value=717 on unit mysql/2
[32mINFO    [0m integration.high_availability.conftest:conftest.py:37 Clearing continuous writes
[32mINFO    [0m pytest_operator.plugin:plugin.py:862 Model status:

Model    Controller     Cloud/Region         Version  SLA          Timestamp
testing  concierge-lxd  localhost/localhost  3.6.8    unsupported  02:16:44Z

App             Version          Status  Scale  Charm           Channel      Rev  Exposed  Message
mysql           8.0.34-0ubun...  active      3  mysql                          1  no       
mysql-test-app  0.0.2            active      1  mysql-test-app  latest/edge   82  no       Last written value=712

Unit               Workload  Agent  Machine  Public address  Ports           Message
mysql-test-app/0*  active    idle   3        10.150.75.168                   Last written value=712
mysql/0*           active    idle   0        10.150.75.96    3306,33060/tcp  
mysql/1            active    idle   1        10.150.75.121   3306,33060/tcp  
mysql/2            active    idle   2        10.150.75.159   3306,33060/tcp  

Machine  State    Address        Inst id        Base          AZ  Message
0        started  10.150.75.96   juju-4f56ed-0  ubuntu@22.04      Running
1        started  10.150.75.121  juju-4f56ed-1  ubuntu@22.04      Running
2        started  10.150.75.159  juju-4f56ed-2  ubuntu@22.04      Running
3        started  10.150.75.168  juju-4f56ed-3  ubuntu@22.04      Running

[32mINFO    [0m pytest_operator.plugin:plugin.py:868 Juju error logs:

machine-0: 02:03:22 ERROR juju.worker.dependency "kvm-container-provisioner" manifold worker returned unexpected error: container types not yet available
machine-0: 02:03:22 ERROR juju.worker.dependency "lxd-container-provisioner" manifold worker returned unexpected error: container types not yet available
unit-mysql-0: 02:03:22 ERROR juju.worker.meterstatus error running "meter-status-changed": charm missing from disk
unit-mysql-0: 02:05:09 ERROR unit.mysql/0.juju-log database-peers:2: Failed to reconcile binlogs collection during peer relation event
machine-3: 02:05:14 ERROR juju.worker.dependency "kvm-container-provisioner" manifold worker returned unexpected error: container types not yet available
machine-3: 02:05:14 ERROR juju.worker.dependency "lxd-container-provisioner" manifold worker returned unexpected error: container types not yet available
unit-mysql-test-app-0: 02:05:14 ERROR juju.worker.meterstatus error running "meter-status-changed": charm missing from disk
machine-2: 02:05:28 ERROR juju.worker.dependency "kvm-container-provisioner" manifold worker returned unexpected error: container types not yet available
machine-2: 02:05:28 ERROR juju.worker.dependency "lxd-container-provisioner" manifold worker returned unexpected error: container types not yet available
unit-mysql-2: 02:05:28 ERROR juju.worker.meterstatus error running "meter-status-changed": charm missing from disk
machine-1: 02:05:42 ERROR juju.worker.dependency "kvm-container-provisioner" manifold worker returned unexpected error: container types not yet available
machine-1: 02:05:42 ERROR juju.worker.dependency "lxd-container-provisioner" manifold worker returned unexpected error: container types not yet available
unit-mysql-1: 02:05:42 ERROR juju.worker.meterstatus error running "meter-status-changed": charm missing from disk
unit-mysql-0: 02:06:08 ERROR unit.mysql/0.juju-log database-peers:2: Failed to reconcile binlogs collection during peer relation event
unit-mysql-0: 02:06:26 ERROR unit.mysql/0.juju-log database-peers:2: Failed to reconcile binlogs collection during peer relation event
unit-mysql-2: 02:06:26 ERROR unit.mysql/2.juju-log database-peers:2: Failed to reconcile binlogs collection during peer relation event
unit-mysql-0: 02:06:28 ERROR unit.mysql/0.juju-log database-peers:2: Failed to reconcile binlogs collection during peer relation event
unit-mysql-0: 02:06:39 ERROR unit.mysql/0.juju-log database-peers:2: Failed to reconcile binlogs collection during peer relation event
unit-mysql-1: 02:06:46 ERROR unit.mysql/1.juju-log database-peers:2: Failed to reconcile binlogs collection during peer relation event
unit-mysql-0: 02:06:47 ERROR unit.mysql/0.juju-log database-peers:2: Failed to reconcile binlogs collection during peer relation event
unit-mysql-2: 02:06:49 ERROR unit.mysql/2.juju-log database-peers:2: Failed to reconcile binlogs collection during peer relation event
unit-mysql-0: 02:06:51 ERROR unit.mysql/0.juju-log database-peers:2: Failed to reconcile binlogs collection during peer relation event
unit-mysql-0: 02:06:52 ERROR unit.mysql/0.juju-log database-peers:2: Failed to reconcile binlogs collection during peer relation event
unit-mysql-2: 02:06:53 ERROR unit.mysql/2.juju-log database-peers:2: Failed to reconcile binlogs collection during peer relation event
unit-mysql-1: 02:07:14 ERROR unit.mysql/1.juju-log database-peers:2: Failed to reconcile binlogs collection during peer relation event
unit-mysql-0: 02:07:15 ERROR unit.mysql/0.juju-log database-peers:2: Failed to reconcile binlogs collection during peer relation event
unit-mysql-2: 02:07:15 ERROR unit.mysql/2.juju-log database-peers:2: Failed to reconcile binlogs collection during peer relation event
unit-mysql-0: 02:07:17 ERROR unit.mysql/0.juju-log database-peers:2: Failed to reconcile binlogs collection during peer relation event
unit-mysql-2: 02:07:17 ERROR unit.mysql/2.juju-log database-peers:2: Failed to reconcile binlogs collection during peer relation event
unit-mysql-1: 02:07:20 ERROR unit.mysql/1.juju-log database-peers:2: Failed to reconcile binlogs collection during peer relation event
unit-mysql-2: 02:09:32 CRITICAL unit.mysql/2.juju-log upgrade:0: Upgrade failed, follow the instructions below to rollback:
    1. Re-run `pre-upgrade-check` action on the leader unit to enter 'recovery' state
    2. Run `juju refresh` to the previously deployed charm revision or local charm file
unit-mysql-2: 02:12:36 ERROR unit.mysql/2.juju-log upgrade:0: Failed to start mysqld
Traceback (most recent call last):
  File "/var/lib/juju/agents/unit-mysql-2/charm/src/mysql_vm_helpers.py", line 682, in start_mysqld
    self.wait_until_mysql_connection()
  File "/var/lib/juju/agents/unit-mysql-2/charm/lib/charms/tempo_coordinator_k8s/v0/charm_tracing.py", line 1065, in wrapped_function
    return callable(*args, **kwargs)  # type: ignore
  File "/var/lib/juju/agents/unit-mysql-2/charm/venv/lib/python3.10/site-packages/tenacity/__init__.py", line 289, in wrapped_f
    return self(f, *args, **kw)
  File "/var/lib/juju/agents/unit-mysql-2/charm/venv/lib/python3.10/site-packages/tenacity/__init__.py", line 379, in __call__
    do = self.iter(retry_state=retry_state)
  File "/var/lib/juju/agents/unit-mysql-2/charm/venv/lib/python3.10/site-packages/tenacity/__init__.py", line 325, in iter
    raise retry_exc.reraise()
  File "/var/lib/juju/agents/unit-mysql-2/charm/venv/lib/python3.10/site-packages/tenacity/__init__.py", line 158, in reraise
    raise self.last_attempt.result()
  File "/usr/lib/python3.10/concurrent/futures/_base.py", line 451, in result
    return self.__get_result()
  File "/usr/lib/python3.10/concurrent/futures/_base.py", line 403, in __get_result
    raise self._exception
  File "/var/lib/juju/agents/unit-mysql-2/charm/venv/lib/python3.10/site-packages/tenacity/__init__.py", line 382, in __call__
    result = fn(*args, **kwargs)
  File "/var/lib/juju/agents/unit-mysql-2/charm/src/mysql_vm_helpers.py", line 437, in wait_until_mysql_connection
    raise MySQLServiceNotRunningError("MySQL socket file not found")
charms.mysql.v0.mysql.MySQLServiceNotRunningError: MySQL socket file not found
unit-mysql-2: 02:12:40 ERROR unit.mysql/2.juju-log upgrade:0: Failed to uninstall MySQL on attempt=1
Traceback (most recent call last):
  File "/var/lib/juju/agents/unit-mysql-2/charm/src/mysql_vm_helpers.py", line 682, in start_mysqld
    self.wait_until_mysql_connection()
  File "/var/lib/juju/agents/unit-mysql-2/charm/lib/charms/tempo_coordinator_k8s/v0/charm_tracing.py", line 1065, in wrapped_function
    return callable(*args, **kwargs)  # type: ignore
  File "/var/lib/juju/agents/unit-mysql-2/charm/venv/lib/python3.10/site-packages/tenacity/__init__.py", line 289, in wrapped_f
    return self(f, *args, **kw)
  File "/var/lib/juju/agents/unit-mysql-2/charm/venv/lib/python3.10/site-packages/tenacity/__init__.py", line 379, in __call__
    do = self.iter(retry_state=retry_state)
  File "/var/lib/juju/agents/unit-mysql-2/charm/venv/lib/python3.10/site-packages/tenacity/__init__.py", line 325, in iter
    raise retry_exc.reraise()
  File "/var/lib/juju/agents/unit-mysql-2/charm/venv/lib/python3.10/site-packages/tenacity/__init__.py", line 158, in reraise
    raise self.last_attempt.result()
  File "/usr/lib/python3.10/concurrent/futures/_base.py", line 451, in result
    return self.__get_result()
  File "/usr/lib/python3.10/concurrent/futures/_base.py", line 403, in __get_result
    raise self._exception
  File "/var/lib/juju/agents/unit-mysql-2/charm/venv/lib/python3.10/site-packages/tenacity/__init__.py", line 382, in __call__
    result = fn(*args, **kwargs)
  File "/var/lib/juju/agents/unit-mysql-2/charm/src/mysql_vm_helpers.py", line 437, in wait_until_mysql_connection
    raise MySQLServiceNotRunningError("MySQL socket file not found")
charms.mysql.v0.mysql.MySQLServiceNotRunningError: MySQL socket file not found

The above exception was the direct cause of the following exception:

Traceback (most recent call last):
  File "/var/lib/juju/agents/unit-mysql-2/charm/src/upgrade.py", line 196, in _on_upgrade_granted
    self.charm._mysql.start_mysqld()
  File "/var/lib/juju/agents/unit-mysql-2/charm/lib/charms/tempo_coordinator_k8s/v0/charm_tracing.py", line 1065, in wrapped_function
    return callable(*args, **kwargs)  # type: ignore
  File "/var/lib/juju/agents/unit-mysql-2/charm/src/mysql_vm_helpers.py", line 690, in start_mysqld
    raise MySQLStartMySQLDError(e.message) from e
charms.mysql.v0.mysql.MySQLStartMySQLDError: MySQL socket file not found

During handling of the above exception, another exception occurred:

Traceback (most recent call last):
  File "/var/lib/juju/agents/unit-mysql-2/charm/src/mysql_vm_helpers.py", line 243, in uninstall_mysql
    subprocess.run(["/usr/bin/snap", "remove", "charmed-mysql"], check=True)
  File "/usr/lib/python3.10/subprocess.py", line 526, in run
    raise CalledProcessError(retcode, process.args,
subprocess.CalledProcessError: Command '['/usr/bin/snap', 'remove', 'charmed-mysql']' returned non-zero exit status 1.
unit-mysql-1: 02:14:13 ERROR unit.mysql/1.juju-log database-peers:2: Failed to reconcile binlogs collection during peer relation event
unit-mysql-2: 02:16:01 ERROR unit.mysql/2.juju-log database-peers:2: Failed to reconcile binlogs collection during peer relation event

[32mINFO    [0m pytest_operator.plugin:plugin.py:947 Forgetting model main...