[33mWARNING [0m juju.client.connection:connection.py:858 unexpected facade SSHServer received from the controller
[32mINFO    [0m pytest_operator.plugin:plugin.py:734 Connecting to existing model concierge-lxd:testing on unspecified cloud
[33mWARNING [0m juju.client.connection:connection.py:858 unexpected facade SSHServer received from the controller
[33mWARNING [0m juju.client.connection:connection.py:858 unexpected facade SSHSession received from the controller
[33mWARNING [0m juju.client.connection:connection.py:858 unexpected facade SSHTunneler received from the controller
[33mWARNING [0m juju.client.connection:connection.py:858 unexpected facade SSHServer received from the controller
[32mINFO    [0m integration.high_availability.conftest:conftest.py:48 Deploying mysql and scaling to 3 units
[32mINFO    [0m juju.model:model.py:2284 Deploying local:mysql-0
[32mINFO    [0m juju.model:model.py:3211 Waiting for model:
  mysql/0 [allocating] waiting: waiting for machine
  mysql/1 [allocating] waiting: waiting for machine
  mysql/2 [allocating] waiting: waiting for machine
[32mINFO    [0m juju.model:model.py:3211 Waiting for model:
  mysql/0 [allocating] waiting: waiting for machine
  mysql/1 [allocating] waiting: waiting for machine
  mysql/2 [allocating] waiting: waiting for machine
[32mINFO    [0m juju.model:model.py:3211 Waiting for model:
  mysql/0 [allocating] waiting: waiting for machine
  mysql/1 [allocating] waiting: waiting for machine
  mysql/2 [allocating] waiting: waiting for machine
[32mINFO    [0m juju.model:model.py:3211 Waiting for model:
  mysql/0 [allocating] waiting: waiting for machine
  mysql/1 [allocating] waiting: waiting for machine
  mysql/2 [allocating] waiting: waiting for machine
[32mINFO    [0m juju.model:model.py:3211 Waiting for model:
  mysql/0 [executing] maintenance: Installing MySQL
  mysql/1 [allocating] waiting: waiting for machine
  mysql/2 [allocating] waiting: waiting for machine
[32mINFO    [0m juju.model:model.py:3211 Waiting for model:
  mysql/0 [executing] waiting: Waiting to start MySQL
  mysql/1 [allocating] waiting: waiting for machine
  mysql/2 [allocating] waiting: waiting for machine
[32mINFO    [0m juju.model:model.py:3211 Waiting for model:
  mysql/0 [executing] active: Primary
  mysql/1 [allocating] waiting: installing agent
  mysql/2 [allocating] waiting: waiting for machine
[32mINFO    [0m juju.model:model.py:3211 Waiting for model:
  mysql/1 [executing] maintenance: Installing MySQL
  mysql/2 [executing] maintenance: Installing MySQL
[32mINFO    [0m juju.model:model.py:3211 Waiting for model:
  mysql/0 [idle] active: Primary
  mysql/1 [executing] waiting: Waiting to join the cluster
  mysql/2 [executing] maintenance: Setting up cluster node
[32mINFO    [0m juju.model:model.py:3211 Waiting for model:
  mysql/0 [executing] active: Primary
  mysql/1 [executing] active: 
  mysql/2 [executing] waiting: waiting to join the cluster.
[32mINFO    [0m juju.model:model.py:3211 Waiting for model:
  mysql/0 [idle] active: Primary
  mysql/1 [idle] active: 
  mysql/2 [executing] active: 
[32mINFO    [0m integration.high_availability.conftest:conftest.py:51 Deploying mysql-test-app
[32mINFO    [0m juju.model:model.py:2284 Deploying ch:amd64/jammy/mysql-test-app-85
[32mINFO    [0m juju.model:model.py:3211 Waiting for model:
  mysql-test-app/0 [allocating] waiting: waiting for machine
[32mINFO    [0m juju.model:model.py:3211 Waiting for model:
  mysql-test-app/0 [allocating] waiting: waiting for machine
[32mINFO    [0m juju.model:model.py:3211 Waiting for model:
  mysql-test-app/0 [allocating] waiting: waiting for machine
[32mINFO    [0m juju.model:model.py:3211 Waiting for model:
  mysql-test-app/0 [idle] waiting: 
[32mINFO    [0m integration.high_availability.conftest:conftest.py:54 Relating mysql with mysql-test-app
[33mWARNING [0m juju.model:model.py:1666 relate is deprecated and will be removed. Use integrate instead.
[32mINFO    [0m juju.model:model.py:3211 Waiting for model:
  mysql/0 [idle] active: Primary
  mysql/1 [idle] active: 
  mysql/2 [idle] active: 
  mysql-test-app/0 [idle] waiting: 
[32mINFO    [0m integration.high_availability.conftest:conftest.py:29 Clearing continuous writes
[32mINFO    [0m integration.high_availability.conftest:conftest.py:32 Starting continuous writes
[32mINFO    [0m integration.high_availability.high_availability_helpers:high_availability_helpers.py:342 Ensure continuous writes are incrementing
[32mINFO    [0m integration.helpers:helpers.py:483 Retrieving primary unit
[32mINFO    [0m integration.high_availability.high_availability_helpers:high_availability_helpers.py:367 max_written_value=8 on unit mysql/0
[32mINFO    [0m integration.high_availability.high_availability_helpers:high_availability_helpers.py:367 max_written_value=28 on unit mysql/0
[32mINFO    [0m integration.high_availability.high_availability_helpers:high_availability_helpers.py:367 max_written_value=28 on unit mysql/1
[32mINFO    [0m integration.high_availability.high_availability_helpers:high_availability_helpers.py:367 max_written_value=47 on unit mysql/1
[32mINFO    [0m integration.high_availability.high_availability_helpers:high_availability_helpers.py:367 max_written_value=48 on unit mysql/2
[32mINFO    [0m integration.helpers:helpers.py:483 Retrieving primary unit
[32mINFO    [0m integration.high_availability.test_self_healing_process_frozen:test_self_healing_process_frozen.py:50 Freezing process id 5614
[32mINFO    [0m integration.high_availability.test_self_healing_process_frozen:test_self_healing_process_frozen.py:53 Get cluster admin password
[32mINFO    [0m integration.high_availability.test_self_healing_process_frozen:test_self_healing_process_frozen.py:61 Verifying that connection to host 10.218.29.183 is not possible
[32mINFO    [0m integration.high_availability.test_self_healing_process_frozen:test_self_healing_process_frozen.py:65 Unfreezing process id 5614
[32mINFO    [0m integration.high_availability.test_self_healing_process_frozen:test_self_healing_process_frozen.py:69 Verifying that connection to host 10.218.29.183 is possible
[32mINFO    [0m integration.high_availability.high_availability_helpers:high_availability_helpers.py:342 Ensure continuous writes are incrementing
[32mINFO    [0m integration.helpers:helpers.py:483 Retrieving primary unit
[32mINFO    [0m integration.high_availability.high_availability_helpers:high_availability_helpers.py:367 max_written_value=59 on unit mysql/0
[32mINFO    [0m integration.high_availability.high_availability_helpers:high_availability_helpers.py:367 max_written_value=59 on unit mysql/0
[32mINFO    [0m integration.high_availability.high_availability_helpers:high_availability_helpers.py:367 max_written_value=64 on unit mysql/0
[32mINFO    [0m integration.high_availability.high_availability_helpers:high_availability_helpers.py:367 max_written_value=64 on unit mysql/1
[32mINFO    [0m integration.high_availability.high_availability_helpers:high_availability_helpers.py:367 max_written_value=83 on unit mysql/1
[32mINFO    [0m integration.high_availability.high_availability_helpers:high_availability_helpers.py:367 max_written_value=84 on unit mysql/2
[32mINFO    [0m integration.helpers:helpers.py:483 Retrieving primary unit
[32mINFO    [0m integration.helpers:helpers.py:483 Retrieving primary unit
[32mINFO    [0m integration.high_availability.conftest:conftest.py:37 Clearing continuous writes
[32mINFO    [0m pytest_operator.plugin:plugin.py:862 Model status:

Model    Controller     Cloud/Region         Version  SLA          Timestamp
testing  concierge-lxd  localhost/localhost  3.6.9    unsupported  02:08:05Z

App             Version          Status  Scale  Charm           Channel      Rev  Exposed  Message
mysql           8.0.42-0ubun...  active      3  mysql                          0  no       
mysql-test-app  0.0.2            active      1  mysql-test-app  latest/edge   85  no       Last written value=76

Unit               Workload  Agent      Machine  Public address  Ports           Message
mysql-test-app/0*  active    idle       3        10.218.29.247                   Last written value=76
mysql/0*           active    executing  0        10.218.29.183   3306,33060/tcp  
mysql/1            active    executing  1        10.218.29.178   3306,33060/tcp  Primary
mysql/2            active    executing  2        10.218.29.226   3306,33060/tcp  

Machine  State    Address        Inst id        Base          AZ             Message
0        started  10.218.29.183  juju-3846b2-0  ubuntu@22.04  runnervmwhb2z  Running
1        started  10.218.29.178  juju-3846b2-1  ubuntu@22.04  runnervmwhb2z  Running
2        started  10.218.29.226  juju-3846b2-2  ubuntu@22.04  runnervmwhb2z  Running
3        started  10.218.29.247  juju-3846b2-3  ubuntu@22.04  runnervmwhb2z  Running

[32mINFO    [0m pytest_operator.plugin:plugin.py:868 Juju error logs:

machine-0: 01:59:51 ERROR juju.worker.dependency "kvm-container-provisioner" manifold worker returned unexpected error: container types not yet available
machine-0: 01:59:51 ERROR juju.worker.dependency "lxd-container-provisioner" manifold worker returned unexpected error: container types not yet available
unit-mysql-0: 01:59:51 ERROR juju.worker.meterstatus error running "meter-status-changed": charm missing from disk
machine-1: 02:01:13 ERROR juju.worker.dependency "kvm-container-provisioner" manifold worker returned unexpected error: container types not yet available
machine-1: 02:01:13 ERROR juju.worker.dependency "lxd-container-provisioner" manifold worker returned unexpected error: container types not yet available
unit-mysql-1: 02:01:13 ERROR juju.worker.meterstatus error running "meter-status-changed": charm missing from disk
machine-2: 02:01:22 ERROR juju.worker.dependency "kvm-container-provisioner" manifold worker returned unexpected error: container types not yet available
machine-2: 02:01:22 ERROR juju.worker.dependency "lxd-container-provisioner" manifold worker returned unexpected error: container types not yet available
unit-mysql-2: 02:01:22 ERROR juju.worker.meterstatus error running "meter-status-changed": charm missing from disk
machine-3: 02:04:50 ERROR juju.worker.dependency "lxd-container-provisioner" manifold worker returned unexpected error: container types not yet available
machine-3: 02:04:50 ERROR juju.worker.dependency "kvm-container-provisioner" manifold worker returned unexpected error: container types not yet available
unit-mysql-test-app-0: 02:04:50 ERROR juju.worker.meterstatus error running "meter-status-changed": charm missing from disk
unit-mysql-0: 02:07:08 ERROR unit.mysql/0.juju-log Uncaught exception while in charm code:
Traceback (most recent call last):
  File "/var/lib/juju/agents/unit-mysql-0/charm/src/mysql_vm_helpers.py", line 865, in _run_mysqlcli_script
    stdout = process.readlines()
  File "/var/lib/juju/agents/unit-mysql-0/charm/venv/lib/python3.10/site-packages/pexpect/spawnbase.py", line 509, in readlines
    line = self.readline()
  File "/var/lib/juju/agents/unit-mysql-0/charm/venv/lib/python3.10/site-packages/pexpect/spawnbase.py", line 488, in readline
    index = self.expect([self.crlf, self.delimiter])
  File "/var/lib/juju/agents/unit-mysql-0/charm/venv/lib/python3.10/site-packages/pexpect/spawnbase.py", line 354, in expect
    return self.expect_list(compiled_pattern_list,
  File "/var/lib/juju/agents/unit-mysql-0/charm/venv/lib/python3.10/site-packages/pexpect/spawnbase.py", line 383, in expect_list
    return exp.expect_loop(timeout)
  File "/var/lib/juju/agents/unit-mysql-0/charm/venv/lib/python3.10/site-packages/pexpect/expect.py", line 181, in expect_loop
    return self.timeout(e)
  File "/var/lib/juju/agents/unit-mysql-0/charm/venv/lib/python3.10/site-packages/pexpect/expect.py", line 144, in timeout
    raise exc
pexpect.exceptions.TIMEOUT: Timeout exceeded.
<pexpect.pty_spawn.spawn object at 0x7f063ff20df0>
command: /snap/bin/charmed-mysql.mysql
args: [b'/snap/bin/charmed-mysql.mysql', b'-u', b'root', b'-p', b'-N', b'-B', b'--socket=/var/snap/charmed-mysql/common/var/run/mysqld/mysqld.sock', b'-e', b"SELECT cluster_name FROM mysql_innodb_cluster_metadata.clusters WHERE EXISTS (SELECT * FROM information_schema.schemata WHERE schema_name = 'mysql_innodb_cluster_metadata')"]
buffer (last 100 chars): ''
before (last 100 chars): ''
after: <class 'pexpect.exceptions.TIMEOUT'>
match: None
match_index: None
exitstatus: None
flag_eof: False
pid: 14364
child_fd: 7
closed: False
timeout: 60
delimiter: <class 'pexpect.exceptions.EOF'>
logfile: None
logfile_read: None
logfile_send: None
maxread: 2000
ignorecase: False
searchwindowsize: None
delaybeforesend: 0.05
delayafterclose: 0.1
delayafterterminate: 0.1
searcher: searcher_re:
    0: re.compile('\r\n')
    1: EOF

The above exception was the direct cause of the following exception:

Traceback (most recent call last):
  File "/var/lib/juju/agents/unit-mysql-0/charm/src/charm.py", line 1021, in <module>
    main(MySQLOperatorCharm)
  File "/var/lib/juju/agents/unit-mysql-0/charm/venv/lib/python3.10/site-packages/ops/main.py", line 551, in main
    manager.run()
  File "/var/lib/juju/agents/unit-mysql-0/charm/venv/lib/python3.10/site-packages/ops/main.py", line 530, in run
    self._emit()
  File "/var/lib/juju/agents/unit-mysql-0/charm/venv/lib/python3.10/site-packages/ops/main.py", line 519, in _emit
    _emit_charm_event(self.charm, self.dispatcher.event_name)
  File "/var/lib/juju/agents/unit-mysql-0/charm/venv/lib/python3.10/site-packages/ops/main.py", line 147, in _emit_charm_event
    event_to_emit.emit(*args, **kwargs)
  File "/var/lib/juju/agents/unit-mysql-0/charm/venv/lib/python3.10/site-packages/ops/framework.py", line 348, in emit
    framework._emit(event)
  File "/var/lib/juju/agents/unit-mysql-0/charm/venv/lib/python3.10/site-packages/ops/framework.py", line 860, in _emit
    self._reemit(event_path)
  File "/var/lib/juju/agents/unit-mysql-0/charm/venv/lib/python3.10/site-packages/ops/framework.py", line 950, in _reemit
    custom_handler(event)
  File "/var/lib/juju/agents/unit-mysql-0/charm/lib/charms/tempo_coordinator_k8s/v0/charm_tracing.py", line 1065, in wrapped_function
    return callable(*args, **kwargs)  # type: ignore
  File "/var/lib/juju/agents/unit-mysql-0/charm/src/flush_mysql_logs.py", line 47, in _flush_mysql_logs
    or not self.charm.unit_initialized()
  File "/var/lib/juju/agents/unit-mysql-0/charm/lib/charms/tempo_coordinator_k8s/v0/charm_tracing.py", line 1065, in wrapped_function
    return callable(*args, **kwargs)  # type: ignore
  File "/var/lib/juju/agents/unit-mysql-0/charm/lib/charms/mysql/v0/mysql.py", line 870, in unit_initialized
    return self._mysql.cluster_metadata_exists()
  File "/var/lib/juju/agents/unit-mysql-0/charm/lib/charms/tempo_coordinator_k8s/v0/charm_tracing.py", line 1065, in wrapped_function
    return callable(*args, **kwargs)  # type: ignore
  File "/var/lib/juju/agents/unit-mysql-0/charm/lib/charms/mysql/v0/mysql.py", line 2047, in cluster_metadata_exists
    output = self._run_mysqlcli_script(
  File "/var/lib/juju/agents/unit-mysql-0/charm/lib/charms/tempo_coordinator_k8s/v0/charm_tracing.py", line 1065, in wrapped_function
    return callable(*args, **kwargs)  # type: ignore
  File "/var/lib/juju/agents/unit-mysql-0/charm/src/mysql_vm_helpers.py", line 887, in _run_mysqlcli_script
    raise TimeoutError from e
TimeoutError

[32mINFO    [0m pytest_operator.plugin:plugin.py:947 Forgetting model main...