{"uid":"80521cf43edc6a3b","name":"test_ubuntu_pro","fullName":"tests.integration.test_subordinate_charms#test_ubuntu_pro","historyId":"1e8deab76f63fed2306bdfd9c8bb38a7","time":{"start":1745285389975,"stop":1745285392526,"duration":2551},"status":"broken","statusMessage":"juju.errors.JujuError: base \"ubuntu@22.04/stable\" is not supported, supported bases are: ubuntu@24.04","statusTrace":"Traceback (most recent call last):\n  File \"/root/spread_project/.tox/integration/lib/python3.12/site-packages/_pytest/runner.py\", line 341, in from_call\n    result: Optional[TResult] = func()\n                                ^^^^^^\n  File \"/root/spread_project/.tox/integration/lib/python3.12/site-packages/_pytest/runner.py\", line 262, in <lambda>\n    lambda: ihook(item=item, **kwds), when=when, reraise=reraise\n            ^^^^^^^^^^^^^^^^^^^^^^^^\n  File \"/root/spread_project/.tox/integration/lib/python3.12/site-packages/pluggy/_hooks.py\", line 433, in __call__\n    return self._hookexec(self.name, self._hookimpls, kwargs, firstresult)\n           ^^^^^^^^^^^^^^^^^^^^^^^^^^^^^^^^^^^^^^^^^^^^^^^^^^^^^^^^^^^^^^^\n  File \"/root/spread_project/.tox/integration/lib/python3.12/site-packages/pluggy/_manager.py\", line 112, in _hookexec\n    return self._inner_hookexec(hook_name, methods, kwargs, firstresult)\n           ^^^^^^^^^^^^^^^^^^^^^^^^^^^^^^^^^^^^^^^^^^^^^^^^^^^^^^^^^^^^^\n  File \"/root/spread_project/.tox/integration/lib/python3.12/site-packages/pluggy/_callers.py\", line 155, in _multicall\n    return outcome.get_result()\n           ^^^^^^^^^^^^^^^^^^^^\n  File \"/root/spread_project/.tox/integration/lib/python3.12/site-packages/pluggy/_result.py\", line 108, in get_result\n    raise exc.with_traceback(exc.__traceback__)\n  File \"/root/spread_project/.tox/integration/lib/python3.12/site-packages/pluggy/_callers.py\", line 80, in _multicall\n    res = hook_impl.function(*args)\n          ^^^^^^^^^^^^^^^^^^^^^^^^^\n  File \"/root/spread_project/.tox/integration/lib/python3.12/site-packages/_pytest/runner.py\", line 177, in pytest_runtest_call\n    raise e\n  File \"/root/spread_project/.tox/integration/lib/python3.12/site-packages/_pytest/runner.py\", line 169, in pytest_runtest_call\n    item.runtest()\n  File \"/root/spread_project/.tox/integration/lib/python3.12/site-packages/_pytest/python.py\", line 1792, in runtest\n    self.ihook.pytest_pyfunc_call(pyfuncitem=self)\n  File \"/root/spread_project/.tox/integration/lib/python3.12/site-packages/pluggy/_hooks.py\", line 433, in __call__\n    return self._hookexec(self.name, self._hookimpls, kwargs, firstresult)\n           ^^^^^^^^^^^^^^^^^^^^^^^^^^^^^^^^^^^^^^^^^^^^^^^^^^^^^^^^^^^^^^^\n  File \"/root/spread_project/.tox/integration/lib/python3.12/site-packages/pluggy/_manager.py\", line 112, in _hookexec\n    return self._inner_hookexec(hook_name, methods, kwargs, firstresult)\n           ^^^^^^^^^^^^^^^^^^^^^^^^^^^^^^^^^^^^^^^^^^^^^^^^^^^^^^^^^^^^^\n  File \"/root/spread_project/.tox/integration/lib/python3.12/site-packages/pluggy/_callers.py\", line 155, in _multicall\n    return outcome.get_result()\n           ^^^^^^^^^^^^^^^^^^^^\n  File \"/root/spread_project/.tox/integration/lib/python3.12/site-packages/pluggy/_result.py\", line 108, in get_result\n    raise exc.with_traceback(exc.__traceback__)\n  File \"/root/spread_project/.tox/integration/lib/python3.12/site-packages/pluggy/_callers.py\", line 80, in _multicall\n    res = hook_impl.function(*args)\n          ^^^^^^^^^^^^^^^^^^^^^^^^^\n  File \"/root/spread_project/.tox/integration/lib/python3.12/site-packages/_pytest/python.py\", line 194, in pytest_pyfunc_call\n    result = testfunction(**testargs)\n             ^^^^^^^^^^^^^^^^^^^^^^^^\n  File \"/root/spread_project/.tox/integration/lib/python3.12/site-packages/pytest_asyncio/plugin.py\", line 532, in inner\n    _loop.run_until_complete(task)\n  File \"/usr/lib/python3.12/asyncio/base_events.py\", line 687, in run_until_complete\n    return future.result()\n           ^^^^^^^^^^^^^^^\n  File \"/root/spread_project/tests/integration/test_subordinate_charms.py\", line 16, in test_ubuntu_pro\n    await asyncio.gather(\n  File \"/root/spread_project/.tox/integration/lib/python3.12/site-packages/juju/model.py\", line 1982, in deploy\n    return await self._deploy(\n           ^^^^^^^^^^^^^^^^^^^\n  File \"/root/spread_project/.tox/integration/lib/python3.12/site-packages/juju/model.py\", line 2359, in _deploy\n    raise JujuError(\"\\n\".join(errors))\njuju.errors.JujuError: base \"ubuntu@22.04/stable\" is not supported, supported bases are: ubuntu@24.04","flaky":false,"newFailed":false,"newBroken":false,"newPassed":false,"retriesCount":1,"retriesStatusChange":true,"beforeStages":[{"name":"event_loop","time":{"start":1745285389852,"stop":1745285389853,"duration":1},"status":"passed","steps":[],"attachments":[],"parameters":[],"shouldDisplayMessage":false,"stepsCount":0,"attachmentsCount":0,"hasContent":false,"attachmentStep":false},{"name":"tmp_path_factory","time":{"start":1745285389853,"stop":1745285389853,"duration":0},"status":"passed","steps":[],"attachments":[],"parameters":[],"shouldDisplayMessage":false,"stepsCount":0,"attachmentsCount":0,"hasContent":false,"attachmentStep":false},{"name":"ops_test","time":{"start":1745285389853,"stop":1745285389975,"duration":122},"status":"passed","steps":[],"attachments":[],"parameters":[],"shouldDisplayMessage":false,"stepsCount":0,"attachmentsCount":0,"hasContent":false,"attachmentStep":false},{"name":"charm","time":{"start":1745285389853,"stop":1745285389853,"duration":0},"status":"passed","steps":[],"attachments":[],"parameters":[],"shouldDisplayMessage":false,"stepsCount":0,"attachmentsCount":0,"hasContent":false,"attachmentStep":false},{"name":"abort_on_fail","time":{"start":1745285389975,"stop":1745285389975,"duration":0},"status":"passed","steps":[],"attachments":[],"parameters":[],"shouldDisplayMessage":false,"stepsCount":0,"attachmentsCount":0,"hasContent":false,"attachmentStep":false}],"testStage":{"status":"broken","statusMessage":"juju.errors.JujuError: base \"ubuntu@22.04/stable\" is not supported, supported bases are: ubuntu@24.04","statusTrace":"Traceback (most recent call last):\n  File \"/root/spread_project/.tox/integration/lib/python3.12/site-packages/_pytest/runner.py\", line 341, in from_call\n    result: Optional[TResult] = func()\n                                ^^^^^^\n  File \"/root/spread_project/.tox/integration/lib/python3.12/site-packages/_pytest/runner.py\", line 262, in <lambda>\n    lambda: ihook(item=item, **kwds), when=when, reraise=reraise\n            ^^^^^^^^^^^^^^^^^^^^^^^^\n  File \"/root/spread_project/.tox/integration/lib/python3.12/site-packages/pluggy/_hooks.py\", line 433, in __call__\n    return self._hookexec(self.name, self._hookimpls, kwargs, firstresult)\n           ^^^^^^^^^^^^^^^^^^^^^^^^^^^^^^^^^^^^^^^^^^^^^^^^^^^^^^^^^^^^^^^\n  File \"/root/spread_project/.tox/integration/lib/python3.12/site-packages/pluggy/_manager.py\", line 112, in _hookexec\n    return self._inner_hookexec(hook_name, methods, kwargs, firstresult)\n           ^^^^^^^^^^^^^^^^^^^^^^^^^^^^^^^^^^^^^^^^^^^^^^^^^^^^^^^^^^^^^\n  File \"/root/spread_project/.tox/integration/lib/python3.12/site-packages/pluggy/_callers.py\", line 155, in _multicall\n    return outcome.get_result()\n           ^^^^^^^^^^^^^^^^^^^^\n  File \"/root/spread_project/.tox/integration/lib/python3.12/site-packages/pluggy/_result.py\", line 108, in get_result\n    raise exc.with_traceback(exc.__traceback__)\n  File \"/root/spread_project/.tox/integration/lib/python3.12/site-packages/pluggy/_callers.py\", line 80, in _multicall\n    res = hook_impl.function(*args)\n          ^^^^^^^^^^^^^^^^^^^^^^^^^\n  File \"/root/spread_project/.tox/integration/lib/python3.12/site-packages/_pytest/runner.py\", line 177, in pytest_runtest_call\n    raise e\n  File \"/root/spread_project/.tox/integration/lib/python3.12/site-packages/_pytest/runner.py\", line 169, in pytest_runtest_call\n    item.runtest()\n  File \"/root/spread_project/.tox/integration/lib/python3.12/site-packages/_pytest/python.py\", line 1792, in runtest\n    self.ihook.pytest_pyfunc_call(pyfuncitem=self)\n  File \"/root/spread_project/.tox/integration/lib/python3.12/site-packages/pluggy/_hooks.py\", line 433, in __call__\n    return self._hookexec(self.name, self._hookimpls, kwargs, firstresult)\n           ^^^^^^^^^^^^^^^^^^^^^^^^^^^^^^^^^^^^^^^^^^^^^^^^^^^^^^^^^^^^^^^\n  File \"/root/spread_project/.tox/integration/lib/python3.12/site-packages/pluggy/_manager.py\", line 112, in _hookexec\n    return self._inner_hookexec(hook_name, methods, kwargs, firstresult)\n           ^^^^^^^^^^^^^^^^^^^^^^^^^^^^^^^^^^^^^^^^^^^^^^^^^^^^^^^^^^^^^\n  File \"/root/spread_project/.tox/integration/lib/python3.12/site-packages/pluggy/_callers.py\", line 155, in _multicall\n    return outcome.get_result()\n           ^^^^^^^^^^^^^^^^^^^^\n  File \"/root/spread_project/.tox/integration/lib/python3.12/site-packages/pluggy/_result.py\", line 108, in get_result\n    raise exc.with_traceback(exc.__traceback__)\n  File \"/root/spread_project/.tox/integration/lib/python3.12/site-packages/pluggy/_callers.py\", line 80, in _multicall\n    res = hook_impl.function(*args)\n          ^^^^^^^^^^^^^^^^^^^^^^^^^\n  File \"/root/spread_project/.tox/integration/lib/python3.12/site-packages/_pytest/python.py\", line 194, in pytest_pyfunc_call\n    result = testfunction(**testargs)\n             ^^^^^^^^^^^^^^^^^^^^^^^^\n  File \"/root/spread_project/.tox/integration/lib/python3.12/site-packages/pytest_asyncio/plugin.py\", line 532, in inner\n    _loop.run_until_complete(task)\n  File \"/usr/lib/python3.12/asyncio/base_events.py\", line 687, in run_until_complete\n    return future.result()\n           ^^^^^^^^^^^^^^^\n  File \"/root/spread_project/tests/integration/test_subordinate_charms.py\", line 16, in test_ubuntu_pro\n    await asyncio.gather(\n  File \"/root/spread_project/.tox/integration/lib/python3.12/site-packages/juju/model.py\", line 1982, in deploy\n    return await self._deploy(\n           ^^^^^^^^^^^^^^^^^^^\n  File \"/root/spread_project/.tox/integration/lib/python3.12/site-packages/juju/model.py\", line 2359, in _deploy\n    raise JujuError(\"\\n\".join(errors))\njuju.errors.JujuError: base \"ubuntu@22.04/stable\" is not supported, supported bases are: ubuntu@24.04","steps":[],"attachments":[{"uid":"fbf0bbd8806fd8e3","name":"log","source":"fbf0bbd8806fd8e3.txt","type":"text/plain","size":884}],"parameters":[],"shouldDisplayMessage":true,"stepsCount":0,"attachmentsCount":1,"hasContent":true,"attachmentStep":false},"afterStages":[{"name":"abort_on_fail::0","time":{"start":1745285392530,"stop":1745285392530,"duration":0},"status":"passed","steps":[],"attachments":[],"parameters":[],"shouldDisplayMessage":false,"stepsCount":0,"attachmentsCount":0,"hasContent":false,"attachmentStep":false},{"name":"ops_test::finalizer","time":{"start":1745285394692,"stop":1745285395008,"duration":316},"status":"passed","steps":[],"attachments":[],"parameters":[],"shouldDisplayMessage":false,"stepsCount":0,"attachmentsCount":0,"hasContent":false,"attachmentStep":false},{"name":"event_loop::2","time":{"start":1745285395008,"stop":1745285395009,"duration":1},"status":"passed","steps":[],"attachments":[],"parameters":[],"shouldDisplayMessage":false,"stepsCount":0,"attachmentsCount":0,"hasContent":false,"attachmentStep":false},{"name":"event_loop::_close_event_loop","time":{"start":1745285395009,"stop":1745285395009,"duration":0},"status":"passed","steps":[],"attachments":[],"parameters":[],"shouldDisplayMessage":false,"stepsCount":0,"attachmentsCount":0,"hasContent":false,"attachmentStep":false},{"name":"event_loop::_provide_clean_event_loop","time":{"start":1745285395009,"stop":1745285395009,"duration":0},"status":"passed","steps":[],"attachments":[],"parameters":[],"shouldDisplayMessage":false,"stepsCount":0,"attachmentsCount":0,"hasContent":false,"attachmentStep":false}],"labels":[{"name":"tag","value":"asyncio"},{"name":"parentSuite","value":"tests.integration"},{"name":"suite","value":"test_subordinate_charms"},{"name":"host","value":"fv-az1075-294"},{"name":"thread","value":"14969-MainThread"},{"name":"framework","value":"pytest"},{"name":"language","value":"cpython3"},{"name":"package","value":"tests.integration.test_subordinate_charms"},{"name":"resultFormat","value":"allure2"}],"parameters":[],"links":[],"hidden":false,"retry":false,"extra":{"severity":"normal","retries":[{"uid":"a8d10bd70d30aa2c","status":"unknown","time":{}}],"categories":[{"name":"Test defects","matchedStatuses":[]}],"history":{"statistic":{"failed":0,"broken":18,"skipped":0,"passed":290,"unknown":5,"total":313},"items":[{"uid":"9c446c8c1dc85dec","reportUrl":"../3718//#testresult/9c446c8c1dc85dec","status":"broken","statusDetails":"juju.errors.JujuError: base \"ubuntu@22.04/stable\" is not supported, supported bases are: ubuntu@24.04","time":{"start":1745198963638,"stop":1745198966090,"duration":2452}},{"uid":"4b09e0578f8570da","reportUrl":"../3717//#testresult/4b09e0578f8570da","status":"broken","statusDetails":"juju.errors.JujuError: base \"ubuntu@22.04/stable\" is not supported, supported bases are: ubuntu@24.04","time":{"start":1745112568712,"stop":1745112571071,"duration":2359}},{"uid":"4d24397953e2089e","reportUrl":"../3716//#testresult/4d24397953e2089e","status":"broken","statusDetails":"juju.errors.JujuError: base \"ubuntu@22.04/stable\" is not supported, supported bases are: ubuntu@24.04","time":{"start":1745026170787,"stop":1745026173835,"duration":3048}},{"uid":"11ba7a44463663f3","reportUrl":"../3715//#testresult/11ba7a44463663f3","status":"broken","statusDetails":"juju.errors.JujuError: base \"ubuntu@22.04/stable\" is not supported, supported bases are: ubuntu@24.04","time":{"start":1744939785830,"stop":1744939787852,"duration":2022}},{"uid":"be253a754153a22c","reportUrl":"../3714//#testresult/be253a754153a22c","status":"broken","statusDetails":"juju.errors.JujuError: base \"ubuntu@22.04/stable\" is not supported, supported bases are: ubuntu@24.04","time":{"start":1744853422839,"stop":1744853426497,"duration":3658}},{"uid":"f0b0b89452c78a8","reportUrl":"../3713//#testresult/f0b0b89452c78a8","status":"broken","statusDetails":"juju.errors.JujuError: base \"ubuntu@22.04/stable\" is not supported, supported bases are: ubuntu@24.04","time":{"start":1744766976804,"stop":1744766979790,"duration":2986}},{"uid":"1b8f9ebce30ac8e4","reportUrl":"../3709//#testresult/1b8f9ebce30ac8e4","status":"broken","statusDetails":"juju.errors.JujuError: base \"ubuntu@22.04/stable\" is not supported, supported bases are: ubuntu@24.04","time":{"start":1744680590230,"stop":1744680592955,"duration":2725}},{"uid":"36a6ef119c51aa7a","reportUrl":"../3705//#testresult/36a6ef119c51aa7a","status":"broken","statusDetails":"juju.errors.JujuError: base \"ubuntu@22.04/stable\" is not supported, supported bases are: ubuntu@24.04","time":{"start":1744335003189,"stop":1744335006565,"duration":3376}},{"uid":"fa889b0adf80142d","reportUrl":"../3704//#testresult/fa889b0adf80142d","status":"broken","statusDetails":"juju.errors.JujuError: base \"ubuntu@22.04/stable\" is not supported, supported bases are: ubuntu@24.04","time":{"start":1744248587609,"stop":1744248589770,"duration":2161}},{"uid":"f5790f8263a4750f","reportUrl":"../3703//#testresult/f5790f8263a4750f","status":"broken","statusDetails":"juju.errors.JujuError: base \"ubuntu@22.04/stable\" is not supported, supported bases are: ubuntu@24.04","time":{"start":1744162190140,"stop":1744162192566,"duration":2426}},{"uid":"7d9373a0456fb56f","reportUrl":"../3702//#testresult/7d9373a0456fb56f","status":"broken","statusDetails":"juju.errors.JujuError: base \"ubuntu@22.04/stable\" is not supported, supported bases are: ubuntu@24.04","time":{"start":1744075962307,"stop":1744075964674,"duration":2367}},{"uid":"8d63549b91660211","reportUrl":"../3698//#testresult/8d63549b91660211","status":"broken","statusDetails":"juju.errors.JujuError: base \"ubuntu@22.04/stable\" is not supported, supported bases are: ubuntu@24.04","time":{"start":1743989393780,"stop":1743989396188,"duration":2408}},{"uid":"aec1804c00dd1866","reportUrl":"../3697//#testresult/aec1804c00dd1866","status":"broken","statusDetails":"juju.errors.JujuError: base \"ubuntu@22.04/stable\" is not supported, supported bases are: ubuntu@24.04","time":{"start":1743902954479,"stop":1743902956851,"duration":2372}},{"uid":"84239877ec06eb51","reportUrl":"../3696//#testresult/84239877ec06eb51","status":"broken","statusDetails":"juju.errors.JujuError: base \"ubuntu@22.04/stable\" is not supported, supported bases are: ubuntu@24.04","time":{"start":1743816561333,"stop":1743816564135,"duration":2802}},{"uid":"f5300767fb9f4de9","reportUrl":"../3695//#testresult/f5300767fb9f4de9","status":"passed","time":{"start":1743730215561,"stop":1743730460742,"duration":245181}},{"uid":"adb17a3061bbb1ad","reportUrl":"../3693//#testresult/adb17a3061bbb1ad","status":"passed","time":{"start":1743643845087,"stop":1743644081023,"duration":235936}},{"uid":"92096d03bec53e87","reportUrl":"../3692//#testresult/92096d03bec53e87","status":"passed","time":{"start":1743557445743,"stop":1743557659845,"duration":214102}},{"uid":"97e6d3a51ea92443","reportUrl":"../3691//#testresult/97e6d3a51ea92443","status":"passed","time":{"start":1743471261264,"stop":1743471470733,"duration":209469}},{"uid":"ffc2c8a80fd4e917","reportUrl":"../3686//#testresult/ffc2c8a80fd4e917","status":"passed","time":{"start":1743384615461,"stop":1743384824824,"duration":209363}},{"uid":"fcd012903dbac4b","reportUrl":"../3685//#testresult/fcd012903dbac4b","status":"passed","time":{"start":1743298171926,"stop":1743298400165,"duration":228239}}]},"tags":["asyncio"]},"source":"80521cf43edc6a3b.json","parameterValues":[]}