[32mINFO    [0m integration.high_availability.test_upgrade_skip_pre_upgrade_check:test_upgrade_skip_pre_upgrade_check.py:63 Build charm locally
[32mINFO    [0m integration.high_availability.test_upgrade_skip_pre_upgrade_check:test_upgrade_skip_pre_upgrade_check.py:66 Refresh the charm
[32mINFO    [0m integration.high_availability.test_upgrade_skip_pre_upgrade_check:test_upgrade_skip_pre_upgrade_check.py:74 Wait for rolling restart OR continue to writes
[32mINFO    [0m integration.high_availability.test_upgrade_skip_pre_upgrade_check:test_upgrade_skip_pre_upgrade_check.py:88 Ensure continuous_writes
[32mINFO    [0m integration.high_availability.high_availability_helpers:high_availability_helpers.py:343 Ensure continuous writes are incrementing
[32mINFO    [0m integration.helpers:helpers.py:485 Retrieving primary unit
[32mINFO    [0m integration.high_availability.high_availability_helpers:high_availability_helpers.py:368 max_written_value=3237 on unit mysql/0
[32mINFO    [0m integration.high_availability.high_availability_helpers:high_availability_helpers.py:368 max_written_value=3239 on unit mysql/1
[32mINFO    [0m integration.high_availability.high_availability_helpers:high_availability_helpers.py:368 max_written_value=3240 on unit mysql/2
[32mINFO    [0m pytest_operator.plugin:plugin.py:790 Model status:

Model  Controller           Cloud/Region         Version  SLA          Timestamp
test   localhost-localhost  localhost/localhost  3.4.5    unsupported  01:39:32Z

App             Version          Status  Scale  Charm           Channel      Rev  Exposed  Message
mysql           8.0.36-0ubun...  active      3  mysql                          0  no       
mysql-test-app  0.0.2            active      1  mysql-test-app  latest/edge   63  no       

Unit               Workload  Agent  Machine  Public address  Ports           Message
mysql-test-app/0*  active    idle   0        10.129.122.214                  
mysql/0            active    idle   1        10.129.122.50   3306,33060/tcp  
mysql/1            active    idle   2        10.129.122.12   3306,33060/tcp  
mysql/2*           active    idle   3        10.129.122.78   3306,33060/tcp  

Machine  State    Address         Inst id        Base          AZ  Message
0        started  10.129.122.214  juju-b9fb72-0  ubuntu@22.04      Running
1        started  10.129.122.50   juju-b9fb72-1  ubuntu@22.04      Running
2        started  10.129.122.12   juju-b9fb72-2  ubuntu@22.04      Running
3        started  10.129.122.78   juju-b9fb72-3  ubuntu@22.04      Running

[32mINFO    [0m pytest_operator.plugin:plugin.py:796 Juju error logs:

machine-0: 01:34:18 ERROR juju.worker.dependency "kvm-container-provisioner" manifold worker returned unexpected error: container types not yet available
machine-0: 01:34:18 ERROR juju.worker.dependency "lxd-container-provisioner" manifold worker returned unexpected error: container types not yet available
unit-mysql-test-app-0: 01:34:18 ERROR juju.worker.meterstatus error running "meter-status-changed": charm missing from disk
machine-3: 01:34:24 ERROR juju.worker.dependency "kvm-container-provisioner" manifold worker returned unexpected error: container types not yet available
machine-3: 01:34:24 ERROR juju.worker.dependency "lxd-container-provisioner" manifold worker returned unexpected error: container types not yet available
unit-mysql-2: 01:34:25 ERROR juju.worker.meterstatus error running "meter-status-changed": charm missing from disk
machine-2: 01:34:28 ERROR juju.worker.dependency "kvm-container-provisioner" manifold worker returned unexpected error: container types not yet available
machine-2: 01:34:28 ERROR juju.worker.dependency "lxd-container-provisioner" manifold worker returned unexpected error: container types not yet available
unit-mysql-1: 01:34:28 ERROR juju.worker.meterstatus error running "meter-status-changed": charm missing from disk
machine-1: 01:34:30 ERROR juju.worker.dependency "lxd-container-provisioner" manifold worker returned unexpected error: container types not yet available
machine-1: 01:34:30 ERROR juju.worker.dependency "kvm-container-provisioner" manifold worker returned unexpected error: container types not yet available
unit-mysql-0: 01:34:30 ERROR juju.worker.meterstatus error running "meter-status-changed": charm missing from disk
unit-mysql-0: 01:37:39 ERROR unit.mysql/0.juju-log Cluster upgrade failed, ensure pre-upgrade checks are ran first.
unit-mysql-1: 01:37:39 ERROR unit.mysql/1.juju-log Cluster upgrade failed, ensure pre-upgrade checks are ran first.
unit-mysql-2: 01:37:39 ERROR unit.mysql/2.juju-log Cluster upgrade failed, ensure pre-upgrade checks are ran first.
unit-mysql-0: 01:37:40 ERROR unit.mysql/0.juju-log Failed to get value for variable='super_read_only'
Traceback (most recent call last):
  File "/var/lib/juju/agents/unit-mysql-0/charm/src/mysql_vm_helpers.py", line 717, in _run_mysqlsh_script
    return subprocess.check_output(
  File "/usr/lib/python3.10/subprocess.py", line 421, in check_output
    return run(*popenargs, stdout=PIPE, timeout=timeout, check=True,
  File "/usr/lib/python3.10/subprocess.py", line 526, in run
    raise CalledProcessError(retcode, process.args,
subprocess.CalledProcessError: Command '['charmed-mysql.mysqlsh', '--no-wizard', '--python', '-f', '/var/snap/charmed-mysql/common/tmp74jw2jj7']' returned non-zero exit status 1.

During handling of the above exception, another exception occurred:

Traceback (most recent call last):
  File "/var/lib/juju/agents/unit-mysql-0/charm/lib/charms/mysql/v0/mysql.py", line 1426, in get_variable_value
    output = self._run_mysqlsh_script("\n".join(get_var_command))
  File "/var/lib/juju/agents/unit-mysql-0/charm/lib/charms/tempo_k8s/v1/charm_tracing.py", line 735, in wrapped_function
    return callable(*args, **kwargs)  # type: ignore
  File "/var/lib/juju/agents/unit-mysql-0/charm/src/mysql_vm_helpers.py", line 721, in _run_mysqlsh_script
    raise MySQLClientError
charms.mysql.v0.mysql.MySQLClientError
unit-mysql-1: 01:37:41 ERROR unit.mysql/1.juju-log Failed to get value for variable='super_read_only'
Traceback (most recent call last):
  File "/var/lib/juju/agents/unit-mysql-1/charm/src/mysql_vm_helpers.py", line 717, in _run_mysqlsh_script
    return subprocess.check_output(
  File "/usr/lib/python3.10/subprocess.py", line 421, in check_output
    return run(*popenargs, stdout=PIPE, timeout=timeout, check=True,
  File "/usr/lib/python3.10/subprocess.py", line 526, in run
    raise CalledProcessError(retcode, process.args,
subprocess.CalledProcessError: Command '['charmed-mysql.mysqlsh', '--no-wizard', '--python', '-f', '/var/snap/charmed-mysql/common/tmp2a57jhur']' returned non-zero exit status 1.

During handling of the above exception, another exception occurred:

Traceback (most recent call last):
  File "/var/lib/juju/agents/unit-mysql-1/charm/lib/charms/mysql/v0/mysql.py", line 1426, in get_variable_value
    output = self._run_mysqlsh_script("\n".join(get_var_command))
  File "/var/lib/juju/agents/unit-mysql-1/charm/lib/charms/tempo_k8s/v1/charm_tracing.py", line 735, in wrapped_function
    return callable(*args, **kwargs)  # type: ignore
  File "/var/lib/juju/agents/unit-mysql-1/charm/src/mysql_vm_helpers.py", line 721, in _run_mysqlsh_script
    raise MySQLClientError
charms.mysql.v0.mysql.MySQLClientError
unit-mysql-2: 01:37:41 ERROR unit.mysql/2.juju-log Failed to get value for variable='super_read_only'
Traceback (most recent call last):
  File "/var/lib/juju/agents/unit-mysql-2/charm/src/mysql_vm_helpers.py", line 717, in _run_mysqlsh_script
    return subprocess.check_output(
  File "/usr/lib/python3.10/subprocess.py", line 421, in check_output
    return run(*popenargs, stdout=PIPE, timeout=timeout, check=True,
  File "/usr/lib/python3.10/subprocess.py", line 526, in run
    raise CalledProcessError(retcode, process.args,
subprocess.CalledProcessError: Command '['charmed-mysql.mysqlsh', '--no-wizard', '--python', '-f', '/var/snap/charmed-mysql/common/tmpzwndrm0o']' returned non-zero exit status 1.

During handling of the above exception, another exception occurred:

Traceback (most recent call last):
  File "/var/lib/juju/agents/unit-mysql-2/charm/lib/charms/mysql/v0/mysql.py", line 1426, in get_variable_value
    output = self._run_mysqlsh_script("\n".join(get_var_command))
  File "/var/lib/juju/agents/unit-mysql-2/charm/lib/charms/tempo_k8s/v1/charm_tracing.py", line 735, in wrapped_function
    return callable(*args, **kwargs)  # type: ignore
  File "/var/lib/juju/agents/unit-mysql-2/charm/src/mysql_vm_helpers.py", line 721, in _run_mysqlsh_script
    raise MySQLClientError
charms.mysql.v0.mysql.MySQLClientError
unit-mysql-2: 01:37:41 ERROR unit.mysql/2.juju-log Failed to get cluster status for cluster-538b86680b1301de14486fdb1274bc49
unit-mysql-0: 01:38:14 ERROR unit.mysql/0.juju-log restart:2: Failed to get cluster status for cluster-538b86680b1301de14486fdb1274bc49
unit-mysql-1: 01:38:39 ERROR unit.mysql/1.juju-log restart:2: Failed to get cluster status for cluster-538b86680b1301de14486fdb1274bc49

[32mINFO    [0m pytest_operator.plugin:plugin.py:862 Forgetting main...