{"uid":"619d9993d8ff7ed1","name":"test_build_and_deploy","fullName":"tests.integration.high_availability.test_upgrade_rollback_incompat#test_build_and_deploy","historyId":"c7f943e00fe8350916d652927be51e6e","time":{"start":1746063013552,"stop":1746063289070,"duration":275518},"description":"Simple test to ensure that the mysql and application charms get deployed.","descriptionHtml":"<p>Simple test to ensure that the mysql and application charms get deployed.</p>\n","status":"broken","statusMessage":"juju.errors.JujuUnitError: Unit in error: mysql/2","statusTrace":"Traceback (most recent call last):\n  File \"/root/spread_project/.tox/integration/lib/python3.12/site-packages/_pytest/runner.py\", line 341, in from_call\n    result: Optional[TResult] = func()\n                                ^^^^^^\n  File \"/root/spread_project/.tox/integration/lib/python3.12/site-packages/_pytest/runner.py\", line 262, in <lambda>\n    lambda: ihook(item=item, **kwds), when=when, reraise=reraise\n            ^^^^^^^^^^^^^^^^^^^^^^^^\n  File \"/root/spread_project/.tox/integration/lib/python3.12/site-packages/pluggy/_hooks.py\", line 433, in __call__\n    return self._hookexec(self.name, self._hookimpls, kwargs, firstresult)\n           ^^^^^^^^^^^^^^^^^^^^^^^^^^^^^^^^^^^^^^^^^^^^^^^^^^^^^^^^^^^^^^^\n  File \"/root/spread_project/.tox/integration/lib/python3.12/site-packages/pluggy/_manager.py\", line 112, in _hookexec\n    return self._inner_hookexec(hook_name, methods, kwargs, firstresult)\n           ^^^^^^^^^^^^^^^^^^^^^^^^^^^^^^^^^^^^^^^^^^^^^^^^^^^^^^^^^^^^^\n  File \"/root/spread_project/.tox/integration/lib/python3.12/site-packages/pluggy/_callers.py\", line 155, in _multicall\n    return outcome.get_result()\n           ^^^^^^^^^^^^^^^^^^^^\n  File \"/root/spread_project/.tox/integration/lib/python3.12/site-packages/pluggy/_result.py\", line 108, in get_result\n    raise exc.with_traceback(exc.__traceback__)\n  File \"/root/spread_project/.tox/integration/lib/python3.12/site-packages/pluggy/_callers.py\", line 80, in _multicall\n    res = hook_impl.function(*args)\n          ^^^^^^^^^^^^^^^^^^^^^^^^^\n  File \"/root/spread_project/.tox/integration/lib/python3.12/site-packages/_pytest/runner.py\", line 177, in pytest_runtest_call\n    raise e\n  File \"/root/spread_project/.tox/integration/lib/python3.12/site-packages/_pytest/runner.py\", line 169, in pytest_runtest_call\n    item.runtest()\n  File \"/root/spread_project/.tox/integration/lib/python3.12/site-packages/_pytest/python.py\", line 1792, in runtest\n    self.ihook.pytest_pyfunc_call(pyfuncitem=self)\n  File \"/root/spread_project/.tox/integration/lib/python3.12/site-packages/pluggy/_hooks.py\", line 433, in __call__\n    return self._hookexec(self.name, self._hookimpls, kwargs, firstresult)\n           ^^^^^^^^^^^^^^^^^^^^^^^^^^^^^^^^^^^^^^^^^^^^^^^^^^^^^^^^^^^^^^^\n  File \"/root/spread_project/.tox/integration/lib/python3.12/site-packages/pluggy/_manager.py\", line 112, in _hookexec\n    return self._inner_hookexec(hook_name, methods, kwargs, firstresult)\n           ^^^^^^^^^^^^^^^^^^^^^^^^^^^^^^^^^^^^^^^^^^^^^^^^^^^^^^^^^^^^^\n  File \"/root/spread_project/.tox/integration/lib/python3.12/site-packages/pluggy/_callers.py\", line 155, in _multicall\n    return outcome.get_result()\n           ^^^^^^^^^^^^^^^^^^^^\n  File \"/root/spread_project/.tox/integration/lib/python3.12/site-packages/pluggy/_result.py\", line 108, in get_result\n    raise exc.with_traceback(exc.__traceback__)\n  File \"/root/spread_project/.tox/integration/lib/python3.12/site-packages/pluggy/_callers.py\", line 80, in _multicall\n    res = hook_impl.function(*args)\n          ^^^^^^^^^^^^^^^^^^^^^^^^^\n  File \"/root/spread_project/.tox/integration/lib/python3.12/site-packages/_pytest/python.py\", line 194, in pytest_pyfunc_call\n    result = testfunction(**testargs)\n             ^^^^^^^^^^^^^^^^^^^^^^^^\n  File \"/root/spread_project/.tox/integration/lib/python3.12/site-packages/pytest_asyncio/plugin.py\", line 532, in inner\n    _loop.run_until_complete(task)\n  File \"/usr/lib/python3.12/asyncio/base_events.py\", line 687, in run_until_complete\n    return future.result()\n           ^^^^^^^^^^^^^^^\n  File \"/root/spread_project/tests/integration/high_availability/test_upgrade_rollback_incompat.py\", line 71, in test_build_and_deploy\n    await relate_mysql_and_application(ops_test, MYSQL_APP_NAME, TEST_APP)\n  File \"/root/spread_project/tests/integration/high_availability/high_availability_helpers.py\", line 212, in relate_mysql_and_application\n    await ops_test.model.wait_for_idle(\n  File \"/root/spread_project/.tox/integration/lib/python3.12/site-packages/juju/model.py\", line 3203, in wait_for_idle\n    _raise_for_status(errors, \"error\")\n  File \"/root/spread_project/.tox/integration/lib/python3.12/site-packages/juju/model.py\", line 3094, in _raise_for_status\n    raise error_type(\njuju.errors.JujuUnitError: Unit in error: mysql/2","flaky":false,"newFailed":false,"newBroken":true,"newPassed":false,"retriesCount":1,"retriesStatusChange":true,"beforeStages":[{"name":"event_loop","time":{"start":1746063013428,"stop":1746063013428,"duration":0},"status":"passed","steps":[],"attachments":[],"parameters":[],"shouldDisplayMessage":false,"stepsCount":0,"attachmentsCount":0,"hasContent":false,"attachmentStep":false},{"name":"charm","time":{"start":1746063013428,"stop":1746063013428,"duration":0},"status":"passed","steps":[],"attachments":[],"parameters":[],"shouldDisplayMessage":false,"stepsCount":0,"attachmentsCount":0,"hasContent":false,"attachmentStep":false},{"name":"tmp_path_factory","time":{"start":1746063013428,"stop":1746063013428,"duration":0},"status":"passed","steps":[],"attachments":[],"parameters":[],"shouldDisplayMessage":false,"stepsCount":0,"attachmentsCount":0,"hasContent":false,"attachmentStep":false},{"name":"ops_test","time":{"start":1746063013429,"stop":1746063013551,"duration":122},"status":"passed","steps":[],"attachments":[],"parameters":[],"shouldDisplayMessage":false,"stepsCount":0,"attachmentsCount":0,"hasContent":false,"attachmentStep":false},{"name":"abort_on_fail","time":{"start":1746063013551,"stop":1746063013552,"duration":1},"status":"passed","steps":[],"attachments":[],"parameters":[],"shouldDisplayMessage":false,"stepsCount":0,"attachmentsCount":0,"hasContent":false,"attachmentStep":false}],"testStage":{"description":"Simple test to ensure that the mysql and application charms get deployed.","status":"broken","statusMessage":"juju.errors.JujuUnitError: Unit in error: mysql/2","statusTrace":"Traceback (most recent call last):\n  File \"/root/spread_project/.tox/integration/lib/python3.12/site-packages/_pytest/runner.py\", line 341, in from_call\n    result: Optional[TResult] = func()\n                                ^^^^^^\n  File \"/root/spread_project/.tox/integration/lib/python3.12/site-packages/_pytest/runner.py\", line 262, in <lambda>\n    lambda: ihook(item=item, **kwds), when=when, reraise=reraise\n            ^^^^^^^^^^^^^^^^^^^^^^^^\n  File \"/root/spread_project/.tox/integration/lib/python3.12/site-packages/pluggy/_hooks.py\", line 433, in __call__\n    return self._hookexec(self.name, self._hookimpls, kwargs, firstresult)\n           ^^^^^^^^^^^^^^^^^^^^^^^^^^^^^^^^^^^^^^^^^^^^^^^^^^^^^^^^^^^^^^^\n  File \"/root/spread_project/.tox/integration/lib/python3.12/site-packages/pluggy/_manager.py\", line 112, in _hookexec\n    return self._inner_hookexec(hook_name, methods, kwargs, firstresult)\n           ^^^^^^^^^^^^^^^^^^^^^^^^^^^^^^^^^^^^^^^^^^^^^^^^^^^^^^^^^^^^^\n  File \"/root/spread_project/.tox/integration/lib/python3.12/site-packages/pluggy/_callers.py\", line 155, in _multicall\n    return outcome.get_result()\n           ^^^^^^^^^^^^^^^^^^^^\n  File \"/root/spread_project/.tox/integration/lib/python3.12/site-packages/pluggy/_result.py\", line 108, in get_result\n    raise exc.with_traceback(exc.__traceback__)\n  File \"/root/spread_project/.tox/integration/lib/python3.12/site-packages/pluggy/_callers.py\", line 80, in _multicall\n    res = hook_impl.function(*args)\n          ^^^^^^^^^^^^^^^^^^^^^^^^^\n  File \"/root/spread_project/.tox/integration/lib/python3.12/site-packages/_pytest/runner.py\", line 177, in pytest_runtest_call\n    raise e\n  File \"/root/spread_project/.tox/integration/lib/python3.12/site-packages/_pytest/runner.py\", line 169, in pytest_runtest_call\n    item.runtest()\n  File \"/root/spread_project/.tox/integration/lib/python3.12/site-packages/_pytest/python.py\", line 1792, in runtest\n    self.ihook.pytest_pyfunc_call(pyfuncitem=self)\n  File \"/root/spread_project/.tox/integration/lib/python3.12/site-packages/pluggy/_hooks.py\", line 433, in __call__\n    return self._hookexec(self.name, self._hookimpls, kwargs, firstresult)\n           ^^^^^^^^^^^^^^^^^^^^^^^^^^^^^^^^^^^^^^^^^^^^^^^^^^^^^^^^^^^^^^^\n  File \"/root/spread_project/.tox/integration/lib/python3.12/site-packages/pluggy/_manager.py\", line 112, in _hookexec\n    return self._inner_hookexec(hook_name, methods, kwargs, firstresult)\n           ^^^^^^^^^^^^^^^^^^^^^^^^^^^^^^^^^^^^^^^^^^^^^^^^^^^^^^^^^^^^^\n  File \"/root/spread_project/.tox/integration/lib/python3.12/site-packages/pluggy/_callers.py\", line 155, in _multicall\n    return outcome.get_result()\n           ^^^^^^^^^^^^^^^^^^^^\n  File \"/root/spread_project/.tox/integration/lib/python3.12/site-packages/pluggy/_result.py\", line 108, in get_result\n    raise exc.with_traceback(exc.__traceback__)\n  File \"/root/spread_project/.tox/integration/lib/python3.12/site-packages/pluggy/_callers.py\", line 80, in _multicall\n    res = hook_impl.function(*args)\n          ^^^^^^^^^^^^^^^^^^^^^^^^^\n  File \"/root/spread_project/.tox/integration/lib/python3.12/site-packages/_pytest/python.py\", line 194, in pytest_pyfunc_call\n    result = testfunction(**testargs)\n             ^^^^^^^^^^^^^^^^^^^^^^^^\n  File \"/root/spread_project/.tox/integration/lib/python3.12/site-packages/pytest_asyncio/plugin.py\", line 532, in inner\n    _loop.run_until_complete(task)\n  File \"/usr/lib/python3.12/asyncio/base_events.py\", line 687, in run_until_complete\n    return future.result()\n           ^^^^^^^^^^^^^^^\n  File \"/root/spread_project/tests/integration/high_availability/test_upgrade_rollback_incompat.py\", line 71, in test_build_and_deploy\n    await relate_mysql_and_application(ops_test, MYSQL_APP_NAME, TEST_APP)\n  File \"/root/spread_project/tests/integration/high_availability/high_availability_helpers.py\", line 212, in relate_mysql_and_application\n    await ops_test.model.wait_for_idle(\n  File \"/root/spread_project/.tox/integration/lib/python3.12/site-packages/juju/model.py\", line 3203, in wait_for_idle\n    _raise_for_status(errors, \"error\")\n  File \"/root/spread_project/.tox/integration/lib/python3.12/site-packages/juju/model.py\", line 3094, in _raise_for_status\n    raise error_type(\njuju.errors.JujuUnitError: Unit in error: mysql/2","steps":[],"attachments":[{"uid":"a87a54a309385a6","name":"log","source":"a87a54a309385a6.txt","type":"text/plain","size":3506}],"parameters":[],"shouldDisplayMessage":true,"stepsCount":0,"attachmentsCount":1,"hasContent":true,"attachmentStep":false},"afterStages":[{"name":"abort_on_fail::0","time":{"start":1746063289105,"stop":1746063289105,"duration":0},"status":"passed","steps":[],"attachments":[],"parameters":[],"shouldDisplayMessage":false,"stepsCount":0,"attachmentsCount":0,"hasContent":false,"attachmentStep":false},{"name":"ops_test::finalizer","time":{"start":1746063289116,"stop":1746063289472,"duration":356},"status":"passed","steps":[],"attachments":[],"parameters":[],"shouldDisplayMessage":false,"stepsCount":0,"attachmentsCount":0,"hasContent":false,"attachmentStep":false},{"name":"event_loop::2","time":{"start":1746063289473,"stop":1746063289473,"duration":0},"status":"passed","steps":[],"attachments":[],"parameters":[],"shouldDisplayMessage":false,"stepsCount":0,"attachmentsCount":0,"hasContent":false,"attachmentStep":false},{"name":"event_loop::_close_event_loop","time":{"start":1746063289473,"stop":1746063289473,"duration":0},"status":"passed","steps":[],"attachments":[],"parameters":[],"shouldDisplayMessage":false,"stepsCount":0,"attachmentsCount":0,"hasContent":false,"attachmentStep":false},{"name":"event_loop::_provide_clean_event_loop","time":{"start":1746063289473,"stop":1746063289473,"duration":0},"status":"passed","steps":[],"attachments":[],"parameters":[],"shouldDisplayMessage":false,"stepsCount":0,"attachmentsCount":0,"hasContent":false,"attachmentStep":false}],"labels":[{"name":"tag","value":"abort_on_fail"},{"name":"tag","value":"@pytest.mark.skipif(False, reason='Requires amd64 architecture')"},{"name":"tag","value":"asyncio"},{"name":"parentSuite","value":"tests.integration.high_availability"},{"name":"suite","value":"test_upgrade_rollback_incompat"},{"name":"host","value":"fv-az2219-342"},{"name":"thread","value":"16055-MainThread"},{"name":"framework","value":"pytest"},{"name":"language","value":"cpython3"},{"name":"package","value":"tests.integration.high_availability.test_upgrade_rollback_incompat"},{"name":"resultFormat","value":"allure2"}],"parameters":[],"links":[],"hidden":false,"retry":false,"extra":{"severity":"normal","retries":[{"uid":"dc56d011f39b4e70","status":"unknown","time":{}}],"categories":[{"name":"Test defects","matchedStatuses":[]}],"history":{"statistic":{"failed":0,"broken":8,"skipped":0,"passed":308,"unknown":5,"total":321},"items":[{"uid":"4ef02c7e1301a650","reportUrl":"../3740//#testresult/4ef02c7e1301a650","status":"passed","time":{"start":1745976640441,"stop":1745976978858,"duration":338417}},{"uid":"bfc560e2fab14ac5","reportUrl":"../3738//#testresult/bfc560e2fab14ac5","status":"passed","time":{"start":1745890777912,"stop":1745891154182,"duration":376270}},{"uid":"226bb127ff6de59f","reportUrl":"../3733//#testresult/226bb127ff6de59f","status":"passed","time":{"start":1745803782417,"stop":1745804179968,"duration":397551}},{"uid":"e49297f8bb0d332a","reportUrl":"../3732//#testresult/e49297f8bb0d332a","status":"passed","time":{"start":1745717471583,"stop":1745717880736,"duration":409153}},{"uid":"6f5387fd7e6c35f7","reportUrl":"../3731//#testresult/6f5387fd7e6c35f7","status":"passed","time":{"start":1745630992816,"stop":1745631350892,"duration":358076}},{"uid":"1a067ca3b32f5ad7","reportUrl":"../3727//#testresult/1a067ca3b32f5ad7","status":"passed","time":{"start":1745544587801,"stop":1745544935955,"duration":348154}},{"uid":"cfc81e22a55002e5","reportUrl":"../3725//#testresult/cfc81e22a55002e5","status":"passed","time":{"start":1745458176916,"stop":1745458533591,"duration":356675}},{"uid":"784f7bcf3a7f1ee9","reportUrl":"../3724//#testresult/784f7bcf3a7f1ee9","status":"passed","time":{"start":1745371800829,"stop":1745372150520,"duration":349691}},{"uid":"735e5a5f1b452b13","reportUrl":"../3719//#testresult/735e5a5f1b452b13","status":"passed","time":{"start":1745285399084,"stop":1745285789079,"duration":389995}},{"uid":"89cfef5f83b1bb4c","reportUrl":"../3718//#testresult/89cfef5f83b1bb4c","status":"passed","time":{"start":1745198970064,"stop":1745199334899,"duration":364835}},{"uid":"8681498258369de5","reportUrl":"../3717//#testresult/8681498258369de5","status":"passed","time":{"start":1745112633832,"stop":1745113012208,"duration":378376}},{"uid":"d899469ae2e922f4","reportUrl":"../3716//#testresult/d899469ae2e922f4","status":"passed","time":{"start":1745026143809,"stop":1745026521848,"duration":378039}},{"uid":"80e0465b1f424aad","reportUrl":"../3715//#testresult/80e0465b1f424aad","status":"passed","time":{"start":1744939787816,"stop":1744940156381,"duration":368565}},{"uid":"2b3c223676d674b0","reportUrl":"../3714//#testresult/2b3c223676d674b0","status":"passed","time":{"start":1744853421783,"stop":1744853807371,"duration":385588}},{"uid":"d854ea4bf90c4db3","reportUrl":"../3713//#testresult/d854ea4bf90c4db3","status":"passed","time":{"start":1744766969939,"stop":1744767350035,"duration":380096}},{"uid":"5d8bc5a9266f8c65","reportUrl":"../3709//#testresult/5d8bc5a9266f8c65","status":"passed","time":{"start":1744680579790,"stop":1744680943418,"duration":363628}},{"uid":"852d99f71b2a3ba5","reportUrl":"../3705//#testresult/852d99f71b2a3ba5","status":"passed","time":{"start":1744335010479,"stop":1744335379259,"duration":368780}},{"uid":"65a6503f7c8b4cd","reportUrl":"../3704//#testresult/65a6503f7c8b4cd","status":"passed","time":{"start":1744248635022,"stop":1744249016211,"duration":381189}},{"uid":"52b0d08b33ffc84c","reportUrl":"../3703//#testresult/52b0d08b33ffc84c","status":"passed","time":{"start":1744162179661,"stop":1744162533524,"duration":353863}},{"uid":"af15810b47adddd6","reportUrl":"../3702//#testresult/af15810b47adddd6","status":"passed","time":{"start":1744075992847,"stop":1744076374769,"duration":381922}}]},"tags":["asyncio","abort_on_fail","@pytest.mark.skipif(False, reason='Requires amd64 architecture')"]},"source":"619d9993d8ff7ed1.json","parameterValues":[]}