[32mINFO    [0m integration.high_availability.test_upgrade_skip_pre_upgrade_check:test_upgrade_skip_pre_upgrade_check.py:63 Build charm locally
[32mINFO    [0m integration.high_availability.test_upgrade_skip_pre_upgrade_check:test_upgrade_skip_pre_upgrade_check.py:66 Refresh the charm
[32mINFO    [0m integration.high_availability.test_upgrade_skip_pre_upgrade_check:test_upgrade_skip_pre_upgrade_check.py:74 Wait for rolling restart OR continue to writes
[32mINFO    [0m integration.high_availability.test_upgrade_skip_pre_upgrade_check:test_upgrade_skip_pre_upgrade_check.py:88 Ensure continuous_writes
[32mINFO    [0m integration.high_availability.high_availability_helpers:high_availability_helpers.py:343 Ensure continuous writes are incrementing
[32mINFO    [0m integration.helpers:helpers.py:485 Retrieving primary unit
[32mINFO    [0m integration.high_availability.high_availability_helpers:high_availability_helpers.py:368 max_written_value=1416 on unit mysql/0
[32mINFO    [0m integration.high_availability.high_availability_helpers:high_availability_helpers.py:368 max_written_value=1416 on unit mysql/0
[32mINFO    [0m integration.high_availability.high_availability_helpers:high_availability_helpers.py:368 max_written_value=1416 on unit mysql/0
[32mINFO    [0m integration.high_availability.high_availability_helpers:high_availability_helpers.py:368 max_written_value=1578 on unit mysql/0
[32mINFO    [0m integration.high_availability.high_availability_helpers:high_availability_helpers.py:368 max_written_value=1578 on unit mysql/1
[32mINFO    [0m integration.high_availability.high_availability_helpers:high_availability_helpers.py:368 max_written_value=1746 on unit mysql/1
[32mINFO    [0m integration.high_availability.high_availability_helpers:high_availability_helpers.py:368 max_written_value=1746 on unit mysql/2
[32mINFO    [0m integration.high_availability.high_availability_helpers:high_availability_helpers.py:368 max_written_value=1911 on unit mysql/2
[32mINFO    [0m pytest_operator.plugin:plugin.py:790 Model status:

Model  Controller           Cloud/Region         Version  SLA          Timestamp
test   localhost-localhost  localhost/localhost  3.4.5    unsupported  01:40:45Z

App             Version          Status  Scale  Charm           Channel      Rev  Exposed  Message
mysql           8.0.36-0ubun...  active      3  mysql                          0  no       
mysql-test-app  0.0.2            active      1  mysql-test-app  latest/edge   63  no       Last written value=1861

Unit               Workload  Agent      Machine  Public address  Ports           Message
mysql-test-app/0*  active    executing  3        10.149.67.27                    Last written value=1861
mysql/0            active    idle       0        10.149.67.26    3306,33060/tcp  Primary
mysql/1            active    idle       1        10.149.67.183   3306,33060/tcp  
mysql/2*           active    idle       2        10.149.67.192   3306,33060/tcp  

Machine  State    Address        Inst id        Base          AZ  Message
0        started  10.149.67.26   juju-9715c1-0  ubuntu@22.04      Running
1        started  10.149.67.183  juju-9715c1-1  ubuntu@22.04      Running
2        started  10.149.67.192  juju-9715c1-2  ubuntu@22.04      Running
3        started  10.149.67.27   juju-9715c1-3  ubuntu@22.04      Running

[32mINFO    [0m pytest_operator.plugin:plugin.py:796 Juju error logs:

machine-2: 01:34:56 ERROR juju.worker.dependency "lxd-container-provisioner" manifold worker returned unexpected error: container types not yet available
machine-2: 01:34:56 ERROR juju.worker.dependency "kvm-container-provisioner" manifold worker returned unexpected error: container types not yet available
unit-mysql-2: 01:34:56 ERROR juju.worker.meterstatus error running "meter-status-changed": charm missing from disk
machine-0: 01:34:57 ERROR juju.worker.dependency "lxd-container-provisioner" manifold worker returned unexpected error: container types not yet available
machine-0: 01:34:57 ERROR juju.worker.dependency "kvm-container-provisioner" manifold worker returned unexpected error: container types not yet available
unit-mysql-0: 01:34:57 ERROR juju.worker.meterstatus error running "meter-status-changed": charm missing from disk
machine-1: 01:34:59 ERROR juju.worker.dependency "kvm-container-provisioner" manifold worker returned unexpected error: container types not yet available
machine-1: 01:34:59 ERROR juju.worker.dependency "lxd-container-provisioner" manifold worker returned unexpected error: container types not yet available
unit-mysql-1: 01:34:59 ERROR juju.worker.meterstatus error running "meter-status-changed": charm missing from disk
machine-3: 01:35:02 ERROR juju.worker.dependency "lxd-container-provisioner" manifold worker returned unexpected error: container types not yet available
machine-3: 01:35:02 ERROR juju.worker.dependency "kvm-container-provisioner" manifold worker returned unexpected error: container types not yet available
unit-mysql-test-app-0: 01:35:02 ERROR juju.worker.meterstatus error running "meter-status-changed": charm missing from disk
unit-mysql-2: 01:38:01 ERROR unit.mysql/2.juju-log Cluster upgrade failed, ensure pre-upgrade checks are ran first.
unit-mysql-0: 01:38:01 ERROR unit.mysql/0.juju-log Cluster upgrade failed, ensure pre-upgrade checks are ran first.
unit-mysql-1: 01:38:01 ERROR unit.mysql/1.juju-log Cluster upgrade failed, ensure pre-upgrade checks are ran first.
unit-mysql-0: 01:38:03 ERROR unit.mysql/0.juju-log Failed to get value for variable='super_read_only'
Traceback (most recent call last):
  File "/var/lib/juju/agents/unit-mysql-0/charm/src/mysql_vm_helpers.py", line 717, in _run_mysqlsh_script
    return subprocess.check_output(
  File "/usr/lib/python3.10/subprocess.py", line 421, in check_output
    return run(*popenargs, stdout=PIPE, timeout=timeout, check=True,
  File "/usr/lib/python3.10/subprocess.py", line 526, in run
    raise CalledProcessError(retcode, process.args,
subprocess.CalledProcessError: Command '['charmed-mysql.mysqlsh', '--no-wizard', '--python', '-f', '/var/snap/charmed-mysql/common/tmp0mnnrbi_']' returned non-zero exit status 1.

During handling of the above exception, another exception occurred:

Traceback (most recent call last):
  File "/var/lib/juju/agents/unit-mysql-0/charm/lib/charms/mysql/v0/mysql.py", line 1426, in get_variable_value
    output = self._run_mysqlsh_script("\n".join(get_var_command))
  File "/var/lib/juju/agents/unit-mysql-0/charm/lib/charms/tempo_k8s/v1/charm_tracing.py", line 735, in wrapped_function
    return callable(*args, **kwargs)  # type: ignore
  File "/var/lib/juju/agents/unit-mysql-0/charm/src/mysql_vm_helpers.py", line 721, in _run_mysqlsh_script
    raise MySQLClientError
charms.mysql.v0.mysql.MySQLClientError
unit-mysql-2: 01:38:03 ERROR unit.mysql/2.juju-log Failed to get value for variable='super_read_only'
Traceback (most recent call last):
  File "/var/lib/juju/agents/unit-mysql-2/charm/src/mysql_vm_helpers.py", line 717, in _run_mysqlsh_script
    return subprocess.check_output(
  File "/usr/lib/python3.10/subprocess.py", line 421, in check_output
    return run(*popenargs, stdout=PIPE, timeout=timeout, check=True,
  File "/usr/lib/python3.10/subprocess.py", line 526, in run
    raise CalledProcessError(retcode, process.args,
subprocess.CalledProcessError: Command '['charmed-mysql.mysqlsh', '--no-wizard', '--python', '-f', '/var/snap/charmed-mysql/common/tmpt1vb9s4v']' returned non-zero exit status 1.

During handling of the above exception, another exception occurred:

Traceback (most recent call last):
  File "/var/lib/juju/agents/unit-mysql-2/charm/lib/charms/mysql/v0/mysql.py", line 1426, in get_variable_value
    output = self._run_mysqlsh_script("\n".join(get_var_command))
  File "/var/lib/juju/agents/unit-mysql-2/charm/lib/charms/tempo_k8s/v1/charm_tracing.py", line 735, in wrapped_function
    return callable(*args, **kwargs)  # type: ignore
  File "/var/lib/juju/agents/unit-mysql-2/charm/src/mysql_vm_helpers.py", line 721, in _run_mysqlsh_script
    raise MySQLClientError
charms.mysql.v0.mysql.MySQLClientError
unit-mysql-2: 01:38:04 ERROR unit.mysql/2.juju-log Failed to get cluster status for cluster-4af6b9af42e6f5cafff14c266765a288
unit-mysql-1: 01:38:04 ERROR unit.mysql/1.juju-log Failed to get value for variable='super_read_only'
Traceback (most recent call last):
  File "/var/lib/juju/agents/unit-mysql-1/charm/src/mysql_vm_helpers.py", line 717, in _run_mysqlsh_script
    return subprocess.check_output(
  File "/usr/lib/python3.10/subprocess.py", line 421, in check_output
    return run(*popenargs, stdout=PIPE, timeout=timeout, check=True,
  File "/usr/lib/python3.10/subprocess.py", line 526, in run
    raise CalledProcessError(retcode, process.args,
subprocess.CalledProcessError: Command '['charmed-mysql.mysqlsh', '--no-wizard', '--python', '-f', '/var/snap/charmed-mysql/common/tmprbtme10i']' returned non-zero exit status 1.

During handling of the above exception, another exception occurred:

Traceback (most recent call last):
  File "/var/lib/juju/agents/unit-mysql-1/charm/lib/charms/mysql/v0/mysql.py", line 1426, in get_variable_value
    output = self._run_mysqlsh_script("\n".join(get_var_command))
  File "/var/lib/juju/agents/unit-mysql-1/charm/lib/charms/tempo_k8s/v1/charm_tracing.py", line 735, in wrapped_function
    return callable(*args, **kwargs)  # type: ignore
  File "/var/lib/juju/agents/unit-mysql-1/charm/src/mysql_vm_helpers.py", line 721, in _run_mysqlsh_script
    raise MySQLClientError
charms.mysql.v0.mysql.MySQLClientError
unit-mysql-0: 01:38:37 ERROR unit.mysql/0.juju-log restart:1: Failed to get cluster status for cluster-4af6b9af42e6f5cafff14c266765a288
unit-mysql-1: 01:39:11 ERROR unit.mysql/1.juju-log restart:1: Failed to get cluster status for cluster-4af6b9af42e6f5cafff14c266765a288

[32mINFO    [0m pytest_operator.plugin:plugin.py:862 Forgetting main...