[32mINFO    [0m integration.relations.test_relation_mysql_legacy:test_relation_mysql_legacy.py:136 Asserting that a connection to the database is still possible with application credentials
[32mINFO    [0m integration.relations.test_relation_mysql_legacy:test_relation_mysql_legacy.py:146 Removing relation mysql:mysql with mysql-test-app:mysql
[32mINFO    [0m integration.relations.test_relation_mysql_legacy:test_relation_mysql_legacy.py:155 Waiting till mysql is active and mysql-test-app is waiting
[32mINFO    [0m juju.model:model.py:3211 Waiting for model:
  mysql/0 [executing] active: 
  mysql/1 [executing] active: Primary
  mysql/2 [executing] active: 
[32mINFO    [0m juju.model:model.py:3211 Waiting for model:
  mysql-test-app/0 [idle] active: 
[32mINFO    [0m integration.relations.test_relation_mysql_legacy:test_relation_mysql_legacy.py:173 Asserting that a connection to the database is not possible with application credentials
[32mINFO    [0m pytest_operator.plugin:plugin.py:862 Model status:

Model    Controller     Cloud/Region         Version  SLA          Timestamp
testing  concierge-lxd  localhost/localhost  3.6.9    unsupported  07:16:45Z

App             Version          Status   Scale  Charm           Channel      Rev  Exposed  Message
mysql           8.0.42-0ubun...  active       3  mysql                          0  no       
mysql-test-app  0.0.2            waiting      1  mysql-test-app  latest/edge   85  no       

Unit               Workload  Agent  Machine  Public address  Ports           Message
mysql-test-app/0*  waiting   idle   0        10.227.72.216                   
mysql/0            active    idle   1        10.227.72.227   3306,33060/tcp  
mysql/1*           active    idle   2        10.227.72.69    3306,33060/tcp  Primary
mysql/2            active    idle   3        10.227.72.130   3306,33060/tcp  

Machine  State    Address        Inst id        Base          AZ             Message
0        started  10.227.72.216  juju-d35bff-0  ubuntu@22.04  runnervmzdgdc  Running
1        started  10.227.72.227  juju-d35bff-1  ubuntu@22.04  runnervmzdgdc  Running
2        started  10.227.72.69   juju-d35bff-2  ubuntu@22.04  runnervmzdgdc  Running
3        started  10.227.72.130  juju-d35bff-3  ubuntu@22.04  runnervmzdgdc  Running

[32mINFO    [0m pytest_operator.plugin:plugin.py:868 Juju error logs:

machine-0: 07:11:34 ERROR juju.worker.dependency "kvm-container-provisioner" manifold worker returned unexpected error: container types not yet available
machine-0: 07:11:34 ERROR juju.worker.dependency "lxd-container-provisioner" manifold worker returned unexpected error: container types not yet available
unit-mysql-test-app-0: 07:11:34 ERROR juju.worker.meterstatus error running "meter-status-changed": charm missing from disk
machine-2: 07:13:30 ERROR juju.worker.dependency "kvm-container-provisioner" manifold worker returned unexpected error: container types not yet available
machine-2: 07:13:30 ERROR juju.worker.dependency "lxd-container-provisioner" manifold worker returned unexpected error: container types not yet available
unit-mysql-1: 07:13:30 ERROR juju.worker.meterstatus error running "meter-status-changed": charm missing from disk
machine-1: 07:13:39 ERROR juju.worker.dependency "lxd-container-provisioner" manifold worker returned unexpected error: container types not yet available
machine-1: 07:13:39 ERROR juju.worker.dependency "kvm-container-provisioner" manifold worker returned unexpected error: container types not yet available
unit-mysql-0: 07:13:39 ERROR juju.worker.meterstatus error running "meter-status-changed": charm missing from disk
machine-3: 07:13:50 ERROR juju.worker.dependency "kvm-container-provisioner" manifold worker returned unexpected error: container types not yet available
machine-3: 07:13:50 ERROR juju.worker.dependency "lxd-container-provisioner" manifold worker returned unexpected error: container types not yet available
unit-mysql-2: 07:13:50 ERROR juju.worker.meterstatus error running "meter-status-changed": charm missing from disk
unit-mysql-2: 07:14:45 ERROR unit.mysql/2.juju-log ERROR 2002 (HY000): Can't connect to local MySQL server through socket '/var/snap/charmed-mysql/common/var/run/mysqld/mysqld.sock' (2)
unit-mysql-2: 07:14:45 ERROR unit.mysql/2.juju-log Failed to execute MySQL cli command
Traceback (most recent call last):
  File "/var/lib/juju/agents/unit-mysql-2/charm/lib/charms/mysql/v0/mysql.py", line 3714, in check_mysqlcli_connection
    self._run_mysqlcli_script(
  File "/var/lib/juju/agents/unit-mysql-2/charm/lib/charms/tempo_coordinator_k8s/v0/charm_tracing.py", line 1065, in wrapped_function
    return callable(*args, **kwargs)  # type: ignore
  File "/var/lib/juju/agents/unit-mysql-2/charm/src/mysql_vm_helpers.py", line 872, in _run_mysqlcli_script
    raise MySQLClientError
charms.mysql.v0.mysql.MySQLClientError

During handling of the above exception, another exception occurred:

Traceback (most recent call last):
  File "/var/lib/juju/agents/unit-mysql-2/charm/src/mysql_vm_helpers.py", line 878, in _run_mysqlcli_script
    stdout = subprocess.check_output(command, timeout=timeout, text=True)  # noqa: S603
  File "/usr/lib/python3.10/subprocess.py", line 421, in check_output
    return run(*popenargs, stdout=PIPE, timeout=timeout, check=True,
  File "/usr/lib/python3.10/subprocess.py", line 526, in run
    raise CalledProcessError(retcode, process.args,
subprocess.CalledProcessError: Command '['charmed-mysql.mysql', '-u', 'root', '-N', '-B', '--socket=/var/snap/charmed-mysql/common/var/run/mysqld/mysqld.sock', '-e', 'SELECT 1']' returned non-zero exit status 1.
unit-mysql-2: 07:14:45 ERROR unit.mysql/2.juju-log Failed to connect to MySQL with mysqlcli with default root user

[32mINFO    [0m pytest_operator.plugin:plugin.py:947 Forgetting model main...