[32mINFO    [0m integration.test_saturate_max_connections:test_saturate_max_connections.py:65 Running action to get app connection data
[32mINFO    [0m integration.test_saturate_max_connections:test_saturate_max_connections.py:74 Creating 10 connections
[32mINFO    [0m mysql.connector:__init__.py:149 package: mysql.connector.plugins
[32mINFO    [0m mysql.connector:__init__.py:150 plugin_name: caching_sha2_password
[32mINFO    [0m mysql.connector:__init__.py:154 AUTHENTICATION_PLUGIN_CLASS: MySQLCachingSHA2PasswordAuthPlugin
[32mINFO    [0m integration.test_saturate_max_connections:test_saturate_max_connections.py:78 Ensure all connections are established
[32mINFO    [0m integration.test_saturate_max_connections:test_saturate_max_connections.py:84 Ensure no more client connections are possible
[32mINFO    [0m integration.test_saturate_max_connections:test_saturate_max_connections.py:90 Get cluster status while connections are saturated
[32mINFO    [0m pytest_operator.plugin:plugin.py:862 Model status:

Model    Controller     Cloud/Region         Version  SLA          Timestamp
testing  concierge-lxd  localhost/localhost  3.6.7    unsupported  01:33:45Z

App    Version          Status  Scale  Charm           Channel      Rev  Exposed  Message
app    0.0.2            active      1  mysql-test-app  latest/edge   73  no       
mysql  8.0.41-0ubun...  active      1  mysql                          0  no       

Unit      Workload  Agent  Machine  Public address  Ports           Message
app/0*    active    idle   1        10.115.252.240                  
mysql/0*  active    idle   0        10.115.252.65   3306,33060/tcp  Primary

Machine  State    Address         Inst id        Base          AZ  Message
0        started  10.115.252.65   juju-90b5cd-0  ubuntu@22.04      Running
1        started  10.115.252.240  juju-90b5cd-1  ubuntu@22.04      Running

[32mINFO    [0m pytest_operator.plugin:plugin.py:868 Juju error logs:

machine-1: 01:30:49 ERROR juju.worker.dependency "lxd-container-provisioner" manifold worker returned unexpected error: container types not yet available
machine-1: 01:30:49 ERROR juju.worker.dependency "kvm-container-provisioner" manifold worker returned unexpected error: container types not yet available
unit-app-0: 01:30:49 ERROR juju.worker.meterstatus error running "meter-status-changed": charm missing from disk
machine-0: 01:31:43 ERROR juju.worker.dependency "kvm-container-provisioner" manifold worker returned unexpected error: container types not yet available
machine-0: 01:31:43 ERROR juju.worker.dependency "lxd-container-provisioner" manifold worker returned unexpected error: container types not yet available
unit-mysql-0: 01:31:43 ERROR juju.worker.meterstatus error running "meter-status-changed": charm missing from disk
unit-app-0: 01:33:36 ERROR unit.app/0.juju-log application-peers:3: Unable to write to the database
Traceback (most recent call last):
  File "/var/lib/juju/agents/unit-app-0/charm/venv/lib/python3.10/site-packages/mysql/connector/connection_cext.py", line 291, in _open_connection
    self._cmysql.connect(**cnx_kwargs)
_mysql_connector.MySQLInterfaceError: Can't connect to MySQL server on 'localhost:3306' (111)

The above exception was the direct cause of the following exception:

Traceback (most recent call last):
  File "/var/lib/juju/agents/unit-app-0/charm/src/charm.py", line 274, in _write_random_value
    with MySQLConnector(self._database_config) as cursor:
  File "/var/lib/juju/agents/unit-app-0/charm/src/connector.py", line 42, in __enter__
    self.connection = connector.connect(**self.config)
  File "/var/lib/juju/agents/unit-app-0/charm/venv/lib/python3.10/site-packages/mysql/connector/pooling.py", line 293, in connect
    return CMySQLConnection(*args, **kwargs)
  File "/var/lib/juju/agents/unit-app-0/charm/venv/lib/python3.10/site-packages/mysql/connector/connection_cext.py", line 120, in __init__
    self.connect(**kwargs)
  File "/var/lib/juju/agents/unit-app-0/charm/venv/lib/python3.10/site-packages/mysql/connector/abstracts.py", line 1181, in connect
    self._open_connection()
  File "/var/lib/juju/agents/unit-app-0/charm/venv/lib/python3.10/site-packages/mysql/connector/connection_cext.py", line 296, in _open_connection
    raise get_mysql_exception(
mysql.connector.errors.DatabaseError: 2003 (HY000): Can't connect to MySQL server on 'localhost:3306' (111)

The above exception was the direct cause of the following exception:

Traceback (most recent call last):
  File "/var/lib/juju/agents/unit-app-0/charm/src/charm.py", line 272, in _write_random_value
    for attempt in Retrying(stop=stop_after_delay(60), wait=wait_fixed(5)):
  File "/var/lib/juju/agents/unit-app-0/charm/venv/lib/python3.10/site-packages/tenacity/__init__.py", line 443, in __iter__
    do = self.iter(retry_state=retry_state)
  File "/var/lib/juju/agents/unit-app-0/charm/venv/lib/python3.10/site-packages/tenacity/__init__.py", line 376, in iter
    result = action(retry_state)
  File "/var/lib/juju/agents/unit-app-0/charm/venv/lib/python3.10/site-packages/tenacity/__init__.py", line 419, in exc_check
    raise retry_exc from fut.exception()
tenacity.RetryError: RetryError[<Future at 0x7f588fdea050 state=finished raised DatabaseError>]

[32mINFO    [0m pytest_operator.plugin:plugin.py:947 Forgetting model main...