[32mINFO    [0m pytest_operator.plugin:plugin.py:675 Connecting to existing model localhost-localhost:test on unspecified cloud
[32mINFO    [0m integration.high_availability.conftest:conftest.py:48 Deploying mysql and scaling to 3 units
[32mINFO    [0m juju.model:model.py:2098 Deploying local:mysql-0
[32mINFO    [0m juju.model:model.py:2972 Waiting for model:
  mysql/0 [allocating] waiting: waiting for machine
  mysql/1 [allocating] waiting: waiting for machine
  mysql/2 [allocating] waiting: waiting for machine
[32mINFO    [0m juju.model:model.py:2972 Waiting for model:
  mysql/0 [allocating] waiting: waiting for machine
  mysql/1 [allocating] waiting: waiting for machine
  mysql/2 [allocating] waiting: waiting for machine
[32mINFO    [0m juju.model:model.py:2972 Waiting for model:
  mysql/0 [allocating] waiting: waiting for machine
  mysql/1 [allocating] waiting: waiting for machine
  mysql/2 [allocating] waiting: waiting for machine
[32mINFO    [0m juju.model:model.py:2972 Waiting for model:
  mysql/0 [allocating] waiting: waiting for machine
  mysql/1 [allocating] waiting: waiting for machine
  mysql/2 [allocating] waiting: waiting for machine
[32mINFO    [0m juju.model:model.py:2972 Waiting for model:
  mysql/0 [allocating] waiting: waiting for machine
  mysql/1 [allocating] waiting: waiting for machine
  mysql/2 [allocating] waiting: waiting for machine
[32mINFO    [0m juju.model:model.py:2972 Waiting for model:
  mysql/0 [allocating] waiting: waiting for machine
  mysql/1 [allocating] waiting: waiting for machine
  mysql/2 [allocating] waiting: waiting for machine
[32mINFO    [0m juju.model:model.py:2972 Waiting for model:
  mysql/0 [executing] maintenance: Installing MySQL
  mysql/1 [allocating] waiting: waiting for machine
  mysql/2 [executing] maintenance: Installing MySQL
[32mINFO    [0m juju.model:model.py:2972 Waiting for model:
  mysql/0 [executing] maintenance: Setting up cluster node
  mysql/1 [allocating] waiting: waiting for machine
  mysql/2 [executing] maintenance: Setting up cluster node
[32mINFO    [0m juju.model:model.py:2972 Waiting for model:
  mysql/0 [idle] active: Primary
  mysql/1 [allocating] waiting: waiting for machine
  mysql/2 [executing] maintenance: joining the cluster
[32mINFO    [0m juju.model:model.py:2972 Waiting for model:
  mysql/0 [executing] active: Primary
  mysql/1 [allocating] waiting: waiting for machine
  mysql/2 [executing] active: 
[32mINFO    [0m juju.model:model.py:2972 Waiting for model:
  mysql/1 [allocating] waiting: waiting for machine
[32mINFO    [0m juju.model:model.py:2972 Waiting for model:
  mysql/0 [idle] active: Primary
  mysql/1 [executing] maintenance: Installing MySQL
  mysql/2 [executing] active: 
[32mINFO    [0m juju.model:model.py:2972 Waiting for model:
  mysql/0 [idle] active: Primary
  mysql/1 [executing] maintenance: Setting up cluster node
  mysql/2 [idle] active: 
[32mINFO    [0m juju.model:model.py:2972 Waiting for model:
  mysql/0 [executing] active: Primary
  mysql/1 [executing] active: 
  mysql/2 [executing] active: 
[32mINFO    [0m juju.model:model.py:2972 Waiting for model:
  mysql/1 [idle] active: 
[32mINFO    [0m integration.high_availability.conftest:conftest.py:51 Deploying mysql-test-app
[32mINFO    [0m juju.model:model.py:2098 Deploying ch:amd64/jammy/mysql-test-app-63
[32mINFO    [0m juju.model:model.py:2972 Waiting for model:
  mysql-test-app/0 [allocating] waiting: waiting for machine
[32mINFO    [0m juju.model:model.py:2972 Waiting for model:
  mysql-test-app/0 [allocating] waiting: waiting for machine
[32mINFO    [0m juju.model:model.py:2972 Waiting for model:
  mysql-test-app/0 [allocating] waiting: waiting for machine
[32mINFO    [0m juju.model:model.py:2972 Waiting for model:
  mysql-test-app/0 [allocating] waiting: waiting for machine
[32mINFO    [0m juju.model:model.py:2972 Waiting for model:
  mysql-test-app/0 [idle] waiting: 
[32mINFO    [0m integration.high_availability.conftest:conftest.py:54 Relating mysql with mysql-test-app
[33mWARNING [0m juju.model:model.py:1564 relate is deprecated and will be removed. Use integrate instead.
[32mINFO    [0m juju.model:model.py:2972 Waiting for model:
  mysql/0 [idle] active: Primary
  mysql/1 [idle] active: 
  mysql/2 [idle] active: 
  mysql-test-app/0 [idle] waiting: 
[32mINFO    [0m juju.model:model.py:2972 Waiting for model:
  mysql/0 [idle] active: Primary
  mysql/1 [idle] active: 
  mysql/2 [idle] active: 
[32mINFO    [0m integration.high_availability.conftest:conftest.py:29 Clearing continuous writes
[32mINFO    [0m integration.high_availability.conftest:conftest.py:32 Starting continuous writes
[32mINFO    [0m integration.helpers:helpers.py:485 Retrieving primary unit
[32mINFO    [0m integration.high_availability.high_availability_helpers:high_availability_helpers.py:343 Ensure continuous writes are incrementing
[32mINFO    [0m integration.helpers:helpers.py:485 Retrieving primary unit
[32mINFO    [0m integration.high_availability.high_availability_helpers:high_availability_helpers.py:368 max_written_value=688 on unit mysql/0
[32mINFO    [0m integration.high_availability.high_availability_helpers:high_availability_helpers.py:368 max_written_value=690 on unit mysql/1
[32mINFO    [0m integration.high_availability.high_availability_helpers:high_availability_helpers.py:368 max_written_value=691 on unit mysql/2
[32mINFO    [0m integration.high_availability.test_self_healing:test_self_healing.py:153 Unit mysql/0 it's on machine juju-7271d1-0 âœ…
[32mINFO    [0m integration.high_availability.test_self_healing:test_self_healing.py:169 Cutting network for juju-7271d1-0
[32mINFO    [0m integration.high_availability.test_self_healing:test_self_healing.py:188 Restoring network for juju-7271d1-0
[32mINFO    [0m integration.high_availability.test_self_healing:test_self_healing.py:213 Waiting for mysql/0 to enter active
[32mINFO    [0m integration.high_availability.high_availability_helpers:high_availability_helpers.py:343 Ensure continuous writes are incrementing
[32mINFO    [0m integration.helpers:helpers.py:485 Retrieving primary unit
[32mINFO    [0m integration.high_availability.high_availability_helpers:high_availability_helpers.py:368 max_written_value=13141 on unit mysql/0
[32mINFO    [0m integration.high_availability.high_availability_helpers:high_availability_helpers.py:368 max_written_value=13143 on unit mysql/1
[32mINFO    [0m integration.high_availability.high_availability_helpers:high_availability_helpers.py:368 max_written_value=13146 on unit mysql/2
[32mINFO    [0m integration.helpers:helpers.py:485 Retrieving primary unit
[32mINFO    [0m integration.helpers:helpers.py:485 Retrieving primary unit
[32mINFO    [0m integration.high_availability.conftest:conftest.py:37 Clearing continuous writes
[32mINFO    [0m pytest_operator.plugin:plugin.py:790 Model status:

Model  Controller           Cloud/Region         Version  SLA          Timestamp
test   localhost-localhost  localhost/localhost  3.5.4    unsupported  01:47:20Z

App             Version          Status  Scale  Charm           Channel      Rev  Exposed  Message
mysql           8.0.37-0ubun...  active      3  mysql                          0  no       
mysql-test-app  0.0.2            active      1  mysql-test-app  latest/edge   63  no       Last written value=12217

Unit               Workload  Agent  Machine  Public address  Ports           Message
mysql-test-app/0*  active    idle   3        10.101.133.20                   Last written value=12217
mysql/0            active    idle   0        10.101.133.78   3306,33060/tcp  
mysql/1*           active    idle   1        10.101.133.202  3306,33060/tcp  
mysql/2            active    idle   2        10.101.133.15                   Primary

Machine  State    Address         Inst id        Base          AZ  Message
0        started  10.101.133.78   juju-7271d1-0  ubuntu@22.04      Running
1        started  10.101.133.202  juju-7271d1-1  ubuntu@22.04      Running
2        started  10.101.133.15   juju-7271d1-2  ubuntu@22.04      Running
3        started  10.101.133.20   juju-7271d1-3  ubuntu@22.04      Running

[32mINFO    [0m pytest_operator.plugin:plugin.py:796 Juju error logs:

machine-0: 01:35:03 ERROR juju.worker.dependency "lxd-container-provisioner" manifold worker returned unexpected error: container types not yet available
machine-0: 01:35:03 ERROR juju.worker.dependency "kvm-container-provisioner" manifold worker returned unexpected error: container types not yet available
unit-mysql-0: 01:35:03 ERROR juju.worker.meterstatus error running "meter-status-changed": charm missing from disk
machine-2: 01:35:07 ERROR juju.worker.dependency "kvm-container-provisioner" manifold worker returned unexpected error: container types not yet available
machine-2: 01:35:07 ERROR juju.worker.dependency "lxd-container-provisioner" manifold worker returned unexpected error: container types not yet available
unit-mysql-2: 01:35:07 ERROR juju.worker.meterstatus error running "meter-status-changed": charm missing from disk
machine-1: 01:37:45 ERROR juju.worker.dependency "lxd-container-provisioner" manifold worker returned unexpected error: container types not yet available
machine-1: 01:37:45 ERROR juju.worker.dependency "kvm-container-provisioner" manifold worker returned unexpected error: container types not yet available
unit-mysql-1: 01:37:45 ERROR juju.worker.meterstatus error running "meter-status-changed": charm missing from disk
machine-3: 01:41:23 ERROR juju.worker.dependency "lxd-container-provisioner" manifold worker returned unexpected error: container types not yet available
machine-3: 01:41:23 ERROR juju.worker.dependency "kvm-container-provisioner" manifold worker returned unexpected error: container types not yet available
unit-mysql-test-app-0: 01:41:23 ERROR juju.worker.meterstatus error running "meter-status-changed": charm missing from disk
machine-0: 01:43:33 ERROR juju.worker.dependency "api-caller" manifold worker returned unexpected error: api connection broken unexpectedly
machine-0: 01:43:36 ERROR juju.worker.dependency "api-caller" manifold worker returned unexpected error: [14af8e] "machine-0" cannot open api: unable to connect to API: dial tcp 10.101.133.71:17070: connect: network is unreachable
machine-0: 01:43:40 ERROR juju.worker.dependency "api-caller" manifold worker returned unexpected error: [14af8e] "machine-0" cannot open api: unable to connect to API: dial tcp 10.101.133.71:17070: connect: network is unreachable
unit-mysql-0: 01:44:01 ERROR unit.mysql/0.juju-log Failed to get cluster status for test_cluster
unit-mysql-0: 01:44:36 ERROR unit.mysql/0.juju-log Failed to connect to MySQL with mysqlsh
Traceback (most recent call last):
  File "/var/lib/juju/agents/unit-mysql-0/charm/src/mysql_vm_helpers.py", line 717, in _run_mysqlsh_script
    return subprocess.check_output(
  File "/usr/lib/python3.10/subprocess.py", line 421, in check_output
    return run(*popenargs, stdout=PIPE, timeout=timeout, check=True,
  File "/usr/lib/python3.10/subprocess.py", line 526, in run
    raise CalledProcessError(retcode, process.args,
subprocess.CalledProcessError: Command '['charmed-mysql.mysqlsh', '--no-wizard', '--python', '-f', '/var/snap/charmed-mysql/common/tmp823bxmnl']' returned non-zero exit status 1.

During handling of the above exception, another exception occurred:

Traceback (most recent call last):
  File "/var/lib/juju/agents/unit-mysql-0/charm/lib/charms/mysql/v0/mysql.py", line 3029, in check_mysqlsh_connection
    self._run_mysqlsh_script("\n".join(connect_commands))
  File "/var/lib/juju/agents/unit-mysql-0/charm/lib/charms/tempo_coordinator_k8s/v0/charm_tracing.py", line 734, in wrapped_function
    return callable(*args, **kwargs)  # type: ignore
  File "/var/lib/juju/agents/unit-mysql-0/charm/src/mysql_vm_helpers.py", line 721, in _run_mysqlsh_script
    raise MySQLClientError
charms.mysql.v0.mysql.MySQLClientError

[32mINFO    [0m pytest_operator.plugin:plugin.py:862 Forgetting main...