[32mINFO    [0m integration.high_availability.test_upgrade_skip_pre_upgrade_check:test_upgrade_skip_pre_upgrade_check.py:98 Refresh the charm back to stable channel
[32mINFO    [0m integration.high_availability.test_upgrade_skip_pre_upgrade_check:test_upgrade_skip_pre_upgrade_check.py:105 Wait (120s) for rolling restart OR continue to writes
[32mINFO    [0m integration.high_availability.high_availability_helpers:high_availability_helpers.py:343 Ensure continuous writes are incrementing
[32mINFO    [0m integration.helpers:helpers.py:485 Retrieving primary unit
[32mINFO    [0m integration.high_availability.high_availability_helpers:high_availability_helpers.py:368 max_written_value=4827 on unit mysql/0
[32mINFO    [0m integration.high_availability.high_availability_helpers:high_availability_helpers.py:368 max_written_value=4828 on unit mysql/1
[32mINFO    [0m integration.high_availability.high_availability_helpers:high_availability_helpers.py:368 max_written_value=4829 on unit mysql/2
[32mINFO    [0m pytest_operator.plugin:plugin.py:790 Model status:

Model  Controller           Cloud/Region         Version  SLA          Timestamp
test   localhost-localhost  localhost/localhost  3.5.4    unsupported  01:41:15Z

App             Version          Status  Scale  Charm           Channel      Rev  Exposed  Message
mysql           8.0.36-0ubun...  active      3  mysql           8.0/stable   240  no       
mysql-test-app  0.0.2            active      1  mysql-test-app  latest/edge   63  no       Last written value=1950

Unit               Workload  Agent  Machine  Public address  Ports           Message
mysql-test-app/0*  active    idle   3        10.197.251.23                   Last written value=1950
mysql/0            error     idle   0        10.197.251.161  3306,33060/tcp  hook failed: "config-changed"
mysql/1            error     idle   1        10.197.251.62   3306,33060/tcp  hook failed: "config-changed"
mysql/2*           error     idle   2        10.197.251.167  3306,33060/tcp  hook failed: "config-changed"

Machine  State    Address         Inst id        Base          AZ  Message
0        started  10.197.251.161  juju-da0830-0  ubuntu@22.04      Running
1        started  10.197.251.62   juju-da0830-1  ubuntu@22.04      Running
2        started  10.197.251.167  juju-da0830-2  ubuntu@22.04      Running
3        started  10.197.251.23   juju-da0830-3  ubuntu@22.04      Running

[32mINFO    [0m pytest_operator.plugin:plugin.py:796 Juju error logs:

machine-2: 01:33:51 ERROR juju.worker.dependency "kvm-container-provisioner" manifold worker returned unexpected error: container types not yet available
machine-2: 01:33:52 ERROR juju.worker.dependency "lxd-container-provisioner" manifold worker returned unexpected error: container types not yet available
unit-mysql-2: 01:33:52 ERROR juju.worker.meterstatus error running "meter-status-changed": charm missing from disk
machine-3: 01:33:56 ERROR juju.worker.dependency "lxd-container-provisioner" manifold worker returned unexpected error: container types not yet available
machine-3: 01:33:56 ERROR juju.worker.dependency "kvm-container-provisioner" manifold worker returned unexpected error: container types not yet available
unit-mysql-test-app-0: 01:33:56 ERROR juju.worker.meterstatus error running "meter-status-changed": charm missing from disk
machine-1: 01:34:02 ERROR juju.worker.dependency "lxd-container-provisioner" manifold worker returned unexpected error: container types not yet available
machine-1: 01:34:02 ERROR juju.worker.dependency "kvm-container-provisioner" manifold worker returned unexpected error: container types not yet available
unit-mysql-1: 01:34:02 ERROR juju.worker.meterstatus error running "meter-status-changed": charm missing from disk
machine-0: 01:34:05 ERROR juju.worker.dependency "kvm-container-provisioner" manifold worker returned unexpected error: container types not yet available
machine-0: 01:34:05 ERROR juju.worker.dependency "lxd-container-provisioner" manifold worker returned unexpected error: container types not yet available
unit-mysql-0: 01:34:06 ERROR juju.worker.meterstatus error running "meter-status-changed": charm missing from disk
unit-mysql-0: 01:37:16 ERROR unit.mysql/0.juju-log Cluster upgrade failed, ensure pre-upgrade checks are ran first.
unit-mysql-1: 01:37:16 ERROR unit.mysql/1.juju-log Cluster upgrade failed, ensure pre-upgrade checks are ran first.
unit-mysql-2: 01:37:17 ERROR unit.mysql/2.juju-log Cluster upgrade failed, ensure pre-upgrade checks are ran first.
unit-mysql-0: 01:37:18 ERROR unit.mysql/0.juju-log Failed to get value for variable='super_read_only'
Traceback (most recent call last):
  File "/var/lib/juju/agents/unit-mysql-0/charm/src/mysql_vm_helpers.py", line 717, in _run_mysqlsh_script
    return subprocess.check_output(
  File "/usr/lib/python3.10/subprocess.py", line 421, in check_output
    return run(*popenargs, stdout=PIPE, timeout=timeout, check=True,
  File "/usr/lib/python3.10/subprocess.py", line 526, in run
    raise CalledProcessError(retcode, process.args,
subprocess.CalledProcessError: Command '['charmed-mysql.mysqlsh', '--no-wizard', '--python', '-f', '/var/snap/charmed-mysql/common/tmpcu_79jvm']' returned non-zero exit status 1.

During handling of the above exception, another exception occurred:

Traceback (most recent call last):
  File "/var/lib/juju/agents/unit-mysql-0/charm/lib/charms/mysql/v0/mysql.py", line 1425, in get_variable_value
    output = self._run_mysqlsh_script("\n".join(get_var_command))
  File "/var/lib/juju/agents/unit-mysql-0/charm/lib/charms/tempo_coordinator_k8s/v0/charm_tracing.py", line 734, in wrapped_function
    return callable(*args, **kwargs)  # type: ignore
  File "/var/lib/juju/agents/unit-mysql-0/charm/src/mysql_vm_helpers.py", line 721, in _run_mysqlsh_script
    raise MySQLClientError
charms.mysql.v0.mysql.MySQLClientError
unit-mysql-1: 01:37:18 ERROR unit.mysql/1.juju-log Failed to get value for variable='super_read_only'
Traceback (most recent call last):
  File "/var/lib/juju/agents/unit-mysql-1/charm/src/mysql_vm_helpers.py", line 717, in _run_mysqlsh_script
    return subprocess.check_output(
  File "/usr/lib/python3.10/subprocess.py", line 421, in check_output
    return run(*popenargs, stdout=PIPE, timeout=timeout, check=True,
  File "/usr/lib/python3.10/subprocess.py", line 526, in run
    raise CalledProcessError(retcode, process.args,
subprocess.CalledProcessError: Command '['charmed-mysql.mysqlsh', '--no-wizard', '--python', '-f', '/var/snap/charmed-mysql/common/tmpknyr5a_7']' returned non-zero exit status 1.

During handling of the above exception, another exception occurred:

Traceback (most recent call last):
  File "/var/lib/juju/agents/unit-mysql-1/charm/lib/charms/mysql/v0/mysql.py", line 1425, in get_variable_value
    output = self._run_mysqlsh_script("\n".join(get_var_command))
  File "/var/lib/juju/agents/unit-mysql-1/charm/lib/charms/tempo_coordinator_k8s/v0/charm_tracing.py", line 734, in wrapped_function
    return callable(*args, **kwargs)  # type: ignore
  File "/var/lib/juju/agents/unit-mysql-1/charm/src/mysql_vm_helpers.py", line 721, in _run_mysqlsh_script
    raise MySQLClientError
charms.mysql.v0.mysql.MySQLClientError
unit-mysql-2: 01:37:18 ERROR unit.mysql/2.juju-log Failed to get value for variable='super_read_only'
Traceback (most recent call last):
  File "/var/lib/juju/agents/unit-mysql-2/charm/src/mysql_vm_helpers.py", line 717, in _run_mysqlsh_script
    return subprocess.check_output(
  File "/usr/lib/python3.10/subprocess.py", line 421, in check_output
    return run(*popenargs, stdout=PIPE, timeout=timeout, check=True,
  File "/usr/lib/python3.10/subprocess.py", line 526, in run
    raise CalledProcessError(retcode, process.args,
subprocess.CalledProcessError: Command '['charmed-mysql.mysqlsh', '--no-wizard', '--python', '-f', '/var/snap/charmed-mysql/common/tmp6fopt428']' returned non-zero exit status 1.

During handling of the above exception, another exception occurred:

Traceback (most recent call last):
  File "/var/lib/juju/agents/unit-mysql-2/charm/lib/charms/mysql/v0/mysql.py", line 1425, in get_variable_value
    output = self._run_mysqlsh_script("\n".join(get_var_command))
  File "/var/lib/juju/agents/unit-mysql-2/charm/lib/charms/tempo_coordinator_k8s/v0/charm_tracing.py", line 734, in wrapped_function
    return callable(*args, **kwargs)  # type: ignore
  File "/var/lib/juju/agents/unit-mysql-2/charm/src/mysql_vm_helpers.py", line 721, in _run_mysqlsh_script
    raise MySQLClientError
charms.mysql.v0.mysql.MySQLClientError
unit-mysql-2: 01:37:19 ERROR unit.mysql/2.juju-log Failed to get cluster status for cluster-b1ad710ab58e77a519c5d13dfdfa31ea
unit-mysql-0: 01:37:50 ERROR unit.mysql/0.juju-log restart:2: Failed to get cluster status for cluster-b1ad710ab58e77a519c5d13dfdfa31ea
unit-mysql-1: 01:38:17 ERROR unit.mysql/1.juju-log restart:2: Failed to get cluster status for cluster-b1ad710ab58e77a519c5d13dfdfa31ea
unit-mysql-1: 01:39:25 ERROR unit.mysql/1.juju-log Cluster upgrade failed, ensure pre-upgrade checks are ran first.
unit-mysql-0: 01:39:26 ERROR unit.mysql/0.juju-log Cluster upgrade failed, ensure pre-upgrade checks are ran first.
unit-mysql-2: 01:39:27 ERROR unit.mysql/2.juju-log Cluster upgrade failed, ensure pre-upgrade checks are ran first.
unit-mysql-1: 01:39:27 ERROR unit.mysql/1.juju-log Uncaught exception while in charm code:
Traceback (most recent call last):
  File "/var/lib/juju/agents/unit-mysql-1/charm/./src/charm.py", line 860, in <module>
    main(MySQLOperatorCharm)
  File "/var/lib/juju/agents/unit-mysql-1/charm/venv/ops/main.py", line 436, in main
    _emit_charm_event(charm, dispatcher.event_name)
  File "/var/lib/juju/agents/unit-mysql-1/charm/venv/ops/main.py", line 144, in _emit_charm_event
    event_to_emit.emit(*args, **kwargs)
  File "/var/lib/juju/agents/unit-mysql-1/charm/venv/ops/framework.py", line 351, in emit
    framework._emit(event)
  File "/var/lib/juju/agents/unit-mysql-1/charm/venv/ops/framework.py", line 853, in _emit
    self._reemit(event_path)
  File "/var/lib/juju/agents/unit-mysql-1/charm/venv/ops/framework.py", line 942, in _reemit
    custom_handler(event)
  File "/var/lib/juju/agents/unit-mysql-1/charm/lib/charms/tempo_k8s/v1/charm_tracing.py", line 544, in wrapped_function
    return callable(*args, **kwargs)  # type: ignore
  File "/var/lib/juju/agents/unit-mysql-1/charm/./src/charm.py", line 308, in _on_config_changed
    self._mysql.set_dynamic_variable(config, new_config_dict[config])
KeyError: 'admin_address'
unit-mysql-0: 01:39:27 ERROR unit.mysql/0.juju-log Uncaught exception while in charm code:
Traceback (most recent call last):
  File "/var/lib/juju/agents/unit-mysql-0/charm/./src/charm.py", line 860, in <module>
    main(MySQLOperatorCharm)
  File "/var/lib/juju/agents/unit-mysql-0/charm/venv/ops/main.py", line 436, in main
    _emit_charm_event(charm, dispatcher.event_name)
  File "/var/lib/juju/agents/unit-mysql-0/charm/venv/ops/main.py", line 144, in _emit_charm_event
    event_to_emit.emit(*args, **kwargs)
  File "/var/lib/juju/agents/unit-mysql-0/charm/venv/ops/framework.py", line 351, in emit
    framework._emit(event)
  File "/var/lib/juju/agents/unit-mysql-0/charm/venv/ops/framework.py", line 853, in _emit
    self._reemit(event_path)
  File "/var/lib/juju/agents/unit-mysql-0/charm/venv/ops/framework.py", line 942, in _reemit
    custom_handler(event)
  File "/var/lib/juju/agents/unit-mysql-0/charm/lib/charms/tempo_k8s/v1/charm_tracing.py", line 544, in wrapped_function
    return callable(*args, **kwargs)  # type: ignore
  File "/var/lib/juju/agents/unit-mysql-0/charm/./src/charm.py", line 308, in _on_config_changed
    self._mysql.set_dynamic_variable(config, new_config_dict[config])
KeyError: 'loose-audit_log_format'
unit-mysql-1: 01:39:27 ERROR juju.worker.uniter.operation hook "config-changed" (via hook dispatching script: dispatch) failed: exit status 1
unit-mysql-0: 01:39:27 ERROR juju.worker.uniter.operation hook "config-changed" (via hook dispatching script: dispatch) failed: exit status 1
unit-mysql-2: 01:39:28 ERROR unit.mysql/2.juju-log Uncaught exception while in charm code:
Traceback (most recent call last):
  File "/var/lib/juju/agents/unit-mysql-2/charm/./src/charm.py", line 860, in <module>
    main(MySQLOperatorCharm)
  File "/var/lib/juju/agents/unit-mysql-2/charm/venv/ops/main.py", line 436, in main
    _emit_charm_event(charm, dispatcher.event_name)
  File "/var/lib/juju/agents/unit-mysql-2/charm/venv/ops/main.py", line 144, in _emit_charm_event
    event_to_emit.emit(*args, **kwargs)
  File "/var/lib/juju/agents/unit-mysql-2/charm/venv/ops/framework.py", line 351, in emit
    framework._emit(event)
  File "/var/lib/juju/agents/unit-mysql-2/charm/venv/ops/framework.py", line 853, in _emit
    self._reemit(event_path)
  File "/var/lib/juju/agents/unit-mysql-2/charm/venv/ops/framework.py", line 942, in _reemit
    custom_handler(event)
  File "/var/lib/juju/agents/unit-mysql-2/charm/lib/charms/tempo_k8s/v1/charm_tracing.py", line 544, in wrapped_function
    return callable(*args, **kwargs)  # type: ignore
  File "/var/lib/juju/agents/unit-mysql-2/charm/./src/charm.py", line 308, in _on_config_changed
    self._mysql.set_dynamic_variable(config, new_config_dict[config])
KeyError: 'loose-audit_log_file'
unit-mysql-2: 01:39:28 ERROR juju.worker.uniter.operation hook "config-changed" (via hook dispatching script: dispatch) failed: exit status 1
unit-mysql-1: 01:39:33 ERROR unit.mysql/1.juju-log Uncaught exception while in charm code:
Traceback (most recent call last):
  File "/var/lib/juju/agents/unit-mysql-1/charm/./src/charm.py", line 860, in <module>
    main(MySQLOperatorCharm)
  File "/var/lib/juju/agents/unit-mysql-1/charm/venv/ops/main.py", line 436, in main
    _emit_charm_event(charm, dispatcher.event_name)
  File "/var/lib/juju/agents/unit-mysql-1/charm/venv/ops/main.py", line 144, in _emit_charm_event
    event_to_emit.emit(*args, **kwargs)
  File "/var/lib/juju/agents/unit-mysql-1/charm/venv/ops/framework.py", line 351, in emit
    framework._emit(event)
  File "/var/lib/juju/agents/unit-mysql-1/charm/venv/ops/framework.py", line 853, in _emit
    self._reemit(event_path)
  File "/var/lib/juju/agents/unit-mysql-1/charm/venv/ops/framework.py", line 942, in _reemit
    custom_handler(event)
  File "/var/lib/juju/agents/unit-mysql-1/charm/lib/charms/tempo_k8s/v1/charm_tracing.py", line 544, in wrapped_function
    return callable(*args, **kwargs)  # type: ignore
  File "/var/lib/juju/agents/unit-mysql-1/charm/./src/charm.py", line 308, in _on_config_changed
    self._mysql.set_dynamic_variable(config, new_config_dict[config])
KeyError: 'loose-audit_log_file'
unit-mysql-0: 01:39:33 ERROR unit.mysql/0.juju-log Uncaught exception while in charm code:
Traceback (most recent call last):
  File "/var/lib/juju/agents/unit-mysql-0/charm/./src/charm.py", line 860, in <module>
    main(MySQLOperatorCharm)
  File "/var/lib/juju/agents/unit-mysql-0/charm/venv/ops/main.py", line 436, in main
    _emit_charm_event(charm, dispatcher.event_name)
  File "/var/lib/juju/agents/unit-mysql-0/charm/venv/ops/main.py", line 144, in _emit_charm_event
    event_to_emit.emit(*args, **kwargs)
  File "/var/lib/juju/agents/unit-mysql-0/charm/venv/ops/framework.py", line 351, in emit
    framework._emit(event)
  File "/var/lib/juju/agents/unit-mysql-0/charm/venv/ops/framework.py", line 853, in _emit
    self._reemit(event_path)
  File "/var/lib/juju/agents/unit-mysql-0/charm/venv/ops/framework.py", line 942, in _reemit
    custom_handler(event)
  File "/var/lib/juju/agents/unit-mysql-0/charm/lib/charms/tempo_k8s/v1/charm_tracing.py", line 544, in wrapped_function
    return callable(*args, **kwargs)  # type: ignore
  File "/var/lib/juju/agents/unit-mysql-0/charm/./src/charm.py", line 308, in _on_config_changed
    self._mysql.set_dynamic_variable(config, new_config_dict[config])
KeyError: 'admin_address'
unit-mysql-1: 01:39:33 ERROR juju.worker.uniter.operation hook "config-changed" (via hook dispatching script: dispatch) failed: exit status 1
unit-mysql-0: 01:39:33 ERROR juju.worker.uniter.operation hook "config-changed" (via hook dispatching script: dispatch) failed: exit status 1
unit-mysql-2: 01:39:34 ERROR unit.mysql/2.juju-log Uncaught exception while in charm code:
Traceback (most recent call last):
  File "/var/lib/juju/agents/unit-mysql-2/charm/./src/charm.py", line 860, in <module>
    main(MySQLOperatorCharm)
  File "/var/lib/juju/agents/unit-mysql-2/charm/venv/ops/main.py", line 436, in main
    _emit_charm_event(charm, dispatcher.event_name)
  File "/var/lib/juju/agents/unit-mysql-2/charm/venv/ops/main.py", line 144, in _emit_charm_event
    event_to_emit.emit(*args, **kwargs)
  File "/var/lib/juju/agents/unit-mysql-2/charm/venv/ops/framework.py", line 351, in emit
    framework._emit(event)
  File "/var/lib/juju/agents/unit-mysql-2/charm/venv/ops/framework.py", line 853, in _emit
    self._reemit(event_path)
  File "/var/lib/juju/agents/unit-mysql-2/charm/venv/ops/framework.py", line 942, in _reemit
    custom_handler(event)
  File "/var/lib/juju/agents/unit-mysql-2/charm/lib/charms/tempo_k8s/v1/charm_tracing.py", line 544, in wrapped_function
    return callable(*args, **kwargs)  # type: ignore
  File "/var/lib/juju/agents/unit-mysql-2/charm/./src/charm.py", line 308, in _on_config_changed
    self._mysql.set_dynamic_variable(config, new_config_dict[config])
KeyError: 'loose-audit_log_policy'
unit-mysql-2: 01:39:34 ERROR juju.worker.uniter.operation hook "config-changed" (via hook dispatching script: dispatch) failed: exit status 1
unit-mysql-1: 01:39:44 ERROR unit.mysql/1.juju-log Uncaught exception while in charm code:
Traceback (most recent call last):
  File "/var/lib/juju/agents/unit-mysql-1/charm/./src/charm.py", line 860, in <module>
    main(MySQLOperatorCharm)
  File "/var/lib/juju/agents/unit-mysql-1/charm/venv/ops/main.py", line 436, in main
    _emit_charm_event(charm, dispatcher.event_name)
  File "/var/lib/juju/agents/unit-mysql-1/charm/venv/ops/main.py", line 144, in _emit_charm_event
    event_to_emit.emit(*args, **kwargs)
  File "/var/lib/juju/agents/unit-mysql-1/charm/venv/ops/framework.py", line 351, in emit
    framework._emit(event)
  File "/var/lib/juju/agents/unit-mysql-1/charm/venv/ops/framework.py", line 853, in _emit
    self._reemit(event_path)
  File "/var/lib/juju/agents/unit-mysql-1/charm/venv/ops/framework.py", line 942, in _reemit
    custom_handler(event)
  File "/var/lib/juju/agents/unit-mysql-1/charm/lib/charms/tempo_k8s/v1/charm_tracing.py", line 544, in wrapped_function
    return callable(*args, **kwargs)  # type: ignore
  File "/var/lib/juju/agents/unit-mysql-1/charm/./src/charm.py", line 308, in _on_config_changed
    self._mysql.set_dynamic_variable(config, new_config_dict[config])
KeyError: 'admin_address'
unit-mysql-0: 01:39:44 ERROR unit.mysql/0.juju-log Uncaught exception while in charm code:
Traceback (most recent call last):
  File "/var/lib/juju/agents/unit-mysql-0/charm/./src/charm.py", line 860, in <module>
    main(MySQLOperatorCharm)
  File "/var/lib/juju/agents/unit-mysql-0/charm/venv/ops/main.py", line 436, in main
    _emit_charm_event(charm, dispatcher.event_name)
  File "/var/lib/juju/agents/unit-mysql-0/charm/venv/ops/main.py", line 144, in _emit_charm_event
    event_to_emit.emit(*args, **kwargs)
  File "/var/lib/juju/agents/unit-mysql-0/charm/venv/ops/framework.py", line 351, in emit
    framework._emit(event)
  File "/var/lib/juju/agents/unit-mysql-0/charm/venv/ops/framework.py", line 853, in _emit
    self._reemit(event_path)
  File "/var/lib/juju/agents/unit-mysql-0/charm/venv/ops/framework.py", line 942, in _reemit
    custom_handler(event)
  File "/var/lib/juju/agents/unit-mysql-0/charm/lib/charms/tempo_k8s/v1/charm_tracing.py", line 544, in wrapped_function
    return callable(*args, **kwargs)  # type: ignore
  File "/var/lib/juju/agents/unit-mysql-0/charm/./src/charm.py", line 308, in _on_config_changed
    self._mysql.set_dynamic_variable(config, new_config_dict[config])
KeyError: 'loose-audit_log_format'
unit-mysql-1: 01:39:44 ERROR juju.worker.uniter.operation hook "config-changed" (via hook dispatching script: dispatch) failed: exit status 1
unit-mysql-0: 01:39:45 ERROR juju.worker.uniter.operation hook "config-changed" (via hook dispatching script: dispatch) failed: exit status 1
unit-mysql-2: 01:39:45 ERROR unit.mysql/2.juju-log Uncaught exception while in charm code:
Traceback (most recent call last):
  File "/var/lib/juju/agents/unit-mysql-2/charm/./src/charm.py", line 860, in <module>
    main(MySQLOperatorCharm)
  File "/var/lib/juju/agents/unit-mysql-2/charm/venv/ops/main.py", line 436, in main
    _emit_charm_event(charm, dispatcher.event_name)
  File "/var/lib/juju/agents/unit-mysql-2/charm/venv/ops/main.py", line 144, in _emit_charm_event
    event_to_emit.emit(*args, **kwargs)
  File "/var/lib/juju/agents/unit-mysql-2/charm/venv/ops/framework.py", line 351, in emit
    framework._emit(event)
  File "/var/lib/juju/agents/unit-mysql-2/charm/venv/ops/framework.py", line 853, in _emit
    self._reemit(event_path)
  File "/var/lib/juju/agents/unit-mysql-2/charm/venv/ops/framework.py", line 942, in _reemit
    custom_handler(event)
  File "/var/lib/juju/agents/unit-mysql-2/charm/lib/charms/tempo_k8s/v1/charm_tracing.py", line 544, in wrapped_function
    return callable(*args, **kwargs)  # type: ignore
  File "/var/lib/juju/agents/unit-mysql-2/charm/./src/charm.py", line 308, in _on_config_changed
    self._mysql.set_dynamic_variable(config, new_config_dict[config])
KeyError: 'loose-audit_log_file'
unit-mysql-2: 01:39:45 ERROR juju.worker.uniter.operation hook "config-changed" (via hook dispatching script: dispatch) failed: exit status 1
unit-mysql-0: 01:40:05 ERROR unit.mysql/0.juju-log Uncaught exception while in charm code:
Traceback (most recent call last):
  File "/var/lib/juju/agents/unit-mysql-0/charm/./src/charm.py", line 860, in <module>
    main(MySQLOperatorCharm)
  File "/var/lib/juju/agents/unit-mysql-0/charm/venv/ops/main.py", line 436, in main
    _emit_charm_event(charm, dispatcher.event_name)
  File "/var/lib/juju/agents/unit-mysql-0/charm/venv/ops/main.py", line 144, in _emit_charm_event
    event_to_emit.emit(*args, **kwargs)
  File "/var/lib/juju/agents/unit-mysql-0/charm/venv/ops/framework.py", line 351, in emit
    framework._emit(event)
  File "/var/lib/juju/agents/unit-mysql-0/charm/venv/ops/framework.py", line 853, in _emit
    self._reemit(event_path)
  File "/var/lib/juju/agents/unit-mysql-0/charm/venv/ops/framework.py", line 942, in _reemit
    custom_handler(event)
  File "/var/lib/juju/agents/unit-mysql-0/charm/lib/charms/tempo_k8s/v1/charm_tracing.py", line 544, in wrapped_function
    return callable(*args, **kwargs)  # type: ignore
  File "/var/lib/juju/agents/unit-mysql-0/charm/./src/charm.py", line 308, in _on_config_changed
    self._mysql.set_dynamic_variable(config, new_config_dict[config])
KeyError: 'loose-audit_log_strategy'
unit-mysql-0: 01:40:05 ERROR juju.worker.uniter.operation hook "config-changed" (via hook dispatching script: dispatch) failed: exit status 1
unit-mysql-1: 01:40:05 ERROR unit.mysql/1.juju-log Uncaught exception while in charm code:
Traceback (most recent call last):
  File "/var/lib/juju/agents/unit-mysql-1/charm/./src/charm.py", line 860, in <module>
    main(MySQLOperatorCharm)
  File "/var/lib/juju/agents/unit-mysql-1/charm/venv/ops/main.py", line 436, in main
    _emit_charm_event(charm, dispatcher.event_name)
  File "/var/lib/juju/agents/unit-mysql-1/charm/venv/ops/main.py", line 144, in _emit_charm_event
    event_to_emit.emit(*args, **kwargs)
  File "/var/lib/juju/agents/unit-mysql-1/charm/venv/ops/framework.py", line 351, in emit
    framework._emit(event)
  File "/var/lib/juju/agents/unit-mysql-1/charm/venv/ops/framework.py", line 853, in _emit
    self._reemit(event_path)
  File "/var/lib/juju/agents/unit-mysql-1/charm/venv/ops/framework.py", line 942, in _reemit
    custom_handler(event)
  File "/var/lib/juju/agents/unit-mysql-1/charm/lib/charms/tempo_k8s/v1/charm_tracing.py", line 544, in wrapped_function
    return callable(*args, **kwargs)  # type: ignore
  File "/var/lib/juju/agents/unit-mysql-1/charm/./src/charm.py", line 308, in _on_config_changed
    self._mysql.set_dynamic_variable(config, new_config_dict[config])
KeyError: 'binlog_expire_logs_seconds'
unit-mysql-1: 01:40:06 ERROR juju.worker.uniter.operation hook "config-changed" (via hook dispatching script: dispatch) failed: exit status 1
unit-mysql-2: 01:40:06 ERROR unit.mysql/2.juju-log Uncaught exception while in charm code:
Traceback (most recent call last):
  File "/var/lib/juju/agents/unit-mysql-2/charm/./src/charm.py", line 860, in <module>
    main(MySQLOperatorCharm)
  File "/var/lib/juju/agents/unit-mysql-2/charm/venv/ops/main.py", line 436, in main
    _emit_charm_event(charm, dispatcher.event_name)
  File "/var/lib/juju/agents/unit-mysql-2/charm/venv/ops/main.py", line 144, in _emit_charm_event
    event_to_emit.emit(*args, **kwargs)
  File "/var/lib/juju/agents/unit-mysql-2/charm/venv/ops/framework.py", line 351, in emit
    framework._emit(event)
  File "/var/lib/juju/agents/unit-mysql-2/charm/venv/ops/framework.py", line 853, in _emit
    self._reemit(event_path)
  File "/var/lib/juju/agents/unit-mysql-2/charm/venv/ops/framework.py", line 942, in _reemit
    custom_handler(event)
  File "/var/lib/juju/agents/unit-mysql-2/charm/lib/charms/tempo_k8s/v1/charm_tracing.py", line 544, in wrapped_function
    return callable(*args, **kwargs)  # type: ignore
  File "/var/lib/juju/agents/unit-mysql-2/charm/./src/charm.py", line 308, in _on_config_changed
    self._mysql.set_dynamic_variable(config, new_config_dict[config])
KeyError: 'binlog_expire_logs_seconds'
unit-mysql-2: 01:40:06 ERROR juju.worker.uniter.operation hook "config-changed" (via hook dispatching script: dispatch) failed: exit status 1
unit-mysql-0: 01:40:46 ERROR unit.mysql/0.juju-log Uncaught exception while in charm code:
Traceback (most recent call last):
  File "/var/lib/juju/agents/unit-mysql-0/charm/./src/charm.py", line 860, in <module>
    main(MySQLOperatorCharm)
  File "/var/lib/juju/agents/unit-mysql-0/charm/venv/ops/main.py", line 436, in main
    _emit_charm_event(charm, dispatcher.event_name)
  File "/var/lib/juju/agents/unit-mysql-0/charm/venv/ops/main.py", line 144, in _emit_charm_event
    event_to_emit.emit(*args, **kwargs)
  File "/var/lib/juju/agents/unit-mysql-0/charm/venv/ops/framework.py", line 351, in emit
    framework._emit(event)
  File "/var/lib/juju/agents/unit-mysql-0/charm/venv/ops/framework.py", line 853, in _emit
    self._reemit(event_path)
  File "/var/lib/juju/agents/unit-mysql-0/charm/venv/ops/framework.py", line 942, in _reemit
    custom_handler(event)
  File "/var/lib/juju/agents/unit-mysql-0/charm/lib/charms/tempo_k8s/v1/charm_tracing.py", line 544, in wrapped_function
    return callable(*args, **kwargs)  # type: ignore
  File "/var/lib/juju/agents/unit-mysql-0/charm/./src/charm.py", line 308, in _on_config_changed
    self._mysql.set_dynamic_variable(config, new_config_dict[config])
KeyError: 'loose-audit_log_format'
unit-mysql-1: 01:40:46 ERROR unit.mysql/1.juju-log Uncaught exception while in charm code:
Traceback (most recent call last):
  File "/var/lib/juju/agents/unit-mysql-1/charm/./src/charm.py", line 860, in <module>
    main(MySQLOperatorCharm)
  File "/var/lib/juju/agents/unit-mysql-1/charm/venv/ops/main.py", line 436, in main
    _emit_charm_event(charm, dispatcher.event_name)
  File "/var/lib/juju/agents/unit-mysql-1/charm/venv/ops/main.py", line 144, in _emit_charm_event
    event_to_emit.emit(*args, **kwargs)
  File "/var/lib/juju/agents/unit-mysql-1/charm/venv/ops/framework.py", line 351, in emit
    framework._emit(event)
  File "/var/lib/juju/agents/unit-mysql-1/charm/venv/ops/framework.py", line 853, in _emit
    self._reemit(event_path)
  File "/var/lib/juju/agents/unit-mysql-1/charm/venv/ops/framework.py", line 942, in _reemit
    custom_handler(event)
  File "/var/lib/juju/agents/unit-mysql-1/charm/lib/charms/tempo_k8s/v1/charm_tracing.py", line 544, in wrapped_function
    return callable(*args, **kwargs)  # type: ignore
  File "/var/lib/juju/agents/unit-mysql-1/charm/./src/charm.py", line 308, in _on_config_changed
    self._mysql.set_dynamic_variable(config, new_config_dict[config])
KeyError: 'loose-audit_log_format'
unit-mysql-0: 01:40:46 ERROR juju.worker.uniter.operation hook "config-changed" (via hook dispatching script: dispatch) failed: exit status 1
unit-mysql-1: 01:40:46 ERROR juju.worker.uniter.operation hook "config-changed" (via hook dispatching script: dispatch) failed: exit status 1
unit-mysql-2: 01:40:47 ERROR unit.mysql/2.juju-log Uncaught exception while in charm code:
Traceback (most recent call last):
  File "/var/lib/juju/agents/unit-mysql-2/charm/./src/charm.py", line 860, in <module>
    main(MySQLOperatorCharm)
  File "/var/lib/juju/agents/unit-mysql-2/charm/venv/ops/main.py", line 436, in main
    _emit_charm_event(charm, dispatcher.event_name)
  File "/var/lib/juju/agents/unit-mysql-2/charm/venv/ops/main.py", line 144, in _emit_charm_event
    event_to_emit.emit(*args, **kwargs)
  File "/var/lib/juju/agents/unit-mysql-2/charm/venv/ops/framework.py", line 351, in emit
    framework._emit(event)
  File "/var/lib/juju/agents/unit-mysql-2/charm/venv/ops/framework.py", line 853, in _emit
    self._reemit(event_path)
  File "/var/lib/juju/agents/unit-mysql-2/charm/venv/ops/framework.py", line 942, in _reemit
    custom_handler(event)
  File "/var/lib/juju/agents/unit-mysql-2/charm/lib/charms/tempo_k8s/v1/charm_tracing.py", line 544, in wrapped_function
    return callable(*args, **kwargs)  # type: ignore
  File "/var/lib/juju/agents/unit-mysql-2/charm/./src/charm.py", line 308, in _on_config_changed
    self._mysql.set_dynamic_variable(config, new_config_dict[config])
KeyError: 'loose-audit_log_policy'
unit-mysql-2: 01:40:47 ERROR juju.worker.uniter.operation hook "config-changed" (via hook dispatching script: dispatch) failed: exit status 1

[32mINFO    [0m pytest_operator.plugin:plugin.py:862 Forgetting main...