[32mINFO    [0m pytest_operator.plugin:plugin.py:790 Model status:

Model  Controller           Cloud/Region         Version  SLA          Timestamp
test   localhost-localhost  localhost/localhost  3.4.4    unsupported  02:10:44Z

App    Version  Status   Scale  Charm  Channel  Rev  Exposed  Message
mysql           unknown      3  mysql             0  no       

Unit      Workload  Agent  Machine  Public address  Ports  Message
mysql/0*  unknown   idle   0        10.29.38.81            
mysql/1   unknown   idle   1        10.29.38.109           
mysql/2   unknown   idle   2        10.29.38.165           

Machine  State    Address       Inst id        Base          AZ  Message
0        started  10.29.38.81   juju-81e1ac-0  ubuntu@22.04      Running
1        started  10.29.38.109  juju-81e1ac-1  ubuntu@22.04      Running
2        started  10.29.38.165  juju-81e1ac-2  ubuntu@22.04      Running

[32mINFO    [0m pytest_operator.plugin:plugin.py:796 Juju error logs:

machine-0: 01:49:13 ERROR juju.worker.dependency "kvm-container-provisioner" manifold worker returned unexpected error: container types not yet available
machine-0: 01:49:13 ERROR juju.worker.dependency "lxd-container-provisioner" manifold worker returned unexpected error: container types not yet available
unit-mysql-0: 01:49:13 ERROR juju.worker.meterstatus error running "meter-status-changed": charm missing from disk
machine-1: 01:49:18 ERROR juju.worker.dependency "lxd-container-provisioner" manifold worker returned unexpected error: container types not yet available
machine-1: 01:49:18 ERROR juju.worker.dependency "kvm-container-provisioner" manifold worker returned unexpected error: container types not yet available
unit-mysql-1: 01:49:18 ERROR juju.worker.meterstatus error running "meter-status-changed": charm missing from disk
machine-2: 01:49:18 ERROR juju.worker.dependency "lxd-container-provisioner" manifold worker returned unexpected error: container types not yet available
machine-2: 01:49:18 ERROR juju.worker.dependency "kvm-container-provisioner" manifold worker returned unexpected error: container types not yet available
unit-mysql-2: 01:49:18 ERROR juju.worker.meterstatus error running "meter-status-changed": charm missing from disk

[32mINFO    [0m pytest_operator.plugin:plugin.py:862 Forgetting main...
[32mINFO    [0m integration.test_backup_gcp:test_backup_gcp.py:70 Cleaning backups from cloud buckets
[31m[1mERROR   [0m asyncio:base_events.py:1758 Task was destroyed but it is pending!
task: <Task pending name='Task-48' coro=<WebSocketCommonProtocol.keepalive_ping() running at /home/runner/work/mysql-operator/mysql-operator/.tox/integration/lib/python3.10/site-packages/websockets/legacy/protocol.py:1250> wait_for=<Future pending cb=[Task.task_wakeup()]> cb=[gather.<locals>._done_callback() at /usr/lib/python3.10/asyncio/tasks.py:720, gather.<locals>._done_callback() at /usr/lib/python3.10/asyncio/tasks.py:720]>
[31m[1mERROR   [0m asyncio:base_events.py:1758 Task was destroyed but it is pending!
task: <Task pending name='Task_Pinger' coro=<Connection._pinger() running at /home/runner/work/mysql-operator/mysql-operator/.tox/integration/lib/python3.10/site-packages/juju/client/connection.py:619> wait_for=<Future pending cb=[Task.task_wakeup()]> cb=[gather.<locals>._done_callback() at /usr/lib/python3.10/asyncio/tasks.py:720, gather.<locals>._done_callback() at /usr/lib/python3.10/asyncio/tasks.py:720]>
[31m[1mERROR   [0m asyncio:base_events.py:1758 Fatal error on SSL transport
protocol: <asyncio.sslproto.SSLProtocol object at 0x7fa27471a740>
transport: <_SelectorSocketTransport closing fd=10>
Traceback (most recent call last):
  File "/usr/lib/python3.10/asyncio/selector_events.py", line 924, in write
    n = self._sock.send(data)
OSError: [Errno 9] Bad file descriptor

During handling of the above exception, another exception occurred:

Traceback (most recent call last):
  File "/usr/lib/python3.10/asyncio/sslproto.py", line 690, in _process_write_backlog
    self._transport.write(chunk)
  File "/usr/lib/python3.10/asyncio/selector_events.py", line 930, in write
    self._fatal_error(exc, 'Fatal write error on socket transport')
  File "/usr/lib/python3.10/asyncio/selector_events.py", line 725, in _fatal_error
    self._force_close(exc)
  File "/usr/lib/python3.10/asyncio/selector_events.py", line 737, in _force_close
    self._loop.call_soon(self._call_connection_lost, exc)
  File "/usr/lib/python3.10/asyncio/base_events.py", line 753, in call_soon
    self._check_closed()
  File "/usr/lib/python3.10/asyncio/base_events.py", line 515, in _check_closed
    raise RuntimeError('Event loop is closed')
RuntimeError: Event loop is closed
[31m[1mERROR   [0m asyncio:base_events.py:1758 Task was destroyed but it is pending!
task: <Task pending name='Task-47' coro=<WebSocketCommonProtocol.transfer_data() running at /home/runner/work/mysql-operator/mysql-operator/.tox/integration/lib/python3.10/site-packages/websockets/legacy/protocol.py:959> wait_for=<Future pending cb=[Task.task_wakeup()]> cb=[Task.task_wakeup(), <2 more>, gather.<locals>._done_callback() at /usr/lib/python3.10/asyncio/tasks.py:720]>
[31m[1mERROR   [0m asyncio:base_events.py:1758 Task was destroyed but it is pending!
task: <Task pending name='Task-49' coro=<WebSocketCommonProtocol.close_connection() running at /home/runner/work/mysql-operator/mysql-operator/.tox/integration/lib/python3.10/site-packages/websockets/legacy/protocol.py:1302> wait_for=<Task pending name='Task-47' coro=<WebSocketCommonProtocol.transfer_data() running at /home/runner/work/mysql-operator/mysql-operator/.tox/integration/lib/python3.10/site-packages/websockets/legacy/protocol.py:959> wait_for=<Future pending cb=[Task.task_wakeup()]> cb=[Task.task_wakeup(), <2 more>, gather.<locals>._done_callback() at /usr/lib/python3.10/asyncio/tasks.py:720]> cb=[gather.<locals>._done_callback() at /usr/lib/python3.10/asyncio/tasks.py:720, gather.<locals>._done_callback() at /usr/lib/python3.10/asyncio/tasks.py:720]>
[31m[1mERROR   [0m asyncio:base_events.py:1758 Task was destroyed but it is pending!
task: <Task pending name='Task_Receiver' coro=<Connection._receiver() running at /home/runner/work/mysql-operator/mysql-operator/.tox/integration/lib/python3.10/site-packages/juju/client/connection.py:570> wait_for=<Future pending cb=[Task.task_wakeup()]> cb=[gather.<locals>._done_callback() at /usr/lib/python3.10/asyncio/tasks.py:720, gather.<locals>._done_callback() at /usr/lib/python3.10/asyncio/tasks.py:720]>
[31m[1mERROR   [0m asyncio:base_events.py:1758 Task was destroyed but it is pending!
task: <Task pending name='Task-7824' coro=<WebSocketCommonProtocol.recv() running at /home/runner/work/mysql-operator/mysql-operator/.tox/integration/lib/python3.10/site-packages/websockets/legacy/protocol.py:551> wait_for=<Future pending cb=[Task.task_wakeup()]> cb=[create_task_with_handler.<locals>._task_result_exp_handler(task_name='tmp', logger=<Logger juju....ection (INFO)>)() at /home/runner/work/mysql-operator/mysql-operator/.tox/integration/lib/python3.10/site-packages/juju/jasyncio.py:39, <1 more>, gather.<locals>._done_callback() at /usr/lib/python3.10/asyncio/tasks.py:720]>
[31m[1mERROR   [0m asyncio:base_events.py:1758 Task was destroyed but it is pending!
task: <Task pending name='Task-7825' coro=<Event.wait() running at /usr/lib/python3.10/asyncio/locks.py:214> wait_for=<Future pending cb=[Task.task_wakeup()]> cb=[gather.<locals>._done_callback() at /usr/lib/python3.10/asyncio/tasks.py:720, gather.<locals>._done_callback() at /usr/lib/python3.10/asyncio/tasks.py:720]>