[32mINFO    [0m integration.integration.high_availability.conftest:conftest.py:48 Deploying mysql and scaling to 3 units
[32mINFO    [0m integration.integration.high_availability.conftest:conftest.py:51 Deploying mysql-test-app
[32mINFO    [0m integration.integration.high_availability.conftest:conftest.py:54 Relating mysql with mysql-test-app
[32mINFO    [0m jubilant:_juju.py:316 cli: juju status --model testing --format json
[32mINFO    [0m jubilant:_juju.py:316 cli: juju status --model testing --format json
[32mINFO    [0m jubilant:_juju.py:316 cli: juju status --model testing --format json
[32mINFO    [0m jubilant:_juju.py:316 cli: juju run --model testing --format json mysql/2 get-cluster-status --wait 300s --params /root/snap/juju/common/tmp8nrrc784
[32mINFO    [0m root:test_primary_switchover.py:57 Current primary unit: mysql/1
[32mINFO    [0m root:test_primary_switchover.py:63 Unit selected for promotion: mysql/2
[32mINFO    [0m root:test_primary_switchover.py:65 Kill all but one unit to simulate majority loss...
[32mINFO    [0m jubilant:_juju.py:316 cli: juju status --model testing --format json
[32mINFO    [0m jubilant:_juju.py:316 cli: juju status --model testing --format json
[32mINFO    [0m jubilant:_juju.py:316 cli: juju model-config --model testing update-status-hook-interval=45s
[32mINFO    [0m root:test_primary_switchover.py:74 Waiting to settle in error state
[32mINFO    [0m jubilant:_juju.py:316 cli: juju run --model testing --format json mysql/2 promote-to-primary --wait 600s --params /root/snap/juju/common/tmpr3qfj9yb
[32mINFO    [0m jubilant:_juju.py:316 cli: juju model-config --model testing update-status-hook-interval=15s
[32mINFO    [0m root:test_primary_switchover.py:95 Waiting for all units to become active after switchover...
[32mINFO    [0m jubilant:_juju.py:316 cli: juju status --model testing --format json
[32mINFO    [0m jubilant:_juju.py:316 cli: juju run --model testing --format json mysql/2 get-cluster-status --wait 300s --params /root/snap/juju/common/tmp_dhaa7kh
[32mINFO    [0m pytest_operator.plugin:plugin.py:862 Model status:

Model    Controller     Cloud/Region         Version  SLA          Timestamp
testing  concierge-lxd  localhost/localhost  3.6.12   unsupported  02:03:58Z

App             Version          Status  Scale  Charm           Channel      Rev  Exposed  Message
mysql           8.0.42-0ubun...  active      3  mysql                          0  no       
mysql-test-app  0.0.2            active      1  mysql-test-app  latest/edge   85  no       Last written value=138

Unit               Workload  Agent  Machine  Public address  Ports           Message
mysql-test-app/0*  active    idle   3        10.26.61.90                     Last written value=138
mysql/0            active    idle   0        10.26.61.224    3306,33060/tcp  
mysql/1            active    idle   1        10.26.61.142    3306,33060/tcp  
mysql/2*           active    idle   2        10.26.61.218    3306,33060/tcp  Primary

Machine  State    Address       Inst id        Base          AZ             Message
0        started  10.26.61.224  juju-88f8e9-0  ubuntu@22.04  runnervmoqczp  Running
1        started  10.26.61.142  juju-88f8e9-1  ubuntu@22.04  runnervmoqczp  Running
2        started  10.26.61.218  juju-88f8e9-2  ubuntu@22.04  runnervmoqczp  Running
3        started  10.26.61.90   juju-88f8e9-3  ubuntu@22.04  runnervmoqczp  Running

[32mINFO    [0m pytest_operator.plugin:plugin.py:868 Juju error logs:

machine-2: 01:54:21 ERROR juju.worker.dependency "lxd-container-provisioner" manifold worker returned unexpected error: container types not yet available
machine-2: 01:54:21 ERROR juju.worker.dependency "kvm-container-provisioner" manifold worker returned unexpected error: container types not yet available
unit-mysql-2: 01:55:30 ERROR unit.mysql/2.juju-log Failed command: fuser 3306/tcp; user=None; group=None
machine-1: 01:55:45 ERROR juju.worker.dependency "kvm-container-provisioner" manifold worker returned unexpected error: container types not yet available
machine-1: 01:55:45 ERROR juju.worker.dependency "lxd-container-provisioner" manifold worker returned unexpected error: container types not yet available
machine-0: 01:55:56 ERROR juju.worker.dependency "kvm-container-provisioner" manifold worker returned unexpected error: container types not yet available
machine-0: 01:55:56 ERROR juju.worker.dependency "lxd-container-provisioner" manifold worker returned unexpected error: container types not yet available
unit-mysql-1: 01:56:37 ERROR unit.mysql/1.juju-log Failed command: fuser 3306/tcp; user=None; group=None
unit-mysql-0: 01:56:43 ERROR unit.mysql/0.juju-log Failed command: fuser 3306/tcp; user=None; group=None
machine-3: 01:59:15 ERROR juju.worker.dependency "lxd-container-provisioner" manifold worker returned unexpected error: container types not yet available
machine-3: 01:59:15 ERROR juju.worker.dependency "kvm-container-provisioner" manifold worker returned unexpected error: container types not yet available
unit-mysql-1: 02:00:58 ERROR unit.mysql/1.juju-log Failed to execute mysql-shell command
Traceback (most recent call last):
  File "/var/lib/juju/agents/unit-mysql-1/charm/src/mysql_vm_helpers.py", line 774, in _run_mysqlsh_script
    output = subprocess.check_output(  # noqa: S603
  File "/usr/lib/python3.10/subprocess.py", line 421, in check_output
    return run(*popenargs, stdout=PIPE, timeout=timeout, check=True,
  File "/usr/lib/python3.10/subprocess.py", line 526, in run
    raise CalledProcessError(retcode, process.args,
subprocess.CalledProcessError: Command '['charmed-mysql.mysqlsh', '--passwords-from-stdin', '--uri=serverconfig@10.26.61.224:33062', '--python', '-c', "shell.options.set('useWizards', False)\nprint('###')\nshell.connect_to_primary()\nprimary_address = shell.parse_uri(session.uri)['host']\nprint(f'<PRIMARY_ADDRESS>{primary_address}</PRIMARY_ADDRESS>')"]' returned non-zero exit status 1.
unit-mysql-0: 02:00:58 ERROR unit.mysql/0.juju-log Failed to execute mysql-shell command
Traceback (most recent call last):
  File "/var/lib/juju/agents/unit-mysql-0/charm/src/mysql_vm_helpers.py", line 774, in _run_mysqlsh_script
    output = subprocess.check_output(  # noqa: S603
  File "/usr/lib/python3.10/subprocess.py", line 421, in check_output
    return run(*popenargs, stdout=PIPE, timeout=timeout, check=True,
  File "/usr/lib/python3.10/subprocess.py", line 526, in run
    raise CalledProcessError(retcode, process.args,
subprocess.CalledProcessError: Command '['charmed-mysql.mysqlsh', '--passwords-from-stdin', '--uri=serverconfig@10.26.61.142:33062', '--python', '-c', "shell.options.set('useWizards', False)\nprint('###')\nshell.connect_to_primary()\nprimary_address = shell.parse_uri(session.uri)['host']\nprint(f'<PRIMARY_ADDRESS>{primary_address}</PRIMARY_ADDRESS>')"]' returned non-zero exit status 1.
unit-mysql-1: 02:00:58 ERROR unit.mysql/1.juju-log Failed to execute mysql-shell command
Traceback (most recent call last):
  File "/var/lib/juju/agents/unit-mysql-1/charm/src/mysql_vm_helpers.py", line 774, in _run_mysqlsh_script
    output = subprocess.check_output(  # noqa: S603
  File "/usr/lib/python3.10/subprocess.py", line 421, in check_output
    return run(*popenargs, stdout=PIPE, timeout=timeout, check=True,
  File "/usr/lib/python3.10/subprocess.py", line 526, in run
    raise CalledProcessError(retcode, process.args,
subprocess.CalledProcessError: Command '['charmed-mysql.mysqlsh', '--passwords-from-stdin', '--uri=serverconfig@10.26.61.218:33062', '--python', '-c', "shell.options.set('useWizards', False)\nprint('###')\nshell.connect_to_primary()\nprimary_address = shell.parse_uri(session.uri)['host']\nprint(f'<PRIMARY_ADDRESS>{primary_address}</PRIMARY_ADDRESS>')"]' returned non-zero exit status 1.
unit-mysql-0: 02:00:59 ERROR unit.mysql/0.juju-log Failed to execute mysql-shell command
Traceback (most recent call last):
  File "/var/lib/juju/agents/unit-mysql-0/charm/src/mysql_vm_helpers.py", line 774, in _run_mysqlsh_script
    output = subprocess.check_output(  # noqa: S603
  File "/usr/lib/python3.10/subprocess.py", line 421, in check_output
    return run(*popenargs, stdout=PIPE, timeout=timeout, check=True,
  File "/usr/lib/python3.10/subprocess.py", line 526, in run
    raise CalledProcessError(retcode, process.args,
subprocess.CalledProcessError: Command '['charmed-mysql.mysqlsh', '--passwords-from-stdin', '--uri=serverconfig@10.26.61.218:33062', '--python', '-c', "shell.options.set('useWizards', False)\nprint('###')\nshell.connect_to_primary()\nprimary_address = shell.parse_uri(session.uri)['host']\nprint(f'<PRIMARY_ADDRESS>{primary_address}</PRIMARY_ADDRESS>')"]' returned non-zero exit status 1.
unit-mysql-1: 02:01:25 ERROR unit.mysql/1.juju-log Failed to execute mysql-shell command
Traceback (most recent call last):
  File "/var/lib/juju/agents/unit-mysql-1/charm/src/mysql_vm_helpers.py", line 774, in _run_mysqlsh_script
    output = subprocess.check_output(  # noqa: S603
  File "/usr/lib/python3.10/subprocess.py", line 421, in check_output
    return run(*popenargs, stdout=PIPE, timeout=timeout, check=True,
  File "/usr/lib/python3.10/subprocess.py", line 526, in run
    raise CalledProcessError(retcode, process.args,
subprocess.CalledProcessError: Command '['charmed-mysql.mysqlsh', '--passwords-from-stdin', '--uri=serverconfig@10.26.61.218:33062', '--python', '-c', "shell.options.set('useWizards', False)\nprint('###')\nshell.connect_to_primary()\nprimary_address = shell.parse_uri(session.uri)['host']\nprint(f'<PRIMARY_ADDRESS>{primary_address}</PRIMARY_ADDRESS>')"]' returned non-zero exit status 1.
unit-mysql-0: 02:01:36 ERROR unit.mysql/0.juju-log Failed to execute mysql-shell command
Traceback (most recent call last):
  File "/var/lib/juju/agents/unit-mysql-0/charm/src/mysql_vm_helpers.py", line 774, in _run_mysqlsh_script
    output = subprocess.check_output(  # noqa: S603
  File "/usr/lib/python3.10/subprocess.py", line 421, in check_output
    return run(*popenargs, stdout=PIPE, timeout=timeout, check=True,
  File "/usr/lib/python3.10/subprocess.py", line 526, in run
    raise CalledProcessError(retcode, process.args,
subprocess.CalledProcessError: Command '['charmed-mysql.mysqlsh', '--passwords-from-stdin', '--uri=serverconfig@10.26.61.218:33062', '--python', '-c', "shell.options.set('useWizards', False)\nprint('###')\nshell.connect_to_primary()\nprimary_address = shell.parse_uri(session.uri)['host']\nprint(f'<PRIMARY_ADDRESS>{primary_address}</PRIMARY_ADDRESS>')"]' returned non-zero exit status 1.

[32mINFO    [0m pytest_operator.plugin:plugin.py:947 Forgetting model main...
[32mINFO    [0m jubilant:_juju.py:316 cli: juju debug-log --model testing --limit 1000