[32mINFO    [0m integration.high_availability.conftest:conftest.py:29 Clearing continuous writes
[32mINFO    [0m integration.high_availability.conftest:conftest.py:32 Starting continuous writes
[32mINFO    [0m integration.high_availability.test_upgrade_rollback_incompat:test_upgrade_rollback_incompat.py:161 Get leader unit
[32mINFO    [0m integration.high_availability.test_upgrade_rollback_incompat:test_upgrade_rollback_incompat.py:167 Run pre-upgrade-check action
[32mINFO    [0m integration.high_availability.test_upgrade_rollback_incompat:test_upgrade_rollback_incompat.py:171 Refresh with previous charm
[32mINFO    [0m integration.high_availability.test_upgrade_rollback_incompat:test_upgrade_rollback_incompat.py:174 Wait for upgrade to start
[32mINFO    [0m juju.model:model.py:3211 Waiting for model:
  mysql/0 [idle] waiting: other units upgrading first...
  mysql/1 [idle] blocked: upgrade failed. Check logs for rollback instruction
  mysql/2 [idle] blocked: ready to rollback application
[32mINFO    [0m juju.model:model.py:3211 Waiting for model:
  mysql/0 [idle] waiting: other units upgrading first...
  mysql/1 [executing] maintenance: upgrading snap...
  mysql/2 [idle] waiting: other units upgrading first...
[32mINFO    [0m juju.model:model.py:3211 Waiting for model:
  mysql/0 [idle] waiting: other units upgrading first...
  mysql/1 [executing] maintenance: starting services...
  mysql/2 [idle] waiting: other units upgrading first...
[32mINFO    [0m juju.model:model.py:3211 Waiting for model:
  mysql/0 [idle] waiting: other units upgrading first...
  mysql/1 [executing] maintenance: starting services...
  mysql/2 [idle] waiting: other units upgrading first...
[32mINFO    [0m juju.model:model.py:3211 Waiting for model:
  mysql/0 [idle] waiting: other units upgrading first...
  mysql/1 [executing] maintenance: starting services...
  mysql/2 [idle] waiting: other units upgrading first...
[32mINFO    [0m juju.model:model.py:3211 Waiting for model:
  mysql/0 [idle] waiting: other units upgrading first...
  mysql/1 [executing] maintenance: starting services...
  mysql/2 [idle] waiting: other units upgrading first...
[32mINFO    [0m juju.model:model.py:3211 Waiting for model:
  mysql/0 [idle] waiting: other units upgrading first...
  mysql/1 [executing] maintenance: starting services...
  mysql/2 [idle] waiting: other units upgrading first...
[32mINFO    [0m juju.model:model.py:3211 Waiting for model:
  mysql/0 [idle] waiting: other units upgrading first...
  mysql/1 [executing] maintenance: joining the cluster
  mysql/2 [idle] waiting: other units upgrading first...
[32mINFO    [0m juju.model:model.py:3211 Waiting for model:
  mysql/0 [executing] maintenance: recovering unit after upgrade
  mysql/1 [idle] maintenance: upgrade completed
  mysql/2 [idle] waiting: other units upgrading first...
[32mINFO    [0m juju.model:model.py:3211 Waiting for model:
  mysql/0 [idle] maintenance: upgrade completed
  mysql/1 [idle] maintenance: upgrade completed
  mysql/2 [executing] maintenance: stopping services..
[32mINFO    [0m juju.model:model.py:3211 Waiting for model:
  mysql/0 [idle] active: 
  mysql/1 [idle] maintenance: upgrade completed
  mysql/2 [executing] active: 
[32mINFO    [0m juju.model:model.py:3211 Waiting for model:
  mysql/1 [idle] maintenance: upgrade completed
[32mINFO    [0m juju.model:model.py:3211 Waiting for model:
  mysql/1 [idle] maintenance: upgrade completed
[32mINFO    [0m juju.model:model.py:3211 Waiting for model:
  mysql/1 [executing] maintenance: upgrade completed
[32mINFO    [0m juju.model:model.py:3211 Waiting for model:
  mysql/1 [executing] active: 
[32mINFO    [0m juju.model:model.py:3211 Waiting for model:
  mysql/1 [executing] active: 
[32mINFO    [0m juju.model:model.py:3211 Waiting for model:
  mysql/1 [executing] active: 
[32mINFO    [0m juju.model:model.py:3211 Waiting for model:
  mysql/1 [idle] active: 
[32mINFO    [0m integration.high_availability.test_upgrade_rollback_incompat:test_upgrade_rollback_incompat.py:181 Ensure rollback has taken place
[32mINFO    [0m integration.high_availability.test_upgrade_rollback_incompat:test_upgrade_rollback_incompat.py:186 Ensure continuous_writes after rollback procedure
[32mINFO    [0m integration.high_availability.high_availability_helpers:high_availability_helpers.py:343 Ensure continuous writes are incrementing
[32mINFO    [0m integration.helpers:helpers.py:480 Retrieving primary unit
[32mINFO    [0m integration.high_availability.high_availability_helpers:high_availability_helpers.py:368 max_written_value=31736 on unit mysql/0
[32mINFO    [0m integration.high_availability.high_availability_helpers:high_availability_helpers.py:368 max_written_value=31736 on unit mysql/0
[32mINFO    [0m integration.high_availability.high_availability_helpers:high_availability_helpers.py:368 max_written_value=31736 on unit mysql/0
[32mINFO    [0m integration.high_availability.high_availability_helpers:high_availability_helpers.py:368 max_written_value=32580 on unit mysql/0
[32mINFO    [0m integration.high_availability.high_availability_helpers:high_availability_helpers.py:368 max_written_value=32588 on unit mysql/1
[32mINFO    [0m integration.high_availability.high_availability_helpers:high_availability_helpers.py:368 max_written_value=32596 on unit mysql/2
[32mINFO    [0m integration.high_availability.conftest:conftest.py:37 Clearing continuous writes
[32mINFO    [0m pytest_operator.plugin:plugin.py:790 Model status:

Model  Controller           Cloud/Region         Version  SLA          Timestamp
test   localhost-localhost  localhost/localhost  3.6.2    unsupported  01:50:10Z

App             Version          Status  Scale  Charm           Channel      Rev  Exposed  Message
mysql           8.0.34-0ubun...  active      3  mysql                          1  no       
mysql-test-app  0.0.2            active      1  mysql-test-app  latest/edge   63  no       Last written value=32535

Unit               Workload  Agent  Machine  Public address  Ports           Message
mysql-test-app/0*  active    idle   3        10.45.23.163                    Last written value=32535
mysql/0            active    idle   0        10.45.23.166    3306,33060/tcp  
mysql/1            active    idle   1        10.45.23.117    3306,33060/tcp  
mysql/2*           active    idle   2        10.45.23.226    3306,33060/tcp  

Machine  State    Address       Inst id        Base          AZ  Message
0        started  10.45.23.166  juju-6212a6-0  ubuntu@22.04      Running
1        started  10.45.23.117  juju-6212a6-1  ubuntu@22.04      Running
2        started  10.45.23.226  juju-6212a6-2  ubuntu@22.04      Running
3        started  10.45.23.163  juju-6212a6-3  ubuntu@22.04      Running

[32mINFO    [0m pytest_operator.plugin:plugin.py:796 Juju error logs:

machine-2: 01:31:54 ERROR juju.worker.dependency "lxd-container-provisioner" manifold worker returned unexpected error: container types not yet available
machine-2: 01:31:54 ERROR juju.worker.dependency "kvm-container-provisioner" manifold worker returned unexpected error: container types not yet available
unit-mysql-2: 01:31:54 ERROR juju.worker.meterstatus error running "meter-status-changed": charm missing from disk
machine-3: 01:31:59 ERROR juju.worker.dependency "lxd-container-provisioner" manifold worker returned unexpected error: container types not yet available
machine-3: 01:31:59 ERROR juju.worker.dependency "kvm-container-provisioner" manifold worker returned unexpected error: container types not yet available
unit-mysql-test-app-0: 01:31:59 ERROR juju.worker.meterstatus error running "meter-status-changed": charm missing from disk
machine-1: 01:32:00 ERROR juju.worker.dependency "lxd-container-provisioner" manifold worker returned unexpected error: container types not yet available
machine-1: 01:32:00 ERROR juju.worker.dependency "kvm-container-provisioner" manifold worker returned unexpected error: container types not yet available
unit-mysql-1: 01:32:00 ERROR juju.worker.meterstatus error running "meter-status-changed": charm missing from disk
machine-0: 01:32:01 ERROR juju.worker.dependency "lxd-container-provisioner" manifold worker returned unexpected error: container types not yet available
machine-0: 01:32:01 ERROR juju.worker.dependency "kvm-container-provisioner" manifold worker returned unexpected error: container types not yet available
unit-mysql-0: 01:32:02 ERROR juju.worker.meterstatus error running "meter-status-changed": charm missing from disk
unit-mysql-1: 01:40:04 CRITICAL unit.mysql/1.juju-log upgrade:1: Upgrade failed, follow the instructions below to rollback:
    1. Re-run `pre-upgrade-check` action on the leader unit to enter 'recovery' state
    2. Run `juju refresh` to the previously deployed charm revision or local charm file
unit-mysql-1: 01:43:20 ERROR unit.mysql/1.juju-log upgrade:1: Failed to start mysqld
Traceback (most recent call last):
  File "/var/lib/juju/agents/unit-mysql-1/charm/src/mysql_vm_helpers.py", line 649, in start_mysqld
    self.wait_until_mysql_connection()
  File "/var/lib/juju/agents/unit-mysql-1/charm/lib/charms/tempo_coordinator_k8s/v0/charm_tracing.py", line 734, in wrapped_function
    return callable(*args, **kwargs)  # type: ignore
  File "/var/lib/juju/agents/unit-mysql-1/charm/venv/lib/python3.10/site-packages/tenacity/__init__.py", line 289, in wrapped_f
    return self(f, *args, **kw)
  File "/var/lib/juju/agents/unit-mysql-1/charm/venv/lib/python3.10/site-packages/tenacity/__init__.py", line 379, in __call__
    do = self.iter(retry_state=retry_state)
  File "/var/lib/juju/agents/unit-mysql-1/charm/venv/lib/python3.10/site-packages/tenacity/__init__.py", line 325, in iter
    raise retry_exc.reraise()
  File "/var/lib/juju/agents/unit-mysql-1/charm/venv/lib/python3.10/site-packages/tenacity/__init__.py", line 158, in reraise
    raise self.last_attempt.result()
  File "/usr/lib/python3.10/concurrent/futures/_base.py", line 451, in result
    return self.__get_result()
  File "/usr/lib/python3.10/concurrent/futures/_base.py", line 403, in __get_result
    raise self._exception
  File "/var/lib/juju/agents/unit-mysql-1/charm/venv/lib/python3.10/site-packages/tenacity/__init__.py", line 382, in __call__
    result = fn(*args, **kwargs)
  File "/var/lib/juju/agents/unit-mysql-1/charm/src/mysql_vm_helpers.py", line 411, in wait_until_mysql_connection
    raise MySQLServiceNotRunningError("MySQL socket file not found")
charms.mysql.v0.mysql.MySQLServiceNotRunningError: MySQL socket file not found
unit-mysql-1: 01:43:27 ERROR unit.mysql/1.juju-log upgrade:1: Failed to uninstall MySQL on attempt=1
Traceback (most recent call last):
  File "/var/lib/juju/agents/unit-mysql-1/charm/src/mysql_vm_helpers.py", line 649, in start_mysqld
    self.wait_until_mysql_connection()
  File "/var/lib/juju/agents/unit-mysql-1/charm/lib/charms/tempo_coordinator_k8s/v0/charm_tracing.py", line 734, in wrapped_function
    return callable(*args, **kwargs)  # type: ignore
  File "/var/lib/juju/agents/unit-mysql-1/charm/venv/lib/python3.10/site-packages/tenacity/__init__.py", line 289, in wrapped_f
    return self(f, *args, **kw)
  File "/var/lib/juju/agents/unit-mysql-1/charm/venv/lib/python3.10/site-packages/tenacity/__init__.py", line 379, in __call__
    do = self.iter(retry_state=retry_state)
  File "/var/lib/juju/agents/unit-mysql-1/charm/venv/lib/python3.10/site-packages/tenacity/__init__.py", line 325, in iter
    raise retry_exc.reraise()
  File "/var/lib/juju/agents/unit-mysql-1/charm/venv/lib/python3.10/site-packages/tenacity/__init__.py", line 158, in reraise
    raise self.last_attempt.result()
  File "/usr/lib/python3.10/concurrent/futures/_base.py", line 451, in result
    return self.__get_result()
  File "/usr/lib/python3.10/concurrent/futures/_base.py", line 403, in __get_result
    raise self._exception
  File "/var/lib/juju/agents/unit-mysql-1/charm/venv/lib/python3.10/site-packages/tenacity/__init__.py", line 382, in __call__
    result = fn(*args, **kwargs)
  File "/var/lib/juju/agents/unit-mysql-1/charm/src/mysql_vm_helpers.py", line 411, in wait_until_mysql_connection
    raise MySQLServiceNotRunningError("MySQL socket file not found")
charms.mysql.v0.mysql.MySQLServiceNotRunningError: MySQL socket file not found

During handling of the above exception, another exception occurred:

Traceback (most recent call last):
  File "/var/lib/juju/agents/unit-mysql-1/charm/src/upgrade.py", line 199, in _on_upgrade_granted
    self.charm._mysql.start_mysqld()
  File "/var/lib/juju/agents/unit-mysql-1/charm/lib/charms/tempo_coordinator_k8s/v0/charm_tracing.py", line 734, in wrapped_function
    return callable(*args, **kwargs)  # type: ignore
  File "/var/lib/juju/agents/unit-mysql-1/charm/src/mysql_vm_helpers.py", line 657, in start_mysqld
    raise MySQLStartMySQLDError(e.message)
charms.mysql.v0.mysql.MySQLStartMySQLDError: MySQL socket file not found

During handling of the above exception, another exception occurred:

Traceback (most recent call last):
  File "/var/lib/juju/agents/unit-mysql-1/charm/src/mysql_vm_helpers.py", line 222, in uninstall_mysql
    subprocess.run(["snap", "remove", "charmed-mysql"], check=True)
  File "/usr/lib/python3.10/subprocess.py", line 526, in run
    raise CalledProcessError(retcode, process.args,
subprocess.CalledProcessError: Command '['snap', 'remove', 'charmed-mysql']' returned non-zero exit status 1.
unit-mysql-2: 01:45:35 ERROR unit.mysql/2.juju-log upgrade:1: Failed to execute mysql-shell command
Traceback (most recent call last):
  File "/var/lib/juju/agents/unit-mysql-2/charm/src/mysql_vm_helpers.py", line 761, in _run_mysqlsh_script
    output = subprocess.check_output(
  File "/usr/lib/python3.10/subprocess.py", line 421, in check_output
    return run(*popenargs, stdout=PIPE, timeout=timeout, check=True,
  File "/usr/lib/python3.10/subprocess.py", line 526, in run
    raise CalledProcessError(retcode, process.args,
subprocess.CalledProcessError: Command '['charmed-mysql.mysqlsh', '--passwords-from-stdin', '--uri=serverconfig@juju-6212a6-2.lxd:33062', '--python', '-c', "shell.options.set('useWizards', False)\nprint('###')\ncluster = dba.get_cluster('cluster-d784a2f6cb41e656f57d1b0892f57be9')\nprint(cluster.status()['defaultReplicaSet']['topology'].get('mysql-2', {}).get('status', 'NOT_A_MEMBER'))"]' returned non-zero exit status 1.
unit-mysql-2: 01:45:37 ERROR unit.mysql/2.juju-log upgrade:1: Failed to execute mysql-shell command
Traceback (most recent call last):
  File "/var/lib/juju/agents/unit-mysql-2/charm/src/mysql_vm_helpers.py", line 761, in _run_mysqlsh_script
    output = subprocess.check_output(
  File "/usr/lib/python3.10/subprocess.py", line 421, in check_output
    return run(*popenargs, stdout=PIPE, timeout=timeout, check=True,
  File "/usr/lib/python3.10/subprocess.py", line 526, in run
    raise CalledProcessError(retcode, process.args,
subprocess.CalledProcessError: Command '['charmed-mysql.mysqlsh', '--passwords-from-stdin', '--uri=serverconfig@juju-6212a6-2.lxd:33062', '--python', '-c', "shell.options.set('useWizards', False)\nprint('###')\nsession.run_sql('START GROUP_REPLICATION')"]' returned non-zero exit status 1.

[32mINFO    [0m pytest_operator.plugin:plugin.py:862 Forgetting main...