[32mINFO    [0m integration.high_availability.test_upgrade_from_stable:test_upgrade_from_stable.py:86 Build charm locally
[32mINFO    [0m integration.high_availability.test_upgrade_from_stable:test_upgrade_from_stable.py:89 Refresh the charm
[32mINFO    [0m integration.high_availability.test_upgrade_from_stable:test_upgrade_from_stable.py:92 Wait for upgrade to start
[32mINFO    [0m integration.high_availability.test_upgrade_from_stable:test_upgrade_from_stable.py:98 Wait for upgrade to complete
[32mINFO    [0m juju.model:model.py:2759 Waiting for model:
  mysql/0 [executing] waiting: other units upgrading first...
  mysql/1 [executing] waiting: other units upgrading first...
  mysql/2 [executing] maintenance: stopping services..
[32mINFO    [0m juju.model:model.py:2759 Waiting for model:
  mysql/0 [idle] waiting: other units upgrading first...
  mysql/1 [idle] waiting: other units upgrading first...
  mysql/2 [executing] maintenance: starting services...
[32mINFO    [0m juju.model:model.py:2759 Waiting for model:
  mysql/0 [idle] waiting: other units upgrading first...
  mysql/1 [idle] waiting: other units upgrading first...
  mysql/2 [idle] blocked: 
[32mINFO    [0m juju.model:model.py:2759 Waiting for model:
  mysql/0 [idle] waiting: other units upgrading first...
  mysql/1 [idle] waiting: other units upgrading first...
  mysql/2 [idle] blocked: 
[32mINFO    [0m juju.model:model.py:2759 Waiting for model:
  mysql/0 [idle] waiting: other units upgrading first...
  mysql/1 [idle] waiting: other units upgrading first...
  mysql/2 [idle] blocked: 
[32mINFO    [0m juju.model:model.py:2759 Waiting for model:
  mysql/0 [idle] waiting: other units upgrading first...
  mysql/1 [idle] waiting: other units upgrading first...
  mysql/2 [idle] blocked: 
[32mINFO    [0m juju.model:model.py:2759 Waiting for model:
  mysql/0 [idle] waiting: other units upgrading first...
  mysql/1 [idle] waiting: other units upgrading first...
  mysql/2 [idle] blocked: 
[32mINFO    [0m juju.model:model.py:2759 Waiting for model:
  mysql/0 [idle] waiting: other units upgrading first...
  mysql/1 [idle] waiting: other units upgrading first...
  mysql/2 [idle] blocked: 
[32mINFO    [0m juju.model:model.py:2759 Waiting for model:
  mysql/0 [idle] waiting: other units upgrading first...
  mysql/1 [idle] waiting: other units upgrading first...
  mysql/2 [idle] blocked: 
[32mINFO    [0m juju.model:model.py:2759 Waiting for model:
  mysql/0 [idle] waiting: other units upgrading first...
  mysql/1 [idle] waiting: other units upgrading first...
  mysql/2 [idle] blocked: 
[32mINFO    [0m juju.model:model.py:2759 Waiting for model:
  mysql/0 [idle] waiting: other units upgrading first...
  mysql/1 [idle] waiting: other units upgrading first...
  mysql/2 [idle] blocked: 
[32mINFO    [0m juju.model:model.py:2759 Waiting for model:
  mysql/0 [idle] waiting: other units upgrading first...
  mysql/1 [idle] waiting: other units upgrading first...
  mysql/2 [idle] blocked: 
[32mINFO    [0m juju.model:model.py:2759 Waiting for model:
  mysql/0 [idle] waiting: other units upgrading first...
  mysql/1 [idle] waiting: other units upgrading first...
  mysql/2 [idle] blocked: 
[32mINFO    [0m juju.model:model.py:2759 Waiting for model:
  mysql/0 [idle] waiting: other units upgrading first...
  mysql/1 [idle] waiting: other units upgrading first...
  mysql/2 [idle] blocked: 
[32mINFO    [0m juju.model:model.py:2759 Waiting for model:
  mysql/0 [idle] waiting: other units upgrading first...
  mysql/1 [idle] waiting: other units upgrading first...
  mysql/2 [idle] blocked: 
[32mINFO    [0m juju.model:model.py:2759 Waiting for model:
  mysql/0 [idle] waiting: other units upgrading first...
  mysql/1 [idle] waiting: other units upgrading first...
  mysql/2 [idle] blocked: 
[32mINFO    [0m juju.model:model.py:2759 Waiting for model:
  mysql/0 [idle] waiting: other units upgrading first...
  mysql/1 [idle] waiting: other units upgrading first...
  mysql/2 [idle] blocked: 
[32mINFO    [0m juju.model:model.py:2759 Waiting for model:
  mysql/0 [idle] waiting: other units upgrading first...
  mysql/1 [idle] waiting: other units upgrading first...
  mysql/2 [idle] blocked: 
[32mINFO    [0m juju.model:model.py:2759 Waiting for model:
  mysql/0 [idle] waiting: other units upgrading first...
  mysql/1 [idle] waiting: other units upgrading first...
  mysql/2 [idle] blocked: 
[32mINFO    [0m juju.model:model.py:2759 Waiting for model:
  mysql/0 [idle] waiting: other units upgrading first...
  mysql/1 [idle] waiting: other units upgrading first...
  mysql/2 [idle] blocked: 
[32mINFO    [0m juju.model:model.py:2759 Waiting for model:
  mysql/0 [idle] waiting: other units upgrading first...
  mysql/1 [idle] waiting: other units upgrading first...
  mysql/2 [idle] blocked: 
[32mINFO    [0m juju.model:model.py:2759 Waiting for model:
  mysql/0 [idle] waiting: other units upgrading first...
  mysql/1 [idle] waiting: other units upgrading first...
  mysql/2 [idle] blocked: 
[32mINFO    [0m juju.model:model.py:2759 Waiting for model:
  mysql/0 [idle] waiting: other units upgrading first...
  mysql/1 [idle] waiting: other units upgrading first...
  mysql/2 [idle] blocked: 
[32mINFO    [0m juju.model:model.py:2759 Waiting for model:
  mysql/0 [idle] waiting: other units upgrading first...
  mysql/1 [idle] waiting: other units upgrading first...
  mysql/2 [idle] blocked: 
[32mINFO    [0m juju.model:model.py:2759 Waiting for model:
  mysql/0 [idle] waiting: other units upgrading first...
  mysql/1 [idle] waiting: other units upgrading first...
  mysql/2 [idle] blocked: 
[32mINFO    [0m juju.model:model.py:2759 Waiting for model:
  mysql/0 [idle] waiting: other units upgrading first...
  mysql/1 [idle] waiting: other units upgrading first...
  mysql/2 [idle] blocked: 
[32mINFO    [0m juju.model:model.py:2759 Waiting for model:
  mysql/0 [idle] waiting: other units upgrading first...
  mysql/1 [idle] waiting: other units upgrading first...
  mysql/2 [idle] blocked: 
[32mINFO    [0m juju.model:model.py:2759 Waiting for model:
  mysql/0 [idle] waiting: other units upgrading first...
  mysql/1 [idle] waiting: other units upgrading first...
  mysql/2 [idle] blocked: 
[32mINFO    [0m juju.model:model.py:2759 Waiting for model:
  mysql/0 [idle] waiting: other units upgrading first...
  mysql/1 [idle] waiting: other units upgrading first...
  mysql/2 [idle] blocked: 
[32mINFO    [0m juju.model:model.py:2759 Waiting for model:
  mysql/0 [idle] waiting: other units upgrading first...
  mysql/1 [idle] waiting: other units upgrading first...
  mysql/2 [idle] blocked: 
[32mINFO    [0m juju.model:model.py:2759 Waiting for model:
  mysql/0 [idle] waiting: other units upgrading first...
  mysql/1 [idle] waiting: other units upgrading first...
  mysql/2 [idle] blocked: 
[32mINFO    [0m juju.model:model.py:2759 Waiting for model:
  mysql/0 [idle] waiting: other units upgrading first...
  mysql/1 [idle] waiting: other units upgrading first...
  mysql/2 [idle] blocked: 
[32mINFO    [0m juju.model:model.py:2759 Waiting for model:
  mysql/0 [idle] waiting: other units upgrading first...
  mysql/1 [idle] waiting: other units upgrading first...
  mysql/2 [idle] blocked: 
[32mINFO    [0m juju.model:model.py:2759 Waiting for model:
  mysql/0 [idle] waiting: other units upgrading first...
  mysql/1 [idle] waiting: other units upgrading first...
  mysql/2 [idle] blocked: 
[32mINFO    [0m juju.model:model.py:2759 Waiting for model:
  mysql/0 [idle] waiting: other units upgrading first...
  mysql/1 [idle] waiting: other units upgrading first...
  mysql/2 [idle] blocked: 
[32mINFO    [0m juju.model:model.py:2759 Waiting for model:
  mysql/0 [idle] waiting: other units upgrading first...
  mysql/1 [idle] waiting: other units upgrading first...
  mysql/2 [idle] blocked: 
[32mINFO    [0m juju.model:model.py:2759 Waiting for model:
  mysql/0 [idle] waiting: other units upgrading first...
  mysql/1 [idle] waiting: other units upgrading first...
  mysql/2 [idle] blocked: 
[32mINFO    [0m juju.model:model.py:2759 Waiting for model:
  mysql/0 [idle] waiting: other units upgrading first...
  mysql/1 [idle] waiting: other units upgrading first...
  mysql/2 [idle] blocked: 
[32mINFO    [0m juju.model:model.py:2759 Waiting for model:
  mysql/0 [idle] waiting: other units upgrading first...
  mysql/1 [idle] waiting: other units upgrading first...
  mysql/2 [idle] blocked: 
[32mINFO    [0m juju.model:model.py:2759 Waiting for model:
  mysql/0 [idle] waiting: other units upgrading first...
  mysql/1 [idle] waiting: other units upgrading first...
  mysql/2 [idle] blocked:
[32mINFO    [0m pytest_operator.plugin:plugin.py:790 Model status:

Model  Controller           Cloud/Region         Version  SLA          Timestamp
test   localhost-localhost  localhost/localhost  3.4.4    unsupported  02:11:27Z

App             Version          Status  Scale  Charm           Channel      Rev  Exposed  Message
mysql           8.0.36-0ubun...  active      3  mysql           8.0/stable     0  no       
mysql-test-app  0.0.2            active      1  mysql-test-app  latest/edge   46  no       Last written value=118754

Unit               Workload  Agent  Machine  Public address  Ports           Message
mysql-test-app/0*  active    idle   3        10.26.138.240                   Last written value=118754
mysql/0            waiting   idle   0        10.26.138.252   3306,33060/tcp  other units upgrading first...
mysql/1*           waiting   idle   1        10.26.138.128   3306,33060/tcp  other units upgrading first...
mysql/2            blocked   idle   2        10.26.138.46    3306,33060/tcp  

Machine  State    Address        Inst id        Base          AZ  Message
0        started  10.26.138.252  juju-b77907-0  ubuntu@22.04      Running
1        started  10.26.138.128  juju-b77907-1  ubuntu@22.04      Running
2        started  10.26.138.46   juju-b77907-2  ubuntu@22.04      Running
3        started  10.26.138.240  juju-b77907-3  ubuntu@22.04      Running

[32mINFO    [0m pytest_operator.plugin:plugin.py:796 Juju error logs:

machine-1: 01:47:35 ERROR juju.worker.dependency "kvm-container-provisioner" manifold worker returned unexpected error: container types not yet available
machine-1: 01:47:35 ERROR juju.worker.dependency "lxd-container-provisioner" manifold worker returned unexpected error: container types not yet available
machine-2: 01:47:35 ERROR juju.worker.dependency "kvm-container-provisioner" manifold worker returned unexpected error: container types not yet available
machine-2: 01:47:35 ERROR juju.worker.dependency "lxd-container-provisioner" manifold worker returned unexpected error: container types not yet available
unit-mysql-1: 01:47:36 ERROR juju.worker.meterstatus error running "meter-status-changed": charm missing from disk
unit-mysql-2: 01:47:36 ERROR juju.worker.meterstatus error running "meter-status-changed": charm missing from disk
machine-0: 01:47:39 ERROR juju.worker.dependency "kvm-container-provisioner" manifold worker returned unexpected error: container types not yet available
machine-0: 01:47:39 ERROR juju.worker.dependency "lxd-container-provisioner" manifold worker returned unexpected error: container types not yet available
unit-mysql-0: 01:47:40 ERROR juju.worker.meterstatus error running "meter-status-changed": charm missing from disk
machine-3: 01:47:41 ERROR juju.worker.dependency "kvm-container-provisioner" manifold worker returned unexpected error: container types not yet available
machine-3: 01:47:41 ERROR juju.worker.dependency "lxd-container-provisioner" manifold worker returned unexpected error: container types not yet available
unit-mysql-test-app-0: 01:47:42 ERROR juju.worker.meterstatus error running "meter-status-changed": charm missing from disk
unit-mysql-2: 01:51:59 ERROR unit.mysql/2.juju-log upgrade:2: Failed to install plugin='audit_log_filter'
Traceback (most recent call last):
  File "/var/lib/juju/agents/unit-mysql-2/charm/src/mysql_vm_helpers.py", line 747, in _run_mysqlcli_script
    return subprocess.check_output(
  File "/usr/lib/python3.10/subprocess.py", line 421, in check_output
    return run(*popenargs, stdout=PIPE, timeout=timeout, check=True,
  File "/usr/lib/python3.10/subprocess.py", line 526, in run
    raise CalledProcessError(retcode, process.args,
subprocess.CalledProcessError: Command '['charmed-mysql.mysql', '-u', 'serverconfig', '--protocol=SOCKET', '--socket=/var/snap/charmed-mysql/common/var/run/mysqld/mysqld.sock', '-e', "INSTALL PLUGIN audit_log_filter SONAME 'audit_log_filter.so';", '--password=JvQHhJZEUkPwpZsWAL3U7KoK']' returned non-zero exit status 1.

During handling of the above exception, another exception occurred:

Traceback (most recent call last):
  File "/var/lib/juju/agents/unit-mysql-2/charm/lib/charms/mysql/v0/mysql.py", line 1058, in install_plugins
    self._run_mysqlcli_script(
  File "/var/lib/juju/agents/unit-mysql-2/charm/lib/charms/tempo_k8s/v1/charm_tracing.py", line 697, in wrapped_function
    return callable(*args, **kwargs)  # type: ignore
  File "/var/lib/juju/agents/unit-mysql-2/charm/src/mysql_vm_helpers.py", line 751, in _run_mysqlcli_script
    raise MySQLClientError(self.strip_off_passwords(e.stderr.decode("utf-8")))
charms.mysql.v0.mysql.MySQLClientError: mysql: [Warning] Using a password on the command line interface can be insecure.
ERROR 1290 (HY000) at line 1: The MySQL server is running with the --super-read-only option so it cannot execute this statement

unit-mysql-2: 01:52:00 ERROR unit.mysql/2.juju-log upgrade:2: Failed to install MySQL plugins
Traceback (most recent call last):
  File "/var/lib/juju/agents/unit-mysql-2/charm/src/mysql_vm_helpers.py", line 747, in _run_mysqlcli_script
    return subprocess.check_output(
  File "/usr/lib/python3.10/subprocess.py", line 421, in check_output
    return run(*popenargs, stdout=PIPE, timeout=timeout, check=True,
  File "/usr/lib/python3.10/subprocess.py", line 526, in run
    raise CalledProcessError(retcode, process.args,
subprocess.CalledProcessError: Command '['charmed-mysql.mysql', '-u', 'serverconfig', '--protocol=SOCKET', '--socket=/var/snap/charmed-mysql/common/var/run/mysqld/mysqld.sock', '-e', "INSTALL PLUGIN audit_log_filter SONAME 'audit_log_filter.so';", '--password=JvQHhJZEUkPwpZsWAL3U7KoK']' returned non-zero exit status 1.

During handling of the above exception, another exception occurred:

Traceback (most recent call last):
  File "/var/lib/juju/agents/unit-mysql-2/charm/lib/charms/mysql/v0/mysql.py", line 1058, in install_plugins
    self._run_mysqlcli_script(
  File "/var/lib/juju/agents/unit-mysql-2/charm/lib/charms/tempo_k8s/v1/charm_tracing.py", line 697, in wrapped_function
    return callable(*args, **kwargs)  # type: ignore
  File "/var/lib/juju/agents/unit-mysql-2/charm/src/mysql_vm_helpers.py", line 751, in _run_mysqlcli_script
    raise MySQLClientError(self.strip_off_passwords(e.stderr.decode("utf-8")))
charms.mysql.v0.mysql.MySQLClientError: mysql: [Warning] Using a password on the command line interface can be insecure.
ERROR 1290 (HY000) at line 1: The MySQL server is running with the --super-read-only option so it cannot execute this statement


During handling of the above exception, another exception occurred:

Traceback (most recent call last):
  File "/var/lib/juju/agents/unit-mysql-2/charm/src/upgrade.py", line 201, in _on_upgrade_granted
    self.charm._mysql.install_plugins(["audit_log", "audit_log_filter"])
  File "/var/lib/juju/agents/unit-mysql-2/charm/lib/charms/tempo_k8s/v1/charm_tracing.py", line 697, in wrapped_function
    return callable(*args, **kwargs)  # type: ignore
  File "/var/lib/juju/agents/unit-mysql-2/charm/lib/charms/mysql/v0/mysql.py", line 1067, in install_plugins
    raise MySQLPluginInstallError
charms.mysql.v0.mysql.MySQLPluginInstallError
unit-mysql-2: 01:52:00 CRITICAL unit.mysql/2.juju-log upgrade:2: Upgrade failed, follow the instructions below to rollback:
    1. Re-run `pre-upgrade-check` action on the leader unit to enter 'recovery' state
    2. Run `juju refresh` to the previously deployed charm revision or local charm file

[32mINFO    [0m pytest_operator.plugin:plugin.py:862 Forgetting main...