[32mINFO    [0m integration.relations.test_relation_mysql_legacy:test_relation_mysql_legacy.py:141 Asserting that a connection to the database is still possible with application credentials
[32mINFO    [0m integration.relations.test_relation_mysql_legacy:test_relation_mysql_legacy.py:151 Removing relation mysql:mysql with mysql-test-app:mysql
[32mINFO    [0m integration.relations.test_relation_mysql_legacy:test_relation_mysql_legacy.py:160 Waiting till mysql is active and mysql-test-app is waiting
[32mINFO    [0m juju.model:model.py:2972 Waiting for model:
  mysql/0 [executing] active: Primary
  mysql/1 [executing] active: 
  mysql/2 [executing] active: 
[32mINFO    [0m juju.model:model.py:2972 Waiting for model:
  mysql-test-app/0 [executing] active: 
[32mINFO    [0m juju.model:model.py:2972 Waiting for model:
  mysql/0 [idle] active: Primary
  mysql/1 [idle] active: 
  mysql/2 [idle] active: 
[32mINFO    [0m integration.relations.test_relation_mysql_legacy:test_relation_mysql_legacy.py:178 Asserting that a connection to the database is not possible with application credentials
[32mINFO    [0m pytest_operator.plugin:plugin.py:790 Model status:

Model  Controller           Cloud/Region         Version  SLA          Timestamp
test   localhost-localhost  localhost/localhost  3.5.4    unsupported  01:36:23Z

App             Version          Status   Scale  Charm           Channel      Rev  Exposed  Message
mysql           8.0.39-0ubun...  active       3  mysql                          0  no       
mysql-test-app  0.0.2            waiting      1  mysql-test-app  latest/edge   63  no       

Unit               Workload  Agent  Machine  Public address  Ports           Message
mysql-test-app/0*  waiting   idle   0        10.8.40.225                     
mysql/0*           active    idle   1        10.8.40.86      3306,33060/tcp  Primary
mysql/1            active    idle   2        10.8.40.34      3306,33060/tcp  
mysql/2            active    idle   3        10.8.40.162     3306,33060/tcp  

Machine  State    Address      Inst id        Base          AZ  Message
0        started  10.8.40.225  juju-57c9f3-0  ubuntu@22.04      Running
1        started  10.8.40.86   juju-57c9f3-1  ubuntu@22.04      Running
2        started  10.8.40.34   juju-57c9f3-2  ubuntu@22.04      Running
3        started  10.8.40.162  juju-57c9f3-3  ubuntu@22.04      Running

[32mINFO    [0m pytest_operator.plugin:plugin.py:796 Juju error logs:

machine-0: 01:33:02 ERROR juju.worker.dependency "kvm-container-provisioner" manifold worker returned unexpected error: container types not yet available
machine-0: 01:33:02 ERROR juju.worker.dependency "lxd-container-provisioner" manifold worker returned unexpected error: container types not yet available
unit-mysql-test-app-0: 01:33:02 ERROR juju.worker.meterstatus error running "meter-status-changed": charm missing from disk
machine-1: 01:33:14 ERROR juju.worker.dependency "lxd-container-provisioner" manifold worker returned unexpected error: container types not yet available
machine-1: 01:33:14 ERROR juju.worker.dependency "kvm-container-provisioner" manifold worker returned unexpected error: container types not yet available
unit-mysql-0: 01:33:14 ERROR juju.worker.meterstatus error running "meter-status-changed": charm missing from disk
machine-3: 01:33:15 ERROR juju.worker.dependency "lxd-container-provisioner" manifold worker returned unexpected error: container types not yet available
machine-3: 01:33:15 ERROR juju.worker.dependency "kvm-container-provisioner" manifold worker returned unexpected error: container types not yet available
unit-mysql-2: 01:33:15 ERROR juju.worker.meterstatus error running "meter-status-changed": charm missing from disk
machine-2: 01:33:21 ERROR juju.worker.dependency "kvm-container-provisioner" manifold worker returned unexpected error: container types not yet available
machine-2: 01:33:21 ERROR juju.worker.dependency "lxd-container-provisioner" manifold worker returned unexpected error: container types not yet available
unit-mysql-1: 01:33:22 ERROR juju.worker.meterstatus error running "meter-status-changed": charm missing from disk
unit-mysql-2: 01:34:13 ERROR unit.mysql/2.juju-log database-peers:2: Failed to connect to MySQL with mysqlsh
Traceback (most recent call last):
  File "/var/lib/juju/agents/unit-mysql-2/charm/src/mysql_vm_helpers.py", line 717, in _run_mysqlsh_script
    return subprocess.check_output(
  File "/usr/lib/python3.10/subprocess.py", line 421, in check_output
    return run(*popenargs, stdout=PIPE, timeout=timeout, check=True,
  File "/usr/lib/python3.10/subprocess.py", line 526, in run
    raise CalledProcessError(retcode, process.args,
subprocess.CalledProcessError: Command '['charmed-mysql.mysqlsh', '--no-wizard', '--python', '-f', '/var/snap/charmed-mysql/common/tmp5vbpia1_']' returned non-zero exit status 1.

During handling of the above exception, another exception occurred:

Traceback (most recent call last):
  File "/var/lib/juju/agents/unit-mysql-2/charm/lib/charms/mysql/v0/mysql.py", line 3015, in check_mysqlsh_connection
    self._run_mysqlsh_script("\n".join(connect_commands))
  File "/var/lib/juju/agents/unit-mysql-2/charm/lib/charms/tempo_coordinator_k8s/v0/charm_tracing.py", line 734, in wrapped_function
    return callable(*args, **kwargs)  # type: ignore
  File "/var/lib/juju/agents/unit-mysql-2/charm/src/mysql_vm_helpers.py", line 721, in _run_mysqlsh_script
    raise MySQLClientError
charms.mysql.v0.mysql.MySQLClientError

[32mINFO    [0m pytest_operator.plugin:plugin.py:862 Forgetting main...