[32mINFO    [0m integration.high_availability.conftest:conftest.py:29 Clearing continuous writes
[32mINFO    [0m integration.high_availability.conftest:conftest.py:32 Starting continuous writes
[32mINFO    [0m integration.high_availability.test_upgrade_rollback_incompat:test_upgrade_rollback_incompat.py:156 Get leader unit
[32mINFO    [0m integration.high_availability.test_upgrade_rollback_incompat:test_upgrade_rollback_incompat.py:162 Run pre-upgrade-check action
[32mINFO    [0m integration.high_availability.test_upgrade_rollback_incompat:test_upgrade_rollback_incompat.py:166 Refresh with previous charm
[32mINFO    [0m integration.high_availability.test_upgrade_rollback_incompat:test_upgrade_rollback_incompat.py:169 Wait for upgrade to start
[32mINFO    [0m juju.model:model.py:2972 Waiting for model:
  mysql/0 [idle] waiting: other units upgrading first...
  mysql/1 [idle] blocked: ready to rollback application
  mysql/2 [idle] blocked: upgrade failed. Check logs for rollback instruction
[32mINFO    [0m juju.model:model.py:2972 Waiting for model:
  mysql/0 [idle] waiting: other units upgrading first...
  mysql/1 [idle] waiting: other units upgrading first...
  mysql/2 [executing] maintenance: upgrading snap...
[32mINFO    [0m juju.model:model.py:2972 Waiting for model:
  mysql/0 [idle] waiting: other units upgrading first...
  mysql/1 [idle] waiting: other units upgrading first...
  mysql/2 [executing] maintenance: starting services...
[32mINFO    [0m juju.model:model.py:2972 Waiting for model:
  mysql/0 [idle] waiting: other units upgrading first...
  mysql/1 [idle] waiting: other units upgrading first...
  mysql/2 [executing] maintenance: starting services...
[32mINFO    [0m juju.model:model.py:2972 Waiting for model:
  mysql/0 [idle] waiting: other units upgrading first...
  mysql/1 [idle] waiting: other units upgrading first...
  mysql/2 [executing] maintenance: starting services...
[32mINFO    [0m juju.model:model.py:2972 Waiting for model:
  mysql/0 [idle] waiting: other units upgrading first...
  mysql/1 [idle] waiting: other units upgrading first...
  mysql/2 [executing] maintenance: starting services...
[32mINFO    [0m juju.model:model.py:2972 Waiting for model:
  mysql/0 [idle] waiting: other units upgrading first...
  mysql/1 [idle] waiting: other units upgrading first...
  mysql/2 [executing] maintenance: starting services...
[32mINFO    [0m juju.model:model.py:2972 Waiting for model:
  mysql/0 [idle] waiting: other units upgrading first...
  mysql/1 [idle] waiting: other units upgrading first...
  mysql/2 [executing] maintenance: joining the cluster
[32mINFO    [0m juju.model:model.py:2972 Waiting for model:
  mysql/0 [executing] maintenance: starting services...
  mysql/1 [idle] waiting: other units upgrading first...
  mysql/2 [idle] maintenance: upgrade completed
[32mINFO    [0m juju.model:model.py:2972 Waiting for model:
  mysql/0 [idle] maintenance: upgrade completed
  mysql/1 [executing] maintenance: stopping services..
  mysql/2 [idle] maintenance: upgrade completed
[32mINFO    [0m juju.model:model.py:2972 Waiting for model:
  mysql/0 [idle] maintenance: upgrade completed
  mysql/1 [executing] maintenance: recovering unit after upgrade
  mysql/2 [idle] maintenance: upgrade completed
[32mINFO    [0m juju.model:model.py:2972 Waiting for model:
  mysql/2 [executing] active: 
[32mINFO    [0m juju.model:model.py:2972 Waiting for model:
  mysql/1 [idle] active: 
  mysql/2 [executing] active: 
[32mINFO    [0m juju.model:model.py:2972 Waiting for model:
  mysql/2 [executing] active: 
[32mINFO    [0m juju.model:model.py:2972 Waiting for model:
  mysql/1 [idle] active: 
  mysql/2 [idle] active: 
[32mINFO    [0m integration.high_availability.test_upgrade_rollback_incompat:test_upgrade_rollback_incompat.py:176 Ensure continuous_writes after rollback procedure
[32mINFO    [0m integration.high_availability.high_availability_helpers:high_availability_helpers.py:343 Ensure continuous writes are incrementing
[32mINFO    [0m integration.helpers:helpers.py:485 Retrieving primary unit
[32mINFO    [0m integration.high_availability.high_availability_helpers:high_availability_helpers.py:367 max_written_value=34711 on unit mysql/0
[32mINFO    [0m integration.high_availability.high_availability_helpers:high_availability_helpers.py:367 max_written_value=34711 on unit mysql/0
[32mINFO    [0m integration.high_availability.high_availability_helpers:high_availability_helpers.py:367 max_written_value=34711 on unit mysql/0
[32mINFO    [0m integration.high_availability.high_availability_helpers:high_availability_helpers.py:367 max_written_value=35710 on unit mysql/0
[32mINFO    [0m integration.high_availability.high_availability_helpers:high_availability_helpers.py:367 max_written_value=35714 on unit mysql/1
[32mINFO    [0m integration.high_availability.high_availability_helpers:high_availability_helpers.py:367 max_written_value=35717 on unit mysql/2
[32mINFO    [0m integration.high_availability.conftest:conftest.py:37 Clearing continuous writes
[32mINFO    [0m pytest_operator.plugin:plugin.py:790 Model status:

Model  Controller           Cloud/Region         Version  SLA          Timestamp
test   localhost-localhost  localhost/localhost  3.4.5    unsupported  01:47:02Z

App             Version          Status  Scale  Charm           Channel      Rev  Exposed  Message
mysql           8.0.34-0ubun...  active      3  mysql                          1  no       
mysql-test-app  0.0.2            active      1  mysql-test-app  latest/edge   63  no       

Unit               Workload  Agent      Machine  Public address  Ports           Message
mysql-test-app/0*  active    idle       3        10.194.243.114                  
mysql/0            active    idle       0        10.194.243.154  3306,33060/tcp  Primary
mysql/1*           active    executing  1        10.194.243.49   3306,33060/tcp  
mysql/2            active    idle       2        10.194.243.175  3306,33060/tcp  

Machine  State    Address         Inst id        Base          AZ  Message
0        started  10.194.243.154  juju-0dd42f-0  ubuntu@22.04      Running
1        started  10.194.243.49   juju-0dd42f-1  ubuntu@22.04      Running
2        started  10.194.243.175  juju-0dd42f-2  ubuntu@22.04      Running
3        started  10.194.243.114  juju-0dd42f-3  ubuntu@22.04      Running

[32mINFO    [0m pytest_operator.plugin:plugin.py:796 Juju error logs:

machine-1: 01:33:57 ERROR juju.worker.dependency "kvm-container-provisioner" manifold worker returned unexpected error: container types not yet available
machine-1: 01:33:57 ERROR juju.worker.dependency "lxd-container-provisioner" manifold worker returned unexpected error: container types not yet available
unit-mysql-1: 01:33:57 ERROR juju.worker.meterstatus error running "meter-status-changed": charm missing from disk
machine-2: 01:34:00 ERROR juju.worker.dependency "lxd-container-provisioner" manifold worker returned unexpected error: container types not yet available
machine-2: 01:34:00 ERROR juju.worker.dependency "kvm-container-provisioner" manifold worker returned unexpected error: container types not yet available
unit-mysql-2: 01:34:00 ERROR juju.worker.meterstatus error running "meter-status-changed": charm missing from disk
machine-3: 01:34:12 ERROR juju.worker.dependency "kvm-container-provisioner" manifold worker returned unexpected error: container types not yet available
machine-3: 01:34:12 ERROR juju.worker.dependency "lxd-container-provisioner" manifold worker returned unexpected error: container types not yet available
unit-mysql-test-app-0: 01:34:13 ERROR juju.worker.meterstatus error running "meter-status-changed": charm missing from disk
machine-0: 01:34:13 ERROR juju.worker.dependency "kvm-container-provisioner" manifold worker returned unexpected error: container types not yet available
machine-0: 01:34:13 ERROR juju.worker.dependency "lxd-container-provisioner" manifold worker returned unexpected error: container types not yet available
unit-mysql-0: 01:34:14 ERROR juju.worker.meterstatus error running "meter-status-changed": charm missing from disk
unit-mysql-2: 01:38:18 CRITICAL unit.mysql/2.juju-log upgrade:1: Upgrade failed, follow the instructions below to rollback:
    1. Re-run `pre-upgrade-check` action on the leader unit to enter 'recovery' state
    2. Run `juju refresh` to the previously deployed charm revision or local charm file
unit-mysql-2: 01:41:40 ERROR unit.mysql/2.juju-log upgrade:1: Failed to start mysqld
Traceback (most recent call last):
  File "/var/lib/juju/agents/unit-mysql-2/charm/src/mysql_vm_helpers.py", line 617, in start_mysqld
    self.wait_until_mysql_connection()
  File "/var/lib/juju/agents/unit-mysql-2/charm/lib/charms/tempo_k8s/v1/charm_tracing.py", line 735, in wrapped_function
    return callable(*args, **kwargs)  # type: ignore
  File "/var/lib/juju/agents/unit-mysql-2/charm/venv/tenacity/__init__.py", line 289, in wrapped_f
    return self(f, *args, **kw)
  File "/var/lib/juju/agents/unit-mysql-2/charm/venv/tenacity/__init__.py", line 379, in __call__
    do = self.iter(retry_state=retry_state)
  File "/var/lib/juju/agents/unit-mysql-2/charm/venv/tenacity/__init__.py", line 325, in iter
    raise retry_exc.reraise()
  File "/var/lib/juju/agents/unit-mysql-2/charm/venv/tenacity/__init__.py", line 158, in reraise
    raise self.last_attempt.result()
  File "/usr/lib/python3.10/concurrent/futures/_base.py", line 451, in result
    return self.__get_result()
  File "/usr/lib/python3.10/concurrent/futures/_base.py", line 403, in __get_result
    raise self._exception
  File "/var/lib/juju/agents/unit-mysql-2/charm/venv/tenacity/__init__.py", line 382, in __call__
    result = fn(*args, **kwargs)
  File "/var/lib/juju/agents/unit-mysql-2/charm/src/mysql_vm_helpers.py", line 379, in wait_until_mysql_connection
    raise MySQLServiceNotRunningError("MySQL socket file not found")
charms.mysql.v0.mysql.MySQLServiceNotRunningError: MySQL socket file not found
unit-mysql-2: 01:41:50 ERROR unit.mysql/2.juju-log upgrade:1: Failed to uninstall MySQL on attempt=1
Traceback (most recent call last):
  File "/var/lib/juju/agents/unit-mysql-2/charm/src/mysql_vm_helpers.py", line 617, in start_mysqld
    self.wait_until_mysql_connection()
  File "/var/lib/juju/agents/unit-mysql-2/charm/lib/charms/tempo_k8s/v1/charm_tracing.py", line 735, in wrapped_function
    return callable(*args, **kwargs)  # type: ignore
  File "/var/lib/juju/agents/unit-mysql-2/charm/venv/tenacity/__init__.py", line 289, in wrapped_f
    return self(f, *args, **kw)
  File "/var/lib/juju/agents/unit-mysql-2/charm/venv/tenacity/__init__.py", line 379, in __call__
    do = self.iter(retry_state=retry_state)
  File "/var/lib/juju/agents/unit-mysql-2/charm/venv/tenacity/__init__.py", line 325, in iter
    raise retry_exc.reraise()
  File "/var/lib/juju/agents/unit-mysql-2/charm/venv/tenacity/__init__.py", line 158, in reraise
    raise self.last_attempt.result()
  File "/usr/lib/python3.10/concurrent/futures/_base.py", line 451, in result
    return self.__get_result()
  File "/usr/lib/python3.10/concurrent/futures/_base.py", line 403, in __get_result
    raise self._exception
  File "/var/lib/juju/agents/unit-mysql-2/charm/venv/tenacity/__init__.py", line 382, in __call__
    result = fn(*args, **kwargs)
  File "/var/lib/juju/agents/unit-mysql-2/charm/src/mysql_vm_helpers.py", line 379, in wait_until_mysql_connection
    raise MySQLServiceNotRunningError("MySQL socket file not found")
charms.mysql.v0.mysql.MySQLServiceNotRunningError: MySQL socket file not found

During handling of the above exception, another exception occurred:

Traceback (most recent call last):
  File "/var/lib/juju/agents/unit-mysql-2/charm/src/upgrade.py", line 199, in _on_upgrade_granted
    self.charm._mysql.start_mysqld()
  File "/var/lib/juju/agents/unit-mysql-2/charm/lib/charms/tempo_k8s/v1/charm_tracing.py", line 735, in wrapped_function
    return callable(*args, **kwargs)  # type: ignore
  File "/var/lib/juju/agents/unit-mysql-2/charm/src/mysql_vm_helpers.py", line 625, in start_mysqld
    raise MySQLStartMySQLDError(e.message)
charms.mysql.v0.mysql.MySQLStartMySQLDError: MySQL socket file not found

During handling of the above exception, another exception occurred:

Traceback (most recent call last):
  File "/var/lib/juju/agents/unit-mysql-2/charm/src/mysql_vm_helpers.py", line 225, in uninstall_mysql
    subprocess.run(["snap", "remove", "charmed-mysql"], check=True)
  File "/usr/lib/python3.10/subprocess.py", line 526, in run
    raise CalledProcessError(retcode, process.args,
subprocess.CalledProcessError: Command '['snap', 'remove', 'charmed-mysql']' returned non-zero exit status 1.

[32mINFO    [0m pytest_operator.plugin:plugin.py:862 Forgetting main...