[32mINFO    [0m integration.relations.test_relation_mysql_legacy:test_relation_mysql_legacy.py:136 Asserting that a connection to the database is still possible with application credentials
[32mINFO    [0m integration.relations.test_relation_mysql_legacy:test_relation_mysql_legacy.py:146 Removing relation mysql:mysql with mysql-test-app:mysql
[32mINFO    [0m integration.relations.test_relation_mysql_legacy:test_relation_mysql_legacy.py:155 Waiting till mysql is active and mysql-test-app is waiting
[32mINFO    [0m juju.model:model.py:3211 Waiting for model:
  mysql/0 [executing] active: Primary
  mysql/1 [executing] active: 
  mysql/2 [executing] active: 
[32mINFO    [0m juju.model:model.py:3211 Waiting for model:
  mysql-test-app/0 [executing] active: 
[32mINFO    [0m integration.relations.test_relation_mysql_legacy:test_relation_mysql_legacy.py:173 Asserting that a connection to the database is not possible with application credentials
[32mINFO    [0m pytest_operator.plugin:plugin.py:862 Model status:

Model    Controller     Cloud/Region         Version  SLA          Timestamp
testing  concierge-lxd  localhost/localhost  3.6.7    unsupported  01:35:40Z

App             Version          Status   Scale  Charm           Channel      Rev  Exposed  Message
mysql           8.0.41-0ubun...  active       3  mysql                          0  no       
mysql-test-app  0.0.2            waiting      1  mysql-test-app  latest/edge   73  no       

Unit               Workload  Agent  Machine  Public address  Ports           Message
mysql-test-app/0*  waiting   idle   0        10.197.4.62                     
mysql/0*           active    idle   1        10.197.4.94     3306,33060/tcp  Primary
mysql/1            active    idle   2        10.197.4.22                     
mysql/2            active    idle   3        10.197.4.177    3306,33060/tcp  

Machine  State    Address       Inst id        Base          AZ  Message
0        started  10.197.4.62   juju-232bc4-0  ubuntu@22.04      Running
1        started  10.197.4.94   juju-232bc4-1  ubuntu@22.04      Running
2        started  10.197.4.22   juju-232bc4-2  ubuntu@22.04      Running
3        started  10.197.4.177  juju-232bc4-3  ubuntu@22.04      Running

[32mINFO    [0m pytest_operator.plugin:plugin.py:868 Juju error logs:

machine-0: 01:31:02 ERROR juju.worker.dependency "kvm-container-provisioner" manifold worker returned unexpected error: container types not yet available
machine-0: 01:31:02 ERROR juju.worker.dependency "lxd-container-provisioner" manifold worker returned unexpected error: container types not yet available
unit-mysql-test-app-0: 01:31:02 ERROR juju.worker.meterstatus error running "meter-status-changed": charm missing from disk
machine-1: 01:32:41 ERROR juju.worker.dependency "kvm-container-provisioner" manifold worker returned unexpected error: container types not yet available
machine-1: 01:32:42 ERROR juju.worker.dependency "lxd-container-provisioner" manifold worker returned unexpected error: container types not yet available
unit-mysql-0: 01:32:42 ERROR juju.worker.meterstatus error running "meter-status-changed": charm missing from disk
machine-2: 01:32:52 ERROR juju.worker.dependency "kvm-container-provisioner" manifold worker returned unexpected error: container types not yet available
machine-2: 01:32:52 ERROR juju.worker.dependency "lxd-container-provisioner" manifold worker returned unexpected error: container types not yet available
unit-mysql-1: 01:32:52 ERROR juju.worker.meterstatus error running "meter-status-changed": charm missing from disk
machine-3: 01:32:58 ERROR juju.worker.dependency "lxd-container-provisioner" manifold worker returned unexpected error: container types not yet available
machine-3: 01:32:58 ERROR juju.worker.dependency "kvm-container-provisioner" manifold worker returned unexpected error: container types not yet available
unit-mysql-2: 01:32:58 ERROR juju.worker.meterstatus error running "meter-status-changed": charm missing from disk
unit-mysql-1: 01:33:43 ERROR unit.mysql/1.juju-log ERROR 2002 (HY000): Can't connect to local MySQL server through socket '/var/snap/charmed-mysql/common/var/run/mysqld/mysqld.sock' (2)
unit-mysql-1: 01:33:43 ERROR unit.mysql/1.juju-log Failed to execute MySQL cli command
Traceback (most recent call last):
  File "/var/lib/juju/agents/unit-mysql-1/charm/lib/charms/mysql/v0/mysql.py", line 3364, in check_mysqlcli_connection
    self._run_mysqlcli_script(
  File "/var/lib/juju/agents/unit-mysql-1/charm/lib/charms/tempo_coordinator_k8s/v0/charm_tracing.py", line 1065, in wrapped_function
    return callable(*args, **kwargs)  # type: ignore
  File "/var/lib/juju/agents/unit-mysql-1/charm/src/mysql_vm_helpers.py", line 855, in _run_mysqlcli_script
    raise MySQLClientError
charms.mysql.v0.mysql.MySQLClientError

During handling of the above exception, another exception occurred:

Traceback (most recent call last):
  File "/var/lib/juju/agents/unit-mysql-1/charm/src/mysql_vm_helpers.py", line 860, in _run_mysqlcli_script
    stdout = subprocess.check_output(command, timeout=timeout, text=True)
  File "/usr/lib/python3.10/subprocess.py", line 421, in check_output
    return run(*popenargs, stdout=PIPE, timeout=timeout, check=True,
  File "/usr/lib/python3.10/subprocess.py", line 526, in run
    raise CalledProcessError(retcode, process.args,
subprocess.CalledProcessError: Command '['charmed-mysql.mysql', '-u', 'root', '-N', '-B', '--socket=/var/snap/charmed-mysql/common/var/run/mysqld/mysqld.sock', '-e', 'SELECT 1']' returned non-zero exit status 1.
unit-mysql-1: 01:33:43 ERROR unit.mysql/1.juju-log Failed to connect to MySQL with mysqlcli with default root user
unit-mysql-0: 01:35:24 ERROR juju.worker.dependency "uniter" manifold worker returned unexpected error: relation scope id "80cd3ae0-7424-4d07-8ba7-e3fac3232bc4:r#4#mysql-test-app": settings 80cd3ae0-7424-4d07-8ba7-e3fac3232bc4:r#4#mysql-test-app not found (not found)

[32mINFO    [0m pytest_operator.plugin:plugin.py:947 Forgetting model main...