[32mINFO    [0m integration.high_availability.conftest:conftest.py:23 Clearing continuous writes
[32mINFO    [0m integration.high_availability.conftest:conftest.py:26 Starting continuous writes
[32mINFO    [0m integration.high_availability.test_upgrade:test_upgrade.py:126 Get leader unit
[32mINFO    [0m integration.high_availability.test_upgrade:test_upgrade.py:131 Run pre-upgrade-check action
[32mINFO    [0m integration.high_availability.test_upgrade:test_upgrade.py:137 Inject dependency fault
[32mINFO    [0m integration.high_availability.test_upgrade:test_upgrade.py:142 Refresh the charm
[32mINFO    [0m integration.high_availability.test_upgrade:test_upgrade.py:145 Wait for upgrade to fail on leader
[32mINFO    [0m integration.high_availability.test_upgrade:test_upgrade.py:151 Ensure continuous_writes while in failure state
[32mINFO    [0m integration.high_availability.high_availability_helpers:high_availability_helpers.py:356 Ensure continuous writes are incrementing
[32mINFO    [0m integration.helpers:helpers.py:481 Retrieving primary unit
[32mINFO    [0m integration.high_availability.test_upgrade:test_upgrade.py:154 Re-run pre-upgrade-check action
[32mINFO    [0m integration.high_availability.test_upgrade:test_upgrade.py:157 Re-refresh the charm
[32mINFO    [0m integration.high_availability.test_upgrade:test_upgrade.py:159 Wait for upgrade to start
[32mINFO    [0m juju.model:model.py:2759 Waiting for model:
  mysql/0 [idle] waiting: other units upgrading first...
  mysql/1 [idle] waiting: other units upgrading first...
  mysql/2 [idle] blocked: ready to rollback application
[32mINFO    [0m juju.model:model.py:2759 Waiting for model:
  mysql/0 [idle] waiting: other units upgrading first...
  mysql/1 [executing] maintenance: starting services...
  mysql/2 [idle] waiting: other units upgrading first...
[32mINFO    [0m juju.model:model.py:2759 Waiting for model:
  mysql/0 [executing] maintenance: starting services...
  mysql/1 [idle] maintenance: upgrade completed
  mysql/2 [idle] waiting: other units upgrading first...
[32mINFO    [0m juju.model:model.py:2759 Waiting for model:
  mysql/0 [idle] maintenance: upgrade completed
  mysql/1 [idle] maintenance: upgrade completed
  mysql/2 [executing] maintenance: starting services...
[32mINFO    [0m integration.high_availability.test_upgrade:test_upgrade.py:166 Ensure continuous_writes after rollback procedure
[32mINFO    [0m integration.high_availability.high_availability_helpers:high_availability_helpers.py:356 Ensure continuous writes are incrementing
[32mINFO    [0m integration.helpers:helpers.py:481 Retrieving primary unit
[32mINFO    [0m integration.high_availability.conftest:conftest.py:31 Clearing continuous writes
[32mINFO    [0m pytest_operator.plugin:plugin.py:790 Model status:

Model  Controller           Cloud/Region         Version  SLA          Timestamp
test   localhost-localhost  localhost/localhost  3.4.3    unsupported  02:02:14Z

App             Version          Status  Scale  Charm           Channel      Rev  Exposed  Message
mysql           8.0.37-0ubun...  active      3  mysql           8.0/edge       2  no       
mysql-test-app  0.0.2            active      1  mysql-test-app  latest/edge   46  no       Last written value=10904

Unit               Workload  Agent      Machine  Public address  Ports           Message
mysql-test-app/0*  active    idle       3        10.239.222.58                   Last written value=10904
mysql/0            active    idle       0        10.239.222.78   3306,33060/tcp  Primary
mysql/1            active    executing  1        10.239.222.238  3306,33060/tcp  
mysql/2*           active    executing  2        10.239.222.234  3306,33060/tcp  

Machine  State    Address         Inst id        Base          AZ  Message
0        started  10.239.222.78   juju-df9066-0  ubuntu@22.04      Running
1        started  10.239.222.238  juju-df9066-1  ubuntu@22.04      Running
2        started  10.239.222.234  juju-df9066-2  ubuntu@22.04      Running
3        started  10.239.222.58   juju-df9066-3  ubuntu@22.04      Running

[32mINFO    [0m pytest_operator.plugin:plugin.py:796 Juju error logs:

machine-2: 01:50:23 ERROR juju.worker.dependency "lxd-container-provisioner" manifold worker returned unexpected error: container types not yet available
machine-2: 01:50:23 ERROR juju.worker.dependency "kvm-container-provisioner" manifold worker returned unexpected error: container types not yet available
machine-2: 01:50:23 ERROR juju.worker.dependency "broker-tracker" manifold worker returned unexpected error: no container types determined
machine-1: 01:50:24 ERROR juju.worker.dependency "lxd-container-provisioner" manifold worker returned unexpected error: container types not yet available
machine-1: 01:50:24 ERROR juju.worker.dependency "kvm-container-provisioner" manifold worker returned unexpected error: container types not yet available
unit-mysql-2: 01:50:24 ERROR juju.worker.meterstatus error running "meter-status-changed": charm missing from disk
unit-mysql-1: 01:50:24 ERROR juju.worker.meterstatus error running "meter-status-changed": charm missing from disk
machine-3: 01:50:24 ERROR juju.worker.dependency "kvm-container-provisioner" manifold worker returned unexpected error: container types not yet available
machine-3: 01:50:24 ERROR juju.worker.dependency "lxd-container-provisioner" manifold worker returned unexpected error: container types not yet available
machine-3: 01:50:24 ERROR juju.worker.dependency "broker-tracker" manifold worker returned unexpected error: no container types determined
machine-0: 01:50:24 ERROR juju.worker.dependency "kvm-container-provisioner" manifold worker returned unexpected error: container types not yet available
machine-0: 01:50:24 ERROR juju.worker.dependency "broker-tracker" manifold worker returned unexpected error: no container types determined
machine-0: 01:50:24 ERROR juju.worker.dependency "lxd-container-provisioner" manifold worker returned unexpected error: container types not yet available
unit-mysql-0: 01:50:26 ERROR juju.worker.meterstatus error running "meter-status-changed": charm missing from disk
unit-mysql-test-app-0: 01:50:26 ERROR juju.worker.meterstatus error running "meter-status-changed": charm missing from disk
unit-mysql-2: 01:51:30 ERROR unit.mysql/2.juju-log Failed to connect to MySQL with mysqlsh
Traceback (most recent call last):
  File "/var/lib/juju/agents/unit-mysql-2/charm/src/mysql_vm_helpers.py", line 711, in _run_mysqlsh_script
    return subprocess.check_output(
  File "/usr/lib/python3.10/subprocess.py", line 421, in check_output
    return run(*popenargs, stdout=PIPE, timeout=timeout, check=True,
  File "/usr/lib/python3.10/subprocess.py", line 526, in run
    raise CalledProcessError(retcode, process.args,
subprocess.CalledProcessError: Command '['charmed-mysql.mysqlsh', '--no-wizard', '--python', '-f', '/var/snap/charmed-mysql/common/tmpb_i87tnq']' returned non-zero exit status 1.

During handling of the above exception, another exception occurred:

Traceback (most recent call last):
  File "/var/lib/juju/agents/unit-mysql-2/charm/lib/charms/mysql/v0/mysql.py", line 2787, in check_mysqlsh_connection
    self._run_mysqlsh_script("\n".join(connect_commands))
  File "/var/lib/juju/agents/unit-mysql-2/charm/lib/charms/tempo_k8s/v1/charm_tracing.py", line 647, in wrapped_function
    return callable(*args, **kwargs)  # type: ignore
  File "/var/lib/juju/agents/unit-mysql-2/charm/src/mysql_vm_helpers.py", line 715, in _run_mysqlsh_script
    raise MySQLClientError
charms.mysql.v0.mysql.MySQLClientError
unit-mysql-2: 01:58:45 ERROR unit.mysql/2.juju-log charms.data_platform_libs.v0.upgrade.VersionError - {'message': 'Versions incompatible, charm 1 can not be upgraded to 2', 'cause': 'Upgrades only supported for specific versions, charm versions satisfying requirement >1', 'resolution': ''}
unit-mysql-2: 01:58:45 CRITICAL unit.mysql/2.juju-log Upgrade failed, follow the instructions below to rollback:
    1. Re-run `pre-upgrade-check` action on the leader unit to enter 'recovery' state
    2. Run `juju refresh` to the previously deployed charm revision or local charm file

[32mINFO    [0m pytest_operator.plugin:plugin.py:862 Forgetting main...