[32mINFO    [0m integration.high_availability.test_async_replication:test_async_replication.py:60 Destroying second model
[32mINFO    [0m pytest_operator.plugin:plugin.py:790 Model status:

Model  Controller           Cloud/Region         Version  SLA          Timestamp
test   localhost-localhost  localhost/localhost  3.6.1    unsupported  01:51:47Z

App             Version          Status  Scale  Charm           Channel      Rev  Exposed  Message
db1             8.0.39-0ubun...  active      3  mysql                          0  no       
mysql-router    8.0.39-0ubun...  active      1  mysql-router    dpe/edge     312  no       
mysql-test-app  0.0.2            active      1  mysql-test-app  latest/edge   63  no       

Unit               Workload  Agent      Machine  Public address  Ports           Message
db1/0*             active    executing  0        10.19.165.178   3306,33060/tcp  Standby
db1/1              active    executing  1        10.19.165.254   3306,33060/tcp  
db1/2              active    executing  2        10.19.165.101   3306,33060/tcp  
mysql-test-app/0*  active    idle       3        10.19.165.217                   
  mysql-router/0*  error     idle                10.19.165.217                   hook failed: "update-status"

Machine  State    Address        Inst id        Base          AZ  Message
0        started  10.19.165.178  juju-f7f015-0  ubuntu@22.04      Running
1        started  10.19.165.254  juju-f7f015-1  ubuntu@22.04      Running
2        started  10.19.165.101  juju-f7f015-2  ubuntu@22.04      Running
3        started  10.19.165.217  juju-f7f015-3  ubuntu@22.04      Running

Offer  Application  Charm  Rev  Connected  Endpoint           Interface    Role
db1    db1          mysql  0    1/1        replication-offer  mysql_async  provider

[32mINFO    [0m pytest_operator.plugin:plugin.py:796 Juju error logs:

machine-0: 01:35:32 ERROR juju.worker.dependency "lxd-container-provisioner" manifold worker returned unexpected error: container types not yet available
machine-0: 01:35:32 ERROR juju.worker.dependency "kvm-container-provisioner" manifold worker returned unexpected error: container types not yet available
unit-db1-0: 01:35:32 ERROR juju.worker.meterstatus error running "meter-status-changed": charm missing from disk
machine-2: 01:35:37 ERROR juju.worker.dependency "lxd-container-provisioner" manifold worker returned unexpected error: container types not yet available
machine-2: 01:35:37 ERROR juju.worker.dependency "kvm-container-provisioner" manifold worker returned unexpected error: container types not yet available
unit-db1-2: 01:35:38 ERROR juju.worker.meterstatus error running "meter-status-changed": charm missing from disk
machine-1: 01:35:40 ERROR juju.worker.dependency "lxd-container-provisioner" manifold worker returned unexpected error: container types not yet available
machine-1: 01:35:40 ERROR juju.worker.dependency "kvm-container-provisioner" manifold worker returned unexpected error: container types not yet available
unit-db1-1: 01:35:40 ERROR juju.worker.meterstatus error running "meter-status-changed": charm missing from disk
machine-3: 01:45:29 ERROR juju.worker.dependency "kvm-container-provisioner" manifold worker returned unexpected error: container types not yet available
machine-3: 01:45:29 ERROR juju.worker.dependency "lxd-container-provisioner" manifold worker returned unexpected error: container types not yet available
unit-mysql-test-app-0: 01:45:29 ERROR juju.worker.meterstatus error running "meter-status-changed": charm missing from disk
unit-mysql-router-0: 01:45:34 ERROR juju.worker.meterstatus error running "meter-status-changed": exit status 127
unit-db1-0: 01:49:08 ERROR unit.db1/0.juju-log Failed to promote cluster to primary
Traceback (most recent call last):
  File "/var/lib/juju/agents/unit-db1-0/charm/src/mysql_vm_helpers.py", line 736, in _run_mysqlsh_script
    return subprocess.check_output(
  File "/usr/lib/python3.10/subprocess.py", line 421, in check_output
    return run(*popenargs, stdout=PIPE, timeout=timeout, check=True,
  File "/usr/lib/python3.10/subprocess.py", line 526, in run
    raise CalledProcessError(retcode, process.args,
subprocess.CalledProcessError: Command '['charmed-mysql.mysqlsh', '--no-wizard', '--python', '-f', '/var/snap/charmed-mysql/common/tmpo4mt23s9']' returned non-zero exit status 1.

During handling of the above exception, another exception occurred:

Traceback (most recent call last):
  File "/var/lib/juju/agents/unit-db1-0/charm/lib/charms/mysql/v0/mysql.py", line 1557, in promote_cluster_to_primary
    self._run_mysqlsh_script("\n".join(commands))
  File "/var/lib/juju/agents/unit-db1-0/charm/lib/charms/tempo_coordinator_k8s/v0/charm_tracing.py", line 734, in wrapped_function
    return callable(*args, **kwargs)  # type: ignore
  File "/var/lib/juju/agents/unit-db1-0/charm/src/mysql_vm_helpers.py", line 740, in _run_mysqlsh_script
    raise MySQLClientError
charms.mysql.v0.mysql.MySQLClientError
unit-db1-0: 01:49:08 ERROR unit.db1/0.juju-log Failed to promote cluster to primary
Traceback (most recent call last):
  File "/var/lib/juju/agents/unit-db1-0/charm/src/mysql_vm_helpers.py", line 736, in _run_mysqlsh_script
    return subprocess.check_output(
  File "/usr/lib/python3.10/subprocess.py", line 421, in check_output
    return run(*popenargs, stdout=PIPE, timeout=timeout, check=True,
  File "/usr/lib/python3.10/subprocess.py", line 526, in run
    raise CalledProcessError(retcode, process.args,
subprocess.CalledProcessError: Command '['charmed-mysql.mysqlsh', '--no-wizard', '--python', '-f', '/var/snap/charmed-mysql/common/tmpo4mt23s9']' returned non-zero exit status 1.

During handling of the above exception, another exception occurred:

Traceback (most recent call last):
  File "/var/lib/juju/agents/unit-db1-0/charm/lib/charms/mysql/v0/mysql.py", line 1557, in promote_cluster_to_primary
    self._run_mysqlsh_script("\n".join(commands))
  File "/var/lib/juju/agents/unit-db1-0/charm/lib/charms/tempo_coordinator_k8s/v0/charm_tracing.py", line 734, in wrapped_function
    return callable(*args, **kwargs)  # type: ignore
  File "/var/lib/juju/agents/unit-db1-0/charm/src/mysql_vm_helpers.py", line 740, in _run_mysqlsh_script
    raise MySQLClientError
charms.mysql.v0.mysql.MySQLClientError

During handling of the above exception, another exception occurred:

Traceback (most recent call last):
  File "/var/lib/juju/agents/unit-db1-0/charm/lib/charms/mysql/v0/async_replication.py", line 164, in _on_promote_to_primary
    self._charm._mysql.promote_cluster_to_primary(cluster_name, force)
  File "/var/lib/juju/agents/unit-db1-0/charm/lib/charms/tempo_coordinator_k8s/v0/charm_tracing.py", line 734, in wrapped_function
    return callable(*args, **kwargs)  # type: ignore
  File "/var/lib/juju/agents/unit-db1-0/charm/lib/charms/mysql/v0/mysql.py", line 1560, in promote_cluster_to_primary
    raise MySQLPromoteClusterToPrimaryError
charms.mysql.v0.mysql.MySQLPromoteClusterToPrimaryError
unit-mysql-router-0: 01:51:36 ERROR unit.mysql-router/0.juju-log Failed to run MySQL Shell script:
import json
import mysqlsh
import traceback

try:
    shell.connect("relation-10_b620d221cd0242:***@10.19.165.178:3306")
    session.run_sql("DROP USER `mysql_router1_bognh3l`")

except mysqlsh.DBError as exception:
    error = {
        "message": str(exception),
        "code": exception.code,
        "traceback_message": "".join(traceback.format_exception(exception)),
    }
else:
    error = None
with open("/tmp/mysqlsh_error.json", "w") as file:
    json.dump(error, file)

MySQL client error 1290
MySQL Shell traceback:
Traceback (most recent call last):
  File "<string>", line 7, in <module>
mysqlsh.DBError: MySQL Error (1290): ClassicSession.run_sql: The MySQL server is running with the --super-read-only option so it cannot execute this statement

Traceback (most recent call last):
  File "/var/lib/juju/agents/unit-mysql-router-0/charm/src/mysql_shell/__init__.py", line 103, in _run_code
    raise ShellDBError(**exception)
mysql_shell.ShellDBError: MySQL Error (1290): ClassicSession.run_sql: The MySQL server is running with the --super-read-only option so it cannot execute this statement
unit-mysql-router-0: 01:51:36 ERROR unit.mysql-router/0.juju-log Uncaught exception while in charm code:
Traceback (most recent call last):
  File "/var/lib/juju/agents/unit-mysql-router-0/charm/./src/charm.py", line 234, in <module>
    ops.main.main(MachineSubordinateRouterCharm)
  File "/var/lib/juju/agents/unit-mysql-router-0/charm/venv/ops/__init__.py", line 348, in main
    return _legacy_main.main(
  File "/var/lib/juju/agents/unit-mysql-router-0/charm/venv/ops/main.py", line 45, in main
    return _main.main(charm_class=charm_class, use_juju_for_storage=use_juju_for_storage)
  File "/var/lib/juju/agents/unit-mysql-router-0/charm/venv/ops/_main.py", line 543, in main
    manager.run()
  File "/var/lib/juju/agents/unit-mysql-router-0/charm/venv/ops/_main.py", line 529, in run
    self._emit()
  File "/var/lib/juju/agents/unit-mysql-router-0/charm/venv/ops/_main.py", line 518, in _emit
    _emit_charm_event(self.charm, self.dispatcher.event_name, self._juju_context)
  File "/var/lib/juju/agents/unit-mysql-router-0/charm/venv/ops/_main.py", line 134, in _emit_charm_event
    event_to_emit.emit(*args, **kwargs)
  File "/var/lib/juju/agents/unit-mysql-router-0/charm/venv/ops/framework.py", line 347, in emit
    framework._emit(event)
  File "/var/lib/juju/agents/unit-mysql-router-0/charm/venv/ops/framework.py", line 857, in _emit
    self._reemit(event_path)
  File "/var/lib/juju/agents/unit-mysql-router-0/charm/venv/ops/framework.py", line 947, in _reemit
    custom_handler(event)
  File "/var/lib/juju/agents/unit-mysql-router-0/charm/lib/charms/tempo_coordinator_k8s/v0/charm_tracing.py", line 738, in wrapped_function
    return callable(*args, **kwargs)  # type: ignore
  File "/var/lib/juju/agents/unit-mysql-router-0/charm/src/abstract_charm.py", line 364, in reconcile
    workload_.reconcile(
  File "/var/lib/juju/agents/unit-mysql-router-0/charm/lib/charms/tempo_coordinator_k8s/v0/charm_tracing.py", line 738, in wrapped_function
    return callable(*args, **kwargs)  # type: ignore
  File "/var/lib/juju/agents/unit-mysql-router-0/charm/src/workload.py", line 399, in reconcile
    self._enable_router(event=event, tls=tls, unit_name=unit_name)
  File "/var/lib/juju/agents/unit-mysql-router-0/charm/lib/charms/tempo_coordinator_k8s/v0/charm_tracing.py", line 738, in wrapped_function
    return callable(*args, **kwargs)  # type: ignore
  File "/var/lib/juju/agents/unit-mysql-router-0/charm/src/workload.py", line 331, in _enable_router
    self._cleanup_after_upgrade_or_potential_container_restart()
  File "/var/lib/juju/agents/unit-mysql-router-0/charm/lib/charms/tempo_coordinator_k8s/v0/charm_tracing.py", line 738, in wrapped_function
    return callable(*args, **kwargs)  # type: ignore
  File "/var/lib/juju/agents/unit-mysql-router-0/charm/src/workload.py", line 230, in _cleanup_after_upgrade_or_potential_container_restart
    self.shell.delete_user(user_info.username)
  File "/var/lib/juju/agents/unit-mysql-router-0/charm/src/mysql_shell/__init__.py", line 211, in delete_user
    self._run_sql([statement])
  File "/var/lib/juju/agents/unit-mysql-router-0/charm/src/mysql_shell/__init__.py", line 117, in _run_sql
    self._run_code(
  File "/var/lib/juju/agents/unit-mysql-router-0/charm/src/mysql_shell/__init__.py", line 103, in _run_code
    raise ShellDBError(**exception)
mysql_shell.ShellDBError: MySQL Error (1290): ClassicSession.run_sql: The MySQL server is running with the --super-read-only option so it cannot execute this statement
unit-mysql-router-0: 01:51:36 ERROR juju.worker.uniter.operation hook "update-status" (via hook dispatching script: dispatch) failed: exit status 1

[32mINFO    [0m pytest_operator.plugin:plugin.py:862 Forgetting main...