[33mWARNING [0m juju.client.connection:connection.py:858 unexpected facade SSHServer received from the controller
[32mINFO    [0m pytest_operator.plugin:plugin.py:734 Connecting to existing model concierge-lxd:testing on unspecified cloud
[33mWARNING [0m juju.client.connection:connection.py:858 unexpected facade SSHServer received from the controller
[33mWARNING [0m juju.client.connection:connection.py:858 unexpected facade SSHSession received from the controller
[33mWARNING [0m juju.client.connection:connection.py:858 unexpected facade SSHTunneler received from the controller
[33mWARNING [0m juju.client.connection:connection.py:858 unexpected facade SSHServer received from the controller
[32mINFO    [0m integration.high_availability.conftest:conftest.py:29 Clearing continuous writes
[32mINFO    [0m integration.high_availability.conftest:conftest.py:32 Starting continuous writes
[32mINFO    [0m root:test_upgrade_from_stable.py:87 Ensure continuous writes are incrementing
[32mINFO    [0m jubilant:_juju.py:316 cli: juju status --model testing --format json
[32mINFO    [0m jubilant:_juju.py:316 cli: juju status --model testing --format json
[32mINFO    [0m jubilant:_juju.py:316 cli: juju run --model testing --format json mysql/0 get-cluster-status --wait 300s --params /root/snap/juju/common/tmplbgs11ur
[32mINFO    [0m jubilant:_juju.py:316 cli: juju run --model testing --format json mysql/0 get-password --params /root/snap/juju/common/tmp2qk5tcc8
[32mINFO    [0m jubilant:_juju.py:316 cli: juju status --model testing --format json
[32mINFO    [0m jubilant:_juju.py:316 cli: juju model-config --model testing update-status-hook-interval=15s
[32mINFO    [0m jubilant:_juju.py:316 cli: juju run --model testing --format json mysql/0 get-password --params /root/snap/juju/common/tmpzzvtyj7x
[32mINFO    [0m jubilant:_juju.py:316 cli: juju status --model testing --format json
[32mINFO    [0m jubilant:_juju.py:316 cli: juju run --model testing --format json mysql/1 get-password --params /root/snap/juju/common/tmpuyi6a26z
[32mINFO    [0m jubilant:_juju.py:316 cli: juju status --model testing --format json
[32mINFO    [0m jubilant:_juju.py:316 cli: juju run --model testing --format json mysql/2 get-password --params /root/snap/juju/common/tmprijp5raa
[32mINFO    [0m jubilant:_juju.py:316 cli: juju status --model testing --format json
[32mINFO    [0m root:test_upgrade_from_stable.py:90 Refresh the charm
[32mINFO    [0m jubilant:_juju.py:316 cli: juju refresh --model testing mysql --path ./mysql_ubuntu@22.04-amd64.charm
[32mINFO    [0m root:test_upgrade_from_stable.py:93 Wait for upgrade to start
[32mINFO    [0m root:test_upgrade_from_stable.py:99 Wait for upgrade to complete
[32mINFO    [0m root:test_upgrade_from_stable.py:105 Ensure continuous writes are incrementing
[32mINFO    [0m jubilant:_juju.py:316 cli: juju status --model testing --format json
[32mINFO    [0m jubilant:_juju.py:316 cli: juju status --model testing --format json
[32mINFO    [0m jubilant:_juju.py:316 cli: juju run --model testing --format json mysql/0 get-cluster-status --wait 300s --params /root/snap/juju/common/tmpgrtte0r6
[32mINFO    [0m jubilant:_juju.py:316 cli: juju run --model testing --format json mysql/1 get-password --params /root/snap/juju/common/tmpavtz99jb
[32mINFO    [0m jubilant:_juju.py:316 cli: juju status --model testing --format json
[32mINFO    [0m jubilant:_juju.py:316 cli: juju model-config --model testing update-status-hook-interval=15s
[32mINFO    [0m jubilant:_juju.py:316 cli: juju run --model testing --format json mysql/0 get-password --params /root/snap/juju/common/tmp056ljw02
[32mINFO    [0m jubilant:_juju.py:316 cli: juju status --model testing --format json
[32mINFO    [0m jubilant:_juju.py:316 cli: juju run --model testing --format json mysql/0 get-password --params /root/snap/juju/common/tmp2jbrf_i6
[32mINFO    [0m jubilant:_juju.py:316 cli: juju status --model testing --format json
[32mINFO    [0m jubilant:_juju.py:316 cli: juju run --model testing --format json mysql/1 get-password --params /root/snap/juju/common/tmpd_2_qzrq
[32mINFO    [0m jubilant:_juju.py:316 cli: juju status --model testing --format json
[32mINFO    [0m jubilant:_juju.py:316 cli: juju run --model testing --format json mysql/2 get-password --params /root/snap/juju/common/tmpych93f_q
[32mINFO    [0m jubilant:_juju.py:316 cli: juju status --model testing --format json
[32mINFO    [0m integration.high_availability.conftest:conftest.py:37 Clearing continuous writes
[32mINFO    [0m pytest_operator.plugin:plugin.py:862 Model status:

Model    Controller     Cloud/Region         Version  SLA          Timestamp
testing  concierge-lxd  localhost/localhost  3.6.9    unsupported  01:55:31Z

App             Version          Status  Scale  Charm           Channel      Rev  Exposed  Message
mysql           8.0.42-0ubun...  active      3  mysql                          0  no       
mysql-test-app  0.0.2            active      1  mysql-test-app  latest/edge   85  no       Last written value=13316

Unit               Workload  Agent  Machine  Public address  Ports           Message
mysql-test-app/0*  active    idle   3        10.199.89.235                   Last written value=13316
mysql/0*           active    idle   0        10.199.89.25    3306,33060/tcp  
mysql/1            active    idle   1        10.199.89.183   3306,33060/tcp  Primary
mysql/2            active    idle   2        10.199.89.231   3306,33060/tcp  

Machine  State    Address        Inst id        Base          AZ             Message
0        started  10.199.89.25   juju-8bfeb4-0  ubuntu@22.04  runnervmwhb2z  Running
1        started  10.199.89.183  juju-8bfeb4-1  ubuntu@22.04  runnervmwhb2z  Running
2        started  10.199.89.231  juju-8bfeb4-2  ubuntu@22.04  runnervmwhb2z  Running
3        started  10.199.89.235  juju-8bfeb4-3  ubuntu@22.04  runnervmwhb2z  Running

[32mINFO    [0m pytest_operator.plugin:plugin.py:868 Juju error logs:

machine-0: 01:46:58 ERROR juju.worker.dependency "lxd-container-provisioner" manifold worker returned unexpected error: container types not yet available
machine-0: 01:46:58 ERROR juju.worker.dependency "kvm-container-provisioner" manifold worker returned unexpected error: container types not yet available
unit-mysql-0: 01:46:58 ERROR juju.worker.meterstatus error running "meter-status-changed": charm missing from disk
unit-mysql-0: 01:48:17 ERROR unit.mysql/0.juju-log ERROR 2002 (HY000): Can't connect to local MySQL server through socket '/var/snap/charmed-mysql/common/var/run/mysqld/mysqld.sock' (2)
unit-mysql-0: 01:48:17 ERROR unit.mysql/0.juju-log Failed to execute MySQL cli command
Traceback (most recent call last):
  File "/var/lib/juju/agents/unit-mysql-0/charm/lib/charms/mysql/v0/mysql.py", line 3297, in check_mysqlcli_connection
    self._run_mysqlcli_script(
  File "/var/lib/juju/agents/unit-mysql-0/charm/lib/charms/tempo_coordinator_k8s/v0/charm_tracing.py", line 1065, in wrapped_function
    return callable(*args, **kwargs)  # type: ignore
  File "/var/lib/juju/agents/unit-mysql-0/charm/src/mysql_vm_helpers.py", line 837, in _run_mysqlcli_script
    raise MySQLClientError
charms.mysql.v0.mysql.MySQLClientError

During handling of the above exception, another exception occurred:

Traceback (most recent call last):
  File "/var/lib/juju/agents/unit-mysql-0/charm/src/mysql_vm_helpers.py", line 842, in _run_mysqlcli_script
    stdout = subprocess.check_output(command, timeout=timeout, text=True)
  File "/usr/lib/python3.10/subprocess.py", line 421, in check_output
    return run(*popenargs, stdout=PIPE, timeout=timeout, check=True,
  File "/usr/lib/python3.10/subprocess.py", line 526, in run
    raise CalledProcessError(retcode, process.args,
subprocess.CalledProcessError: Command '['charmed-mysql.mysql', '-u', 'root', '-N', '-B', '--socket=/var/snap/charmed-mysql/common/var/run/mysqld/mysqld.sock', '-e', 'SELECT 1']' returned non-zero exit status 1.
unit-mysql-0: 01:48:17 ERROR unit.mysql/0.juju-log Failed to connect to MySQL with mysqlcli with default root user
machine-1: 01:48:54 ERROR juju.worker.dependency "lxd-container-provisioner" manifold worker returned unexpected error: container types not yet available
machine-1: 01:48:54 ERROR juju.worker.dependency "kvm-container-provisioner" manifold worker returned unexpected error: container types not yet available
unit-mysql-1: 01:48:55 ERROR juju.worker.meterstatus error running "meter-status-changed": charm missing from disk
machine-3: 01:48:57 ERROR juju.worker.dependency "kvm-container-provisioner" manifold worker returned unexpected error: container types not yet available
machine-3: 01:48:57 ERROR juju.worker.dependency "lxd-container-provisioner" manifold worker returned unexpected error: container types not yet available
unit-mysql-test-app-0: 01:48:57 ERROR juju.worker.meterstatus error running "meter-status-changed": charm missing from disk
machine-2: 01:49:14 ERROR juju.worker.dependency "kvm-container-provisioner" manifold worker returned unexpected error: container types not yet available
machine-2: 01:49:14 ERROR juju.worker.dependency "lxd-container-provisioner" manifold worker returned unexpected error: container types not yet available
unit-mysql-2: 01:49:14 ERROR juju.worker.meterstatus error running "meter-status-changed": charm missing from disk

[32mINFO    [0m pytest_operator.plugin:plugin.py:947 Forgetting model main...
[32mINFO    [0m jubilant:_juju.py:316 cli: juju debug-log --model testing --limit 1000