[32mINFO    [0m pytest_operator.plugin:plugin.py:675 Connecting to existing model localhost-localhost:test on unspecified cloud
[32mINFO    [0m integration.high_availability.conftest:conftest.py:48 Deploying mysql and scaling to 3 units
[32mINFO    [0m juju.model:model.py:2284 Deploying local:mysql-0
[32mINFO    [0m juju.model:model.py:3211 Waiting for model:
  mysql/0 [allocating] waiting: waiting for machine
  mysql/1 [allocating] waiting: waiting for machine
  mysql/2 [allocating] waiting: waiting for machine
[32mINFO    [0m juju.model:model.py:3211 Waiting for model:
  mysql/0 [allocating] waiting: waiting for machine
  mysql/1 [allocating] waiting: waiting for machine
  mysql/2 [allocating] waiting: waiting for machine
[32mINFO    [0m juju.model:model.py:3211 Waiting for model:
  mysql/0 [allocating] waiting: waiting for machine
  mysql/1 [allocating] waiting: waiting for machine
  mysql/2 [allocating] waiting: waiting for machine
[32mINFO    [0m juju.model:model.py:3211 Waiting for model:
  mysql/0 [allocating] waiting: waiting for machine
  mysql/1 [allocating] waiting: waiting for machine
  mysql/2 [allocating] waiting: waiting for machine
[32mINFO    [0m juju.model:model.py:3211 Waiting for model:
  mysql/0 [allocating] waiting: waiting for machine
  mysql/1 [allocating] waiting: waiting for machine
  mysql/2 [allocating] waiting: waiting for machine
[32mINFO    [0m juju.model:model.py:3211 Waiting for model:
  mysql/0 [allocating] waiting: waiting for machine
  mysql/1 [allocating] waiting: waiting for machine
  mysql/2 [allocating] waiting: waiting for machine
[32mINFO    [0m juju.model:model.py:3211 Waiting for model:
  mysql/0 [allocating] waiting: agent initialising
  mysql/1 [executing] maintenance: Installing MySQL
  mysql/2 [executing] waiting: agent initialising
[32mINFO    [0m juju.model:model.py:3211 Waiting for model:
  mysql/0 [executing] maintenance: Installing MySQL
  mysql/1 [executing] waiting: Waiting to start MySQL
  mysql/2 [executing] maintenance: Installing MySQL
[32mINFO    [0m juju.model:model.py:3211 Waiting for model:
  mysql/0 [executing] waiting: Waiting to join the cluster
  mysql/1 [executing] active: Primary
  mysql/2 [executing] waiting: Waiting to join the cluster
[32mINFO    [0m juju.model:model.py:3211 Waiting for model:
  mysql/0 [executing] maintenance: joining the cluster
  mysql/1 [idle] active: Primary
  mysql/2 [executing] waiting: waiting to join the cluster.
[32mINFO    [0m juju.model:model.py:3211 Waiting for model:
  mysql/0 [executing] active: 
  mysql/1 [executing] active: Primary
  mysql/2 [executing] active: 
[32mINFO    [0m integration.high_availability.conftest:conftest.py:51 Deploying mysql-test-app
[32mINFO    [0m juju.model:model.py:2284 Deploying ch:amd64/jammy/mysql-test-app-63
[32mINFO    [0m juju.model:model.py:3211 Waiting for model:
  mysql-test-app/0 [allocating] waiting: waiting for machine
[32mINFO    [0m juju.model:model.py:3211 Waiting for model:
  mysql-test-app/0 [allocating] waiting: waiting for machine
[32mINFO    [0m juju.model:model.py:3211 Waiting for model:
  mysql-test-app/0 [allocating] waiting: waiting for machine
[32mINFO    [0m juju.model:model.py:3211 Waiting for model:
  mysql-test-app/0 [allocating] waiting: waiting for machine
[32mINFO    [0m juju.model:model.py:3211 Waiting for model:
  mysql-test-app/0 [idle] waiting: 
[32mINFO    [0m integration.high_availability.conftest:conftest.py:54 Relating mysql with mysql-test-app
[33mWARNING [0m juju.model:model.py:1666 relate is deprecated and will be removed. Use integrate instead.
[32mINFO    [0m juju.model:model.py:3211 Waiting for model:
  mysql/0 [idle] active: 
  mysql/1 [idle] active: Primary
  mysql/2 [idle] active: 
  mysql-test-app/0 [idle] waiting: 
[32mINFO    [0m integration.high_availability.conftest:conftest.py:29 Clearing continuous writes
[32mINFO    [0m integration.high_availability.conftest:conftest.py:32 Starting continuous writes
[32mINFO    [0m integration.helpers:helpers.py:486 Retrieving primary unit
[32mINFO    [0m integration.high_availability.high_availability_helpers:high_availability_helpers.py:343 Ensure continuous writes are incrementing
[32mINFO    [0m integration.helpers:helpers.py:486 Retrieving primary unit
[32mINFO    [0m integration.high_availability.high_availability_helpers:high_availability_helpers.py:368 max_written_value=837 on unit mysql/0
[32mINFO    [0m integration.high_availability.high_availability_helpers:high_availability_helpers.py:368 max_written_value=841 on unit mysql/1
[32mINFO    [0m integration.high_availability.high_availability_helpers:high_availability_helpers.py:368 max_written_value=843 on unit mysql/2
[32mINFO    [0m integration.high_availability.test_self_healing:test_self_healing.py:153 Unit mysql/1 it's on machine juju-4b0424-1 âœ…
[32mINFO    [0m integration.high_availability.test_self_healing:test_self_healing.py:169 Cutting network for juju-4b0424-1
[32mINFO    [0m integration.high_availability.test_self_healing:test_self_healing.py:188 Restoring network for juju-4b0424-1
[32mINFO    [0m integration.high_availability.test_self_healing:test_self_healing.py:213 Waiting for mysql/1 to enter active
[32mINFO    [0m integration.high_availability.high_availability_helpers:high_availability_helpers.py:343 Ensure continuous writes are incrementing
[32mINFO    [0m integration.helpers:helpers.py:486 Retrieving primary unit
[32mINFO    [0m integration.high_availability.high_availability_helpers:high_availability_helpers.py:368 max_written_value=25228 on unit mysql/0
[32mINFO    [0m integration.high_availability.high_availability_helpers:high_availability_helpers.py:368 max_written_value=25228 on unit mysql/1
[32mINFO    [0m integration.high_availability.high_availability_helpers:high_availability_helpers.py:368 max_written_value=25802 on unit mysql/1
[32mINFO    [0m integration.high_availability.high_availability_helpers:high_availability_helpers.py:368 max_written_value=25804 on unit mysql/2
[32mINFO    [0m integration.helpers:helpers.py:486 Retrieving primary unit
[32mINFO    [0m integration.helpers:helpers.py:486 Retrieving primary unit
[32mINFO    [0m integration.high_availability.conftest:conftest.py:37 Clearing continuous writes
[32mINFO    [0m pytest_operator.plugin:plugin.py:790 Model status:

Model  Controller           Cloud/Region         Version  SLA          Timestamp
test   localhost-localhost  localhost/localhost  3.6.1    unsupported  01:43:34Z

App             Version          Status  Scale  Charm           Channel      Rev  Exposed  Message
mysql           8.0.39-0ubun...  active      3  mysql                          0  no       
mysql-test-app  0.0.2            active      1  mysql-test-app  latest/edge   63  no       

Unit               Workload  Agent  Machine  Public address  Ports           Message
mysql-test-app/0*  active    idle   3        10.244.122.66                   
mysql/0            active    idle   0        10.244.122.109  3306,33060/tcp  
mysql/1            active    idle   1        10.244.122.177  3306,33060/tcp  
mysql/2*           active    idle   2        10.244.122.136  3306,33060/tcp  Primary

Machine  State    Address         Inst id        Base          AZ  Message
0        started  10.244.122.109  juju-4b0424-0  ubuntu@22.04      Running
1        started  10.244.122.177  juju-4b0424-1  ubuntu@22.04      Running
2        started  10.244.122.136  juju-4b0424-2  ubuntu@22.04      Running
3        started  10.244.122.66   juju-4b0424-3  ubuntu@22.04      Running

[32mINFO    [0m pytest_operator.plugin:plugin.py:796 Juju error logs:

machine-1: 01:31:21 ERROR juju.worker.dependency "lxd-container-provisioner" manifold worker returned unexpected error: container types not yet available
machine-1: 01:31:21 ERROR juju.worker.dependency "kvm-container-provisioner" manifold worker returned unexpected error: container types not yet available
unit-mysql-1: 01:31:22 ERROR juju.worker.meterstatus error running "meter-status-changed": charm missing from disk
machine-2: 01:31:26 ERROR juju.worker.dependency "lxd-container-provisioner" manifold worker returned unexpected error: container types not yet available
machine-2: 01:31:26 ERROR juju.worker.dependency "kvm-container-provisioner" manifold worker returned unexpected error: container types not yet available
unit-mysql-2: 01:31:26 ERROR juju.worker.meterstatus error running "meter-status-changed": charm missing from disk
machine-0: 01:31:31 ERROR juju.worker.dependency "lxd-container-provisioner" manifold worker returned unexpected error: container types not yet available
machine-0: 01:31:31 ERROR juju.worker.dependency "kvm-container-provisioner" manifold worker returned unexpected error: container types not yet available
unit-mysql-0: 01:31:31 ERROR juju.worker.meterstatus error running "meter-status-changed": charm missing from disk
machine-3: 01:35:50 ERROR juju.worker.dependency "kvm-container-provisioner" manifold worker returned unexpected error: container types not yet available
machine-3: 01:35:50 ERROR juju.worker.dependency "lxd-container-provisioner" manifold worker returned unexpected error: container types not yet available
unit-mysql-test-app-0: 01:35:50 ERROR juju.worker.meterstatus error running "meter-status-changed": charm missing from disk
machine-1: 01:37:51 ERROR juju.worker.dependency "api-caller" manifold worker returned unexpected error: api connection broken unexpectedly
unit-mysql-1: 01:38:23 ERROR unit.mysql/1.juju-log Failed to get cluster status for test_cluster
unit-mysql-1: 01:39:02 ERROR unit.mysql/1.juju-log Failed to connect to MySQL with mysqlsh
Traceback (most recent call last):
  File "/var/lib/juju/agents/unit-mysql-1/charm/src/mysql_vm_helpers.py", line 736, in _run_mysqlsh_script
    return subprocess.check_output(
  File "/usr/lib/python3.10/subprocess.py", line 421, in check_output
    return run(*popenargs, stdout=PIPE, timeout=timeout, check=True,
  File "/usr/lib/python3.10/subprocess.py", line 526, in run
    raise CalledProcessError(retcode, process.args,
subprocess.CalledProcessError: Command '['charmed-mysql.mysqlsh', '--no-wizard', '--python', '-f', '/var/snap/charmed-mysql/common/tmp5fwkw12d']' returned non-zero exit status 1.

During handling of the above exception, another exception occurred:

Traceback (most recent call last):
  File "/var/lib/juju/agents/unit-mysql-1/charm/lib/charms/mysql/v0/mysql.py", line 3015, in check_mysqlsh_connection
    self._run_mysqlsh_script("\n".join(connect_commands))
  File "/var/lib/juju/agents/unit-mysql-1/charm/lib/charms/tempo_coordinator_k8s/v0/charm_tracing.py", line 734, in wrapped_function
    return callable(*args, **kwargs)  # type: ignore
  File "/var/lib/juju/agents/unit-mysql-1/charm/src/mysql_vm_helpers.py", line 740, in _run_mysqlsh_script
    raise MySQLClientError
charms.mysql.v0.mysql.MySQLClientError
unit-mysql-1: 01:40:57 ERROR unit.mysql/1.juju-log Failed to start mysqld
Traceback (most recent call last):
  File "/var/lib/juju/agents/unit-mysql-1/charm/src/mysql_vm_helpers.py", line 636, in start_mysqld
    self.wait_until_mysql_connection()
  File "/var/lib/juju/agents/unit-mysql-1/charm/lib/charms/tempo_coordinator_k8s/v0/charm_tracing.py", line 734, in wrapped_function
    return callable(*args, **kwargs)  # type: ignore
  File "/var/lib/juju/agents/unit-mysql-1/charm/venv/tenacity/__init__.py", line 289, in wrapped_f
    return self(f, *args, **kw)
  File "/var/lib/juju/agents/unit-mysql-1/charm/venv/tenacity/__init__.py", line 379, in __call__
    do = self.iter(retry_state=retry_state)
  File "/var/lib/juju/agents/unit-mysql-1/charm/venv/tenacity/__init__.py", line 325, in iter
    raise retry_exc.reraise()
  File "/var/lib/juju/agents/unit-mysql-1/charm/venv/tenacity/__init__.py", line 158, in reraise
    raise self.last_attempt.result()
  File "/usr/lib/python3.10/concurrent/futures/_base.py", line 451, in result
    return self.__get_result()
  File "/usr/lib/python3.10/concurrent/futures/_base.py", line 403, in __get_result
    raise self._exception
  File "/var/lib/juju/agents/unit-mysql-1/charm/venv/tenacity/__init__.py", line 382, in __call__
    result = fn(*args, **kwargs)
  File "/var/lib/juju/agents/unit-mysql-1/charm/src/mysql_vm_helpers.py", line 398, in wait_until_mysql_connection
    raise MySQLServiceNotRunningError("MySQL socket file not found")
charms.mysql.v0.mysql.MySQLServiceNotRunningError: MySQL socket file not found
unit-mysql-1: 01:40:57 ERROR unit.mysql/1.juju-log Uncaught exception while in charm code:
Traceback (most recent call last):
  File "/var/lib/juju/agents/unit-mysql-1/charm/src/mysql_vm_helpers.py", line 636, in start_mysqld
    self.wait_until_mysql_connection()
  File "/var/lib/juju/agents/unit-mysql-1/charm/lib/charms/tempo_coordinator_k8s/v0/charm_tracing.py", line 734, in wrapped_function
    return callable(*args, **kwargs)  # type: ignore
  File "/var/lib/juju/agents/unit-mysql-1/charm/venv/tenacity/__init__.py", line 289, in wrapped_f
    return self(f, *args, **kw)
  File "/var/lib/juju/agents/unit-mysql-1/charm/venv/tenacity/__init__.py", line 379, in __call__
    do = self.iter(retry_state=retry_state)
  File "/var/lib/juju/agents/unit-mysql-1/charm/venv/tenacity/__init__.py", line 325, in iter
    raise retry_exc.reraise()
  File "/var/lib/juju/agents/unit-mysql-1/charm/venv/tenacity/__init__.py", line 158, in reraise
    raise self.last_attempt.result()
  File "/usr/lib/python3.10/concurrent/futures/_base.py", line 451, in result
    return self.__get_result()
  File "/usr/lib/python3.10/concurrent/futures/_base.py", line 403, in __get_result
    raise self._exception
  File "/var/lib/juju/agents/unit-mysql-1/charm/venv/tenacity/__init__.py", line 382, in __call__
    result = fn(*args, **kwargs)
  File "/var/lib/juju/agents/unit-mysql-1/charm/src/mysql_vm_helpers.py", line 398, in wait_until_mysql_connection
    raise MySQLServiceNotRunningError("MySQL socket file not found")
charms.mysql.v0.mysql.MySQLServiceNotRunningError: MySQL socket file not found

During handling of the above exception, another exception occurred:

Traceback (most recent call last):
  File "/var/lib/juju/agents/unit-mysql-1/charm/./src/charm.py", line 880, in <module>
    main(MySQLOperatorCharm)
  File "/var/lib/juju/agents/unit-mysql-1/charm/venv/ops/main.py", line 551, in main
    manager.run()
  File "/var/lib/juju/agents/unit-mysql-1/charm/venv/ops/main.py", line 530, in run
    self._emit()
  File "/var/lib/juju/agents/unit-mysql-1/charm/venv/ops/main.py", line 519, in _emit
    _emit_charm_event(self.charm, self.dispatcher.event_name)
  File "/var/lib/juju/agents/unit-mysql-1/charm/venv/ops/main.py", line 147, in _emit_charm_event
    event_to_emit.emit(*args, **kwargs)
  File "/var/lib/juju/agents/unit-mysql-1/charm/venv/ops/framework.py", line 348, in emit
    framework._emit(event)
  File "/var/lib/juju/agents/unit-mysql-1/charm/venv/ops/framework.py", line 860, in _emit
    self._reemit(event_path)
  File "/var/lib/juju/agents/unit-mysql-1/charm/venv/ops/framework.py", line 950, in _reemit
    custom_handler(event)
  File "/var/lib/juju/agents/unit-mysql-1/charm/lib/charms/tempo_coordinator_k8s/v0/charm_tracing.py", line 734, in wrapped_function
    return callable(*args, **kwargs)  # type: ignore
  File "/var/lib/juju/agents/unit-mysql-1/charm/src/hostname_resolution.py", line 65, in _on_ip_address_change
    self.charm._mysql.restart_mysqld()
  File "/var/lib/juju/agents/unit-mysql-1/charm/lib/charms/tempo_coordinator_k8s/v0/charm_tracing.py", line 734, in wrapped_function
    return callable(*args, **kwargs)  # type: ignore
  File "/var/lib/juju/agents/unit-mysql-1/charm/src/mysql_vm_helpers.py", line 649, in restart_mysqld
    self.start_mysqld()
  File "/var/lib/juju/agents/unit-mysql-1/charm/lib/charms/tempo_coordinator_k8s/v0/charm_tracing.py", line 734, in wrapped_function
    return callable(*args, **kwargs)  # type: ignore
  File "/var/lib/juju/agents/unit-mysql-1/charm/src/mysql_vm_helpers.py", line 644, in start_mysqld
    raise MySQLStartMySQLDError(e.message)
charms.mysql.v0.mysql.MySQLStartMySQLDError: MySQL socket file not found
unit-mysql-1: 01:41:09 ERROR unit.mysql/1.juju-log Failed to get member state: mysqld daemon is down
unit-mysql-1: 01:41:19 ERROR unit.mysql/1.juju-log Failed to get member state: mysqld daemon is down
unit-mysql-1: 01:41:29 ERROR unit.mysql/1.juju-log Failed to get member state: mysqld daemon is down

[32mINFO    [0m pytest_operator.plugin:plugin.py:862 Forgetting main...