[33mWARNING [0m juju.client.connection:connection.py:858 unexpected facade SSHServer received from the controller
[32mINFO    [0m pytest_operator.plugin:plugin.py:734 Connecting to existing model concierge-lxd:testing on unspecified cloud
[33mWARNING [0m juju.client.connection:connection.py:858 unexpected facade SSHServer received from the controller
[33mWARNING [0m juju.client.connection:connection.py:858 unexpected facade SSHSession received from the controller
[33mWARNING [0m juju.client.connection:connection.py:858 unexpected facade SSHTunneler received from the controller
[33mWARNING [0m juju.client.connection:connection.py:858 unexpected facade SSHServer received from the controller
[32mINFO    [0m juju.model:model.py:2284 Deploying local:mysql-0
[32mINFO    [0m juju.model:model.py:3211 Waiting for model:
  mysql/0 [allocating] waiting: waiting for machine
  mysql/1 [allocating] waiting: waiting for machine
  mysql/2 [allocating] waiting: waiting for machine
[32mINFO    [0m juju.model:model.py:3211 Waiting for model:
  mysql/0 [allocating] waiting: waiting for machine
  mysql/1 [allocating] waiting: waiting for machine
  mysql/2 [allocating] waiting: waiting for machine
[32mINFO    [0m juju.model:model.py:3211 Waiting for model:
  mysql/0 [allocating] waiting: waiting for machine
  mysql/1 [allocating] waiting: waiting for machine
  mysql/2 [allocating] waiting: waiting for machine
[32mINFO    [0m juju.model:model.py:3211 Waiting for model:
  mysql/0 [executing] maintenance: Installing MySQL
  mysql/1 [allocating] waiting: waiting for machine
  mysql/2 [allocating] waiting: waiting for machine
[32mINFO    [0m juju.model:model.py:3211 Waiting for model:
  mysql/0 [executing] maintenance: Setting up cluster node
  mysql/1 [allocating] waiting: waiting for machine
  mysql/2 [allocating] waiting: waiting for machine
[32mINFO    [0m juju.model:model.py:3211 Waiting for model:
  mysql/0 [idle] active: Primary
  mysql/1 [allocating] waiting: waiting for machine
  mysql/2 [allocating] waiting: agent initialising
[32mINFO    [0m juju.model:model.py:3211 Waiting for model:
  mysql/0 [executing] active: Primary
  mysql/1 [executing] maintenance: Installing MySQL
  mysql/2 [executing] maintenance: Setting up cluster node
[32mINFO    [0m juju.model:model.py:3211 Waiting for model:
  mysql/0 [idle] active: Primary
  mysql/1 [executing] waiting: Waiting to join the cluster
  mysql/2 [executing] waiting: Waiting to join the cluster
[32mINFO    [0m juju.model:model.py:3211 Waiting for model:
  mysql/0 [idle] active: Primary
  mysql/1 [executing] maintenance: joining the cluster
  mysql/2 [idle] active: 
[32mINFO    [0m juju.model:model.py:3211 Waiting for model:
  mysql/0 [idle] active: Primary
  mysql/1 [idle] active: 
  mysql/2 [idle] active: 
[32mINFO    [0m integration.relations.test_shared_db:test_shared_db.py:44 Deploy keystone..
[32mINFO    [0m juju.model:model.py:2284 Deploying ch:amd64/jammy/keystone-689
[32mINFO    [0m integration.relations.test_shared_db:test_shared_db.py:59 Relate keystone and mysql
[33mWARNING [0m juju.model:model.py:1666 relate is deprecated and will be removed. Use integrate instead.
[32mINFO    [0m integration.relations.test_shared_db:test_shared_db.py:61 Wait keystone settle after relation
[32mINFO    [0m integration.relations.test_shared_db:test_shared_db.py:77 Checking keystone migration
[32mINFO    [0m integration.relations.test_shared_db:test_shared_db.py:44 Deploy keystone..
[32mINFO    [0m juju.model:model.py:2284 Deploying ch:amd64/jammy/keystone-689
[32mINFO    [0m integration.relations.test_shared_db:test_shared_db.py:59 Relate keystone and mysql
[33mWARNING [0m juju.model:model.py:1666 relate is deprecated and will be removed. Use integrate instead.
[32mINFO    [0m integration.relations.test_shared_db:test_shared_db.py:61 Wait keystone settle after relation
[32mINFO    [0m integration.relations.test_shared_db:test_shared_db.py:77 Checking keystone migration
[32mINFO    [0m juju.model:model.py:3211 Waiting for model:
  mysql (waiting for exactly 2 units, current : 3)
[32mINFO    [0m juju.model:model.py:3211 Waiting for model:
  mysql/1 [executing] active: 
  mysql/2 [idle] active: 
[32mINFO    [0m juju.model:model.py:3211 Waiting for model:
  mysql/1 [idle] active: 
  mysql/2 [idle] active: 
  mysql/3 [allocating] waiting: waiting for machine
[32mINFO    [0m juju.model:model.py:3211 Waiting for model:
  mysql/1 [idle] active: 
  mysql/2 [idle] active: Primary
  mysql/3 [allocating] waiting: waiting for machine
[32mINFO    [0m juju.model:model.py:3211 Waiting for model:
  mysql/3 [allocating] waiting: waiting for machine
[32mINFO    [0m juju.model:model.py:3211 Waiting for model:
  mysql/3 [executing] maintenance: Installing MySQL
[32mINFO    [0m juju.model:model.py:3211 Waiting for model:
  mysql/1 [executing] active: 
  mysql/2 [executing] active: Primary
  mysql/3 [executing] waiting: Waiting to join the cluster
[32mINFO    [0m juju.model:model.py:3211 Waiting for model:
  mysql/3 [executing] maintenance: joining the cluster
[32mINFO    [0m juju.model:model.py:3211 Waiting for model:
  mysql/3 [idle] active:
[32mINFO    [0m pytest_operator.plugin:plugin.py:862 Model status:

Model    Controller     Cloud/Region         Version  SLA          Timestamp
testing  concierge-lxd  localhost/localhost  3.6.5    unsupported  01:52:16Z

Machine  State    Address         Inst id        Base          AZ  Message
2        stopped  10.254.214.187  juju-ef33af-2  ubuntu@22.04      Running

[32mINFO    [0m pytest_operator.plugin:plugin.py:868 Juju error logs:

machine-0: 01:30:38 ERROR juju.worker.dependency "lxd-container-provisioner" manifold worker returned unexpected error: container types not yet available
machine-0: 01:30:38 ERROR juju.worker.dependency "kvm-container-provisioner" manifold worker returned unexpected error: container types not yet available
unit-mysql-0: 01:30:38 ERROR juju.worker.meterstatus error running "meter-status-changed": charm missing from disk
unit-mysql-0: 01:31:41 ERROR unit.mysql/0.juju-log ERROR 2002 (HY000): Can't connect to local MySQL server through socket '/var/snap/charmed-mysql/common/var/run/mysqld/mysqld.sock' (2)
unit-mysql-0: 01:31:41 ERROR unit.mysql/0.juju-log Failed to execute MySQL cli command
Traceback (most recent call last):
  File "/var/lib/juju/agents/unit-mysql-0/charm/lib/charms/mysql/v0/mysql.py", line 3363, in check_mysqlcli_connection
    self._run_mysqlcli_script(
  File "/var/lib/juju/agents/unit-mysql-0/charm/lib/charms/tempo_coordinator_k8s/v0/charm_tracing.py", line 1065, in wrapped_function
    return callable(*args, **kwargs)  # type: ignore
  File "/var/lib/juju/agents/unit-mysql-0/charm/src/mysql_vm_helpers.py", line 855, in _run_mysqlcli_script
    raise MySQLClientError
charms.mysql.v0.mysql.MySQLClientError

During handling of the above exception, another exception occurred:

Traceback (most recent call last):
  File "/var/lib/juju/agents/unit-mysql-0/charm/src/mysql_vm_helpers.py", line 860, in _run_mysqlcli_script
    stdout = subprocess.check_output(command, timeout=timeout, text=True)
  File "/usr/lib/python3.10/subprocess.py", line 421, in check_output
    return run(*popenargs, stdout=PIPE, timeout=timeout, check=True,
  File "/usr/lib/python3.10/subprocess.py", line 526, in run
    raise CalledProcessError(retcode, process.args,
subprocess.CalledProcessError: Command '['charmed-mysql.mysql', '-u', 'root', '-N', '-B', '--socket=/var/snap/charmed-mysql/common/var/run/mysqld/mysqld.sock', '-e', 'SELECT 1']' returned non-zero exit status 1.
unit-mysql-0: 01:31:41 ERROR unit.mysql/0.juju-log Failed to connect to MySQL with mysqlcli with default root user
machine-2: 01:32:04 ERROR juju.worker.dependency "kvm-container-provisioner" manifold worker returned unexpected error: container types not yet available
machine-2: 01:32:04 ERROR juju.worker.dependency "lxd-container-provisioner" manifold worker returned unexpected error: container types not yet available
unit-mysql-2: 01:32:04 ERROR juju.worker.meterstatus error running "meter-status-changed": charm missing from disk
machine-1: 01:32:11 ERROR juju.worker.dependency "lxd-container-provisioner" manifold worker returned unexpected error: container types not yet available
machine-1: 01:32:11 ERROR juju.worker.dependency "kvm-container-provisioner" manifold worker returned unexpected error: container types not yet available
unit-mysql-1: 01:32:11 ERROR juju.worker.meterstatus error running "meter-status-changed": charm missing from disk
machine-3: 01:35:30 ERROR juju.worker.dependency "lxd-container-provisioner" manifold worker returned unexpected error: container types not yet available
machine-3: 01:35:30 ERROR juju.worker.dependency "kvm-container-provisioner" manifold worker returned unexpected error: container types not yet available
unit-keystone-0: 01:35:30 ERROR juju.worker.meterstatus error running "meter-status-changed": charm missing from disk
machine-4: 01:35:41 ERROR juju.worker.dependency "lxd-container-provisioner" manifold worker returned unexpected error: container types not yet available
machine-4: 01:35:41 ERROR juju.worker.dependency "kvm-container-provisioner" manifold worker returned unexpected error: container types not yet available
unit-keystone-1: 01:35:41 ERROR juju.worker.meterstatus error running "meter-status-changed": charm missing from disk
unit-keystone-0: 01:37:17 ERROR unit.keystone/0.juju-log Key repository setup failed, will retry in config-changed hook: Command '['sudo', '-u', 'keystone', 'keystone-manage', 'credential_migrate']' returned non-zero exit status 1.
machine-5: 01:41:26 ERROR juju.worker.dependency "kvm-container-provisioner" manifold worker returned unexpected error: container types not yet available
machine-5: 01:41:26 ERROR juju.worker.dependency "lxd-container-provisioner" manifold worker returned unexpected error: container types not yet available
unit-another-keystone-0: 01:41:26 ERROR juju.worker.meterstatus error running "meter-status-changed": charm missing from disk
machine-6: 01:41:30 ERROR juju.worker.dependency "lxd-container-provisioner" manifold worker returned unexpected error: container types not yet available
machine-6: 01:41:30 ERROR juju.worker.dependency "kvm-container-provisioner" manifold worker returned unexpected error: container types not yet available
unit-another-keystone-1: 01:41:30 ERROR juju.worker.meterstatus error running "meter-status-changed": charm missing from disk
unit-another-keystone-0: 01:43:21 ERROR unit.another-keystone/0.juju-log Key repository setup failed, will retry in config-changed hook: Command '['sudo', '-u', 'keystone', 'keystone-manage', 'credential_migrate']' returned non-zero exit status 1.
machine-7: 01:49:00 ERROR juju.worker.dependency "lxd-container-provisioner" manifold worker returned unexpected error: container types not yet available
machine-7: 01:49:00 ERROR juju.worker.dependency "kvm-container-provisioner" manifold worker returned unexpected error: container types not yet available
unit-mysql-3: 01:49:00 ERROR juju.worker.meterstatus error running "meter-status-changed": charm missing from disk
unit-keystone-0: 01:49:47 ERROR juju.worker.dependency "log-sender" manifold worker returned unexpected error: sending log message: websocket: close 1005 (no status): websocket: close sent
unit-keystone-1: 01:49:47 ERROR juju.worker.dependency "log-sender" manifold worker returned unexpected error: sending log message: websocket: close 1005 (no status): websocket: close sent
unit-mysql-2: 01:49:51 ERROR juju.worker.dependency "log-sender" manifold worker returned unexpected error: sending log message: websocket: close 1005 (no status): websocket: close sent
unit-mysql-1: 01:49:51 ERROR juju.worker.dependency "log-sender" manifold worker returned unexpected error: sending log message: websocket: close 1005 (no status): websocket: close sent
machine-2: 01:51:56 ERROR juju.worker.dependency "log-sender" manifold worker returned unexpected error: sending log message: websocket: close 1005 (no status): websocket: close sent

[32mINFO    [0m pytest_operator.plugin:plugin.py:947 Forgetting model main...