[32mINFO    [0m integration.relations.test_relation_mysql_legacy:test_relation_mysql_legacy.py:136 Asserting that a connection to the database is still possible with application credentials
[32mINFO    [0m integration.relations.test_relation_mysql_legacy:test_relation_mysql_legacy.py:146 Removing relation mysql:mysql with mysql-test-app:mysql
[32mINFO    [0m integration.relations.test_relation_mysql_legacy:test_relation_mysql_legacy.py:155 Waiting till mysql is active and mysql-test-app is waiting
[32mINFO    [0m juju.model:model.py:3211 Waiting for model:
  mysql/0 [executing] active: 
  mysql/1 [executing] active: 
  mysql/2 [executing] active: Primary
[32mINFO    [0m juju.model:model.py:3211 Waiting for model:
  mysql-test-app/0 [executing] active: 
[32mINFO    [0m integration.relations.test_relation_mysql_legacy:test_relation_mysql_legacy.py:173 Asserting that a connection to the database is not possible with application credentials
[32mINFO    [0m pytest_operator.plugin:plugin.py:862 Model status:

Model    Controller     Cloud/Region         Version  SLA          Timestamp
testing  concierge-lxd  localhost/localhost  3.6.8    unsupported  01:36:21Z

App             Version          Status   Scale  Charm           Channel      Rev  Exposed  Message
mysql           8.0.41-0ubun...  active       3  mysql                          0  no       
mysql-test-app  0.0.2            waiting      1  mysql-test-app  latest/edge   73  no       

Unit               Workload  Agent  Machine  Public address  Ports           Message
mysql-test-app/0*  waiting   idle   0        10.22.22.189                    
mysql/0            active    idle   1        10.22.22.194    3306,33060/tcp  
mysql/1            active    idle   2        10.22.22.145    3306,33060/tcp  
mysql/2*           active    idle   3        10.22.22.26     3306,33060/tcp  Primary

Machine  State    Address       Inst id        Base          AZ  Message
0        started  10.22.22.189  juju-81a683-0  ubuntu@22.04      Running
1        started  10.22.22.194  juju-81a683-1  ubuntu@22.04      Running
2        started  10.22.22.145  juju-81a683-2  ubuntu@22.04      Running
3        started  10.22.22.26   juju-81a683-3  ubuntu@22.04      Running

[32mINFO    [0m pytest_operator.plugin:plugin.py:868 Juju error logs:

machine-0: 01:31:33 ERROR juju.worker.dependency "lxd-container-provisioner" manifold worker returned unexpected error: container types not yet available
machine-0: 01:31:33 ERROR juju.worker.dependency "kvm-container-provisioner" manifold worker returned unexpected error: container types not yet available
unit-mysql-test-app-0: 01:31:33 ERROR juju.worker.meterstatus error running "meter-status-changed": charm missing from disk
machine-3: 01:33:15 ERROR juju.worker.dependency "kvm-container-provisioner" manifold worker returned unexpected error: container types not yet available
machine-3: 01:33:16 ERROR juju.worker.dependency "lxd-container-provisioner" manifold worker returned unexpected error: container types not yet available
unit-mysql-2: 01:33:16 ERROR juju.worker.meterstatus error running "meter-status-changed": charm missing from disk
machine-2: 01:33:27 ERROR juju.worker.dependency "kvm-container-provisioner" manifold worker returned unexpected error: container types not yet available
machine-2: 01:33:27 ERROR juju.worker.dependency "lxd-container-provisioner" manifold worker returned unexpected error: container types not yet available
unit-mysql-1: 01:33:27 ERROR juju.worker.meterstatus error running "meter-status-changed": charm missing from disk
machine-1: 01:33:36 ERROR juju.worker.dependency "lxd-container-provisioner" manifold worker returned unexpected error: container types not yet available
machine-1: 01:33:36 ERROR juju.worker.dependency "kvm-container-provisioner" manifold worker returned unexpected error: container types not yet available
unit-mysql-0: 01:33:36 ERROR juju.worker.meterstatus error running "meter-status-changed": charm missing from disk
unit-mysql-1: 01:34:19 ERROR unit.mysql/1.juju-log ERROR 2002 (HY000): Can't connect to local MySQL server through socket '/var/snap/charmed-mysql/common/var/run/mysqld/mysqld.sock' (2)
unit-mysql-1: 01:34:19 ERROR unit.mysql/1.juju-log Failed to execute MySQL cli command
Traceback (most recent call last):
  File "/var/lib/juju/agents/unit-mysql-1/charm/lib/charms/mysql/v0/mysql.py", line 3369, in check_mysqlcli_connection
    self._run_mysqlcli_script(
  File "/var/lib/juju/agents/unit-mysql-1/charm/lib/charms/tempo_coordinator_k8s/v0/charm_tracing.py", line 1065, in wrapped_function
    return callable(*args, **kwargs)  # type: ignore
  File "/var/lib/juju/agents/unit-mysql-1/charm/src/mysql_vm_helpers.py", line 855, in _run_mysqlcli_script
    raise MySQLClientError
charms.mysql.v0.mysql.MySQLClientError

During handling of the above exception, another exception occurred:

Traceback (most recent call last):
  File "/var/lib/juju/agents/unit-mysql-1/charm/src/mysql_vm_helpers.py", line 860, in _run_mysqlcli_script
    stdout = subprocess.check_output(command, timeout=timeout, text=True)
  File "/usr/lib/python3.10/subprocess.py", line 421, in check_output
    return run(*popenargs, stdout=PIPE, timeout=timeout, check=True,
  File "/usr/lib/python3.10/subprocess.py", line 526, in run
    raise CalledProcessError(retcode, process.args,
subprocess.CalledProcessError: Command '['charmed-mysql.mysql', '-u', 'root', '-N', '-B', '--socket=/var/snap/charmed-mysql/common/var/run/mysqld/mysqld.sock', '-e', 'SELECT 1']' returned non-zero exit status 1.
unit-mysql-1: 01:34:19 ERROR unit.mysql/1.juju-log Failed to connect to MySQL with mysqlcli with default root user
unit-mysql-2: 01:35:59 ERROR juju.worker.dependency "uniter" manifold worker returned unexpected error: relation scope id "d8ac50cf-f857-4b2d-8b1a-d3e00c81a683:r#4#mysql-test-app": settings d8ac50cf-f857-4b2d-8b1a-d3e00c81a683:r#4#mysql-test-app not found (not found)

[32mINFO    [0m pytest_operator.plugin:plugin.py:947 Forgetting model main...