[32mINFO    [0m integration.integration.test_vm_reboot:test_vm_reboot.py:78 Rebooting mysql/0
[32mINFO    [0m integration.integration.test_vm_reboot:test_vm_reboot.py:78 Rebooting mysql/1
[32mINFO    [0m integration.integration.test_vm_reboot:test_vm_reboot.py:78 Rebooting mysql/2
[32mINFO    [0m integration.integration.test_vm_reboot:test_vm_reboot.py:80 Sleep to allow juju status change
[32mINFO    [0m integration.integration.test_vm_reboot:test_vm_reboot.py:82 Waiting for the application to become idle
[32mINFO    [0m juju.model:model.py:3211 Waiting for model:
  mysql/0 [executing] maintenance: offline
  mysql/1 [idle] active: 
  mysql/2 [idle] active: Primary
[32mINFO    [0m juju.model:model.py:3211 Waiting for model:
  mysql/0 [idle] maintenance: offline
  mysql/1 [executing] maintenance: offline
  mysql/2 [executing] maintenance: offline
[32mINFO    [0m juju.model:model.py:3211 Waiting for model:
  mysql/0 [idle] maintenance: offline
  mysql/1 [idle] maintenance: offline
  mysql/2 [idle] maintenance: offline
[32mINFO    [0m juju.model:model.py:3211 Waiting for model:
  mysql/0 [idle] maintenance: offline
  mysql/1 [executing] maintenance: offline
  mysql/2 [executing] active:
[32mINFO    [0m pytest_operator.plugin:plugin.py:862 Model status:

Model    Controller     Cloud/Region         Version  SLA          Timestamp
testing  concierge-lxd  localhost/localhost  3.6.13   unsupported  02:15:22Z

App    Version          Status  Scale  Charm  Channel  Rev  Exposed  Message
mysql  8.0.44-0ubun...  active      3  mysql             0  no       

Unit      Workload     Agent  Machine  Public address  Ports           Message
mysql/0*  maintenance  idle   0        10.122.119.42   3306,33060/tcp  offline
mysql/1   error        idle   1        10.122.119.103  3306,33060/tcp  hook failed: "update-status"
mysql/2   active       idle   2        10.122.119.131  3306,33060/tcp  

Machine  State    Address         Inst id        Base          AZ             Message
0        started  10.122.119.42   juju-e5b691-0  ubuntu@22.04  runnervmmtnos  Running
1        started  10.122.119.103  juju-e5b691-1  ubuntu@22.04  runnervmmtnos  Running
2        started  10.122.119.131  juju-e5b691-2  ubuntu@22.04  runnervmmtnos  Running

[32mINFO    [0m pytest_operator.plugin:plugin.py:868 Juju error logs:

machine-0: 02:06:43 ERROR juju.worker.dependency "lxd-container-provisioner" manifold worker returned unexpected error: container types not yet available
machine-0: 02:06:43 ERROR juju.worker.dependency "kvm-container-provisioner" manifold worker returned unexpected error: container types not yet available
unit-mysql-0: 02:07:46 ERROR unit.mysql/0.juju-log Failed command: fuser 3306/tcp; user=None; group=None
machine-2: 02:07:58 ERROR juju.worker.dependency "lxd-container-provisioner" manifold worker returned unexpected error: container types not yet available
machine-2: 02:07:58 ERROR juju.worker.dependency "kvm-container-provisioner" manifold worker returned unexpected error: container types not yet available
machine-1: 02:08:07 ERROR juju.worker.dependency "kvm-container-provisioner" manifold worker returned unexpected error: container types not yet available
machine-1: 02:08:07 ERROR juju.worker.dependency "lxd-container-provisioner" manifold worker returned unexpected error: container types not yet available
unit-mysql-2: 02:08:46 ERROR unit.mysql/2.juju-log Failed command: fuser 3306/tcp; user=None; group=None
unit-mysql-1: 02:08:54 ERROR unit.mysql/1.juju-log Failed command: fuser 3306/tcp; user=None; group=None
unit-mysql-0: 02:12:09 ERROR unit.mysql/0.juju-log Failed to execute mysql-shell command
Traceback (most recent call last):
  File "/var/lib/juju/agents/unit-mysql-0/charm/src/mysql_vm_helpers.py", line 774, in _run_mysqlsh_script
    output = subprocess.check_output(  # noqa: S603
  File "/usr/lib/python3.10/subprocess.py", line 421, in check_output
    return run(*popenargs, stdout=PIPE, timeout=timeout, check=True,
  File "/usr/lib/python3.10/subprocess.py", line 526, in run
    raise CalledProcessError(retcode, process.args,
subprocess.CalledProcessError: Command '['charmed-mysql.mysqlsh', '--passwords-from-stdin', '--uri=serverconfig@10.122.119.103:33062', '--python', '-c', "shell.options.set('useWizards', False)\nprint('###')\nshell.connect_to_primary()\nprimary_address = shell.parse_uri(session.uri)['host']\nprint(f'<PRIMARY_ADDRESS>{primary_address}</PRIMARY_ADDRESS>')"]' returned non-zero exit status 1.
unit-mysql-0: 02:13:35 ERROR unit.mysql/0.juju-log Failed to execute mysql-shell command
Traceback (most recent call last):
  File "/var/lib/juju/agents/unit-mysql-0/charm/src/mysql_vm_helpers.py", line 774, in _run_mysqlsh_script
    output = subprocess.check_output(  # noqa: S603
  File "/usr/lib/python3.10/subprocess.py", line 421, in check_output
    return run(*popenargs, stdout=PIPE, timeout=timeout, check=True,
  File "/usr/lib/python3.10/subprocess.py", line 526, in run
    raise CalledProcessError(retcode, process.args,
subprocess.CalledProcessError: Command '['charmed-mysql.mysqlsh', '--passwords-from-stdin', '--uri=serverconfig@10.122.119.103:33062', '--python', '-c', "shell.options.set('useWizards', False)\nprint('###')\nshell.connect_to_primary()\nprimary_address = shell.parse_uri(session.uri)['host']\nprint(f'<PRIMARY_ADDRESS>{primary_address}</PRIMARY_ADDRESS>')"]' returned non-zero exit status 1.
unit-mysql-0: 02:13:36 ERROR unit.mysql/0.juju-log Failed to execute mysql-shell command
Traceback (most recent call last):
  File "/var/lib/juju/agents/unit-mysql-0/charm/src/mysql_vm_helpers.py", line 774, in _run_mysqlsh_script
    output = subprocess.check_output(  # noqa: S603
  File "/usr/lib/python3.10/subprocess.py", line 421, in check_output
    return run(*popenargs, stdout=PIPE, timeout=timeout, check=True,
  File "/usr/lib/python3.10/subprocess.py", line 526, in run
    raise CalledProcessError(retcode, process.args,
subprocess.CalledProcessError: Command '['charmed-mysql.mysqlsh', '--passwords-from-stdin', '--uri=serverconfig@10.122.119.131:33062', '--python', '-c', "shell.options.set('useWizards', False)\nprint('###')\nshell.connect_to_primary()\nprimary_address = shell.parse_uri(session.uri)['host']\nprint(f'<PRIMARY_ADDRESS>{primary_address}</PRIMARY_ADDRESS>')"]' returned non-zero exit status 1.
unit-mysql-1: 02:13:51 ERROR unit.mysql/1.juju-log Failed to execute mysql-shell command
Traceback (most recent call last):
  File "/var/lib/juju/agents/unit-mysql-1/charm/src/mysql_vm_helpers.py", line 774, in _run_mysqlsh_script
    output = subprocess.check_output(  # noqa: S603
  File "/usr/lib/python3.10/subprocess.py", line 421, in check_output
    return run(*popenargs, stdout=PIPE, timeout=timeout, check=True,
  File "/usr/lib/python3.10/subprocess.py", line 526, in run
    raise CalledProcessError(retcode, process.args,
subprocess.CalledProcessError: Command '['charmed-mysql.mysqlsh', '--passwords-from-stdin', '--uri=serverconfig@10.122.119.131:33062', '--python', '-c', "shell.options.set('useWizards', False)\nprint('###')\nshell.connect_to_primary()\nprimary_address = shell.parse_uri(session.uri)['host']\nprint(f'<PRIMARY_ADDRESS>{primary_address}</PRIMARY_ADDRESS>')"]' returned non-zero exit status 1.
unit-mysql-1: 02:15:16 ERROR unit.mysql/1.juju-log Failed to execute mysql-shell command
Traceback (most recent call last):
  File "/var/lib/juju/agents/unit-mysql-1/charm/src/mysql_vm_helpers.py", line 774, in _run_mysqlsh_script
    output = subprocess.check_output(  # noqa: S603
  File "/usr/lib/python3.10/subprocess.py", line 421, in check_output
    return run(*popenargs, stdout=PIPE, timeout=timeout, check=True,
  File "/usr/lib/python3.10/subprocess.py", line 526, in run
    raise CalledProcessError(retcode, process.args,
subprocess.CalledProcessError: Command '['charmed-mysql.mysqlsh', '--passwords-from-stdin', '--uri=serverconfig@juju-e5b691-0.lxd:33062', '--python', '-c', "shell.options.set('useWizards', False)\nprint('###')\ncluster = dba.get_cluster('test_cluster')\ncluster.rejoin_instance('juju-e5b691-1.lxd:33062',{'password': '*****'})"]' returned non-zero exit status 1.
unit-mysql-1: 02:15:16 ERROR unit.mysql/1.juju-log Failed to rejoin instance juju-e5b691-1.lxd to cluster test_cluster
unit-mysql-1: 02:15:20 ERROR unit.mysql/1.juju-log Failed to execute mysql-shell command
Traceback (most recent call last):
  File "/var/lib/juju/agents/unit-mysql-1/charm/src/mysql_vm_helpers.py", line 774, in _run_mysqlsh_script
    output = subprocess.check_output(  # noqa: S603
  File "/usr/lib/python3.10/subprocess.py", line 421, in check_output
    return run(*popenargs, stdout=PIPE, timeout=timeout, check=True,
  File "/usr/lib/python3.10/subprocess.py", line 526, in run
    raise CalledProcessError(retcode, process.args,
subprocess.CalledProcessError: Command '['charmed-mysql.mysqlsh', '--passwords-from-stdin', '--uri=serverconfig@juju-e5b691-0.lxd:33062', '--python', '-c', "shell.options.set('useWizards', False)\nprint('###')\ncluster = dba.get_cluster('test_cluster')\nshell.options['dba.restartWaitTimeout'] = 3600\ncluster.add_instance('clusteradmin@10.122.119.103', {'password': '*****', 'label': 'mysql-1', 'recoveryMethod': 'auto'})"]' returned non-zero exit status 1.

The above exception was the direct cause of the following exception:

Traceback (most recent call last):
  File "/var/lib/juju/agents/unit-mysql-1/charm/lib/charms/mysql/v0/mysql.py", line 2121, in add_instance_to_cluster
    self._run_mysqlsh_script(
  File "/var/lib/juju/agents/unit-mysql-1/charm/lib/charms/tempo_coordinator_k8s/v0/charm_tracing.py", line 1065, in wrapped_function
    return callable(*args, **kwargs)  # type: ignore
  File "/var/lib/juju/agents/unit-mysql-1/charm/src/mysql_vm_helpers.py", line 789, in _run_mysqlsh_script
    raise MySQLClientError from e
charms.mysql.v0.mysql.MySQLClientError

During handling of the above exception, another exception occurred:

Traceback (most recent call last):
  File "/var/lib/juju/agents/unit-mysql-1/charm/src/mysql_vm_helpers.py", line 774, in _run_mysqlsh_script
    output = subprocess.check_output(  # noqa: S603
  File "/usr/lib/python3.10/subprocess.py", line 421, in check_output
    return run(*popenargs, stdout=PIPE, timeout=timeout, check=True,
  File "/usr/lib/python3.10/subprocess.py", line 526, in run
    raise CalledProcessError(retcode, process.args,
subprocess.CalledProcessError: Command '['charmed-mysql.mysqlsh', '--passwords-from-stdin', '--uri=serverconfig@juju-e5b691-0.lxd:33062', '--python', '-c', "shell.options.set('useWizards', False)\nprint('###')\ncluster = dba.get_cluster('test_cluster')\nshell.options['dba.restartWaitTimeout'] = 3600\ncluster.add_instance('clusteradmin@10.122.119.103', {'password': '*****', 'label': 'mysql-1', 'recoveryMethod': 'clone'})"]' returned non-zero exit status 1.
unit-mysql-1: 02:15:20 ERROR unit.mysql/1.juju-log Failed to add instance_address='10.122.119.103' to self.cluster_name='test_cluster' on self.instance_address='juju-e5b691-1.lxd'
unit-mysql-1: 02:15:21 ERROR unit.mysql/1.juju-log Uncaught exception while in charm code:
Traceback (most recent call last):
  File "/var/lib/juju/agents/unit-mysql-1/charm/src/mysql_vm_helpers.py", line 774, in _run_mysqlsh_script
    output = subprocess.check_output(  # noqa: S603
  File "/usr/lib/python3.10/subprocess.py", line 421, in check_output
    return run(*popenargs, stdout=PIPE, timeout=timeout, check=True,
  File "/usr/lib/python3.10/subprocess.py", line 526, in run
    raise CalledProcessError(retcode, process.args,
subprocess.CalledProcessError: Command '['charmed-mysql.mysqlsh', '--passwords-from-stdin', '--uri=serverconfig@juju-e5b691-0.lxd:33062', '--python', '-c', "shell.options.set('useWizards', False)\nprint('###')\ncluster = dba.get_cluster('test_cluster')\nshell.options['dba.restartWaitTimeout'] = 3600\ncluster.add_instance('clusteradmin@10.122.119.103', {'password': '*****', 'label': 'mysql-1', 'recoveryMethod': 'auto'})"]' returned non-zero exit status 1.

The above exception was the direct cause of the following exception:

Traceback (most recent call last):
  File "/var/lib/juju/agents/unit-mysql-1/charm/lib/charms/mysql/v0/mysql.py", line 2121, in add_instance_to_cluster
    self._run_mysqlsh_script(
  File "/var/lib/juju/agents/unit-mysql-1/charm/lib/charms/tempo_coordinator_k8s/v0/charm_tracing.py", line 1065, in wrapped_function
    return callable(*args, **kwargs)  # type: ignore
  File "/var/lib/juju/agents/unit-mysql-1/charm/src/mysql_vm_helpers.py", line 789, in _run_mysqlsh_script
    raise MySQLClientError from e
charms.mysql.v0.mysql.MySQLClientError

During handling of the above exception, another exception occurred:

Traceback (most recent call last):
  File "/var/lib/juju/agents/unit-mysql-1/charm/src/mysql_vm_helpers.py", line 774, in _run_mysqlsh_script
    output = subprocess.check_output(  # noqa: S603
  File "/usr/lib/python3.10/subprocess.py", line 421, in check_output
    return run(*popenargs, stdout=PIPE, timeout=timeout, check=True,
  File "/usr/lib/python3.10/subprocess.py", line 526, in run
    raise CalledProcessError(retcode, process.args,
subprocess.CalledProcessError: Command '['charmed-mysql.mysqlsh', '--passwords-from-stdin', '--uri=serverconfig@juju-e5b691-0.lxd:33062', '--python', '-c', "shell.options.set('useWizards', False)\nprint('###')\ncluster = dba.get_cluster('test_cluster')\nshell.options['dba.restartWaitTimeout'] = 3600\ncluster.add_instance('clusteradmin@10.122.119.103', {'password': '*****', 'label': 'mysql-1', 'recoveryMethod': 'clone'})"]' returned non-zero exit status 1.

The above exception was the direct cause of the following exception:

Traceback (most recent call last):
  File "/var/lib/juju/agents/unit-mysql-1/charm/lib/charms/mysql/v0/mysql.py", line 2121, in add_instance_to_cluster
    self._run_mysqlsh_script(
  File "/var/lib/juju/agents/unit-mysql-1/charm/lib/charms/tempo_coordinator_k8s/v0/charm_tracing.py", line 1065, in wrapped_function
    return callable(*args, **kwargs)  # type: ignore
  File "/var/lib/juju/agents/unit-mysql-1/charm/src/mysql_vm_helpers.py", line 789, in _run_mysqlsh_script
    raise MySQLClientError from e
charms.mysql.v0.mysql.MySQLClientError

The above exception was the direct cause of the following exception:

Traceback (most recent call last):
  File "/var/lib/juju/agents/unit-mysql-1/charm/src/charm.py", line 1022, in <module>
    main(MySQLOperatorCharm)
  File "/var/lib/juju/agents/unit-mysql-1/charm/venv/lib/python3.10/site-packages/ops/main.py", line 551, in main
    manager.run()
  File "/var/lib/juju/agents/unit-mysql-1/charm/venv/lib/python3.10/site-packages/ops/main.py", line 530, in run
    self._emit()
  File "/var/lib/juju/agents/unit-mysql-1/charm/venv/lib/python3.10/site-packages/ops/main.py", line 519, in _emit
    _emit_charm_event(self.charm, self.dispatcher.event_name)
  File "/var/lib/juju/agents/unit-mysql-1/charm/venv/lib/python3.10/site-packages/ops/main.py", line 147, in _emit_charm_event
    event_to_emit.emit(*args, **kwargs)
  File "/var/lib/juju/agents/unit-mysql-1/charm/venv/lib/python3.10/site-packages/ops/framework.py", line 348, in emit
    framework._emit(event)
  File "/var/lib/juju/agents/unit-mysql-1/charm/venv/lib/python3.10/site-packages/ops/framework.py", line 860, in _emit
    self._reemit(event_path)
  File "/var/lib/juju/agents/unit-mysql-1/charm/venv/lib/python3.10/site-packages/ops/framework.py", line 950, in _reemit
    custom_handler(event)
  File "/var/lib/juju/agents/unit-mysql-1/charm/lib/charms/tempo_coordinator_k8s/v0/charm_tracing.py", line 1065, in wrapped_function
    return callable(*args, **kwargs)  # type: ignore
  File "/var/lib/juju/agents/unit-mysql-1/charm/src/charm.py", line 589, in _on_update_status
    if not self._handle_non_online_instance_status(state):
  File "/var/lib/juju/agents/unit-mysql-1/charm/lib/charms/tempo_coordinator_k8s/v0/charm_tracing.py", line 1065, in wrapped_function
    return callable(*args, **kwargs)  # type: ignore
  File "/var/lib/juju/agents/unit-mysql-1/charm/src/charm.py", line 472, in _handle_non_online_instance_status
    self._execute_manual_rejoin()
  File "/var/lib/juju/agents/unit-mysql-1/charm/lib/charms/tempo_coordinator_k8s/v0/charm_tracing.py", line 1065, in wrapped_function
    return callable(*args, **kwargs)  # type: ignore
  File "/var/lib/juju/agents/unit-mysql-1/charm/src/charm.py", line 526, in _execute_manual_rejoin
    self._mysql.add_instance_to_cluster(
  File "/var/lib/juju/agents/unit-mysql-1/charm/lib/charms/tempo_coordinator_k8s/v0/charm_tracing.py", line 1065, in wrapped_function
    return callable(*args, **kwargs)  # type: ignore
  File "/var/lib/juju/agents/unit-mysql-1/charm/lib/charms/mysql/v0/mysql.py", line 2139, in add_instance_to_cluster
    self.add_instance_to_cluster(
  File "/var/lib/juju/agents/unit-mysql-1/charm/lib/charms/tempo_coordinator_k8s/v0/charm_tracing.py", line 1065, in wrapped_function
    return callable(*args, **kwargs)  # type: ignore
  File "/var/lib/juju/agents/unit-mysql-1/charm/lib/charms/mysql/v0/mysql.py", line 2134, in add_instance_to_cluster
    raise MySQLAddInstanceToClusterError from e
charms.mysql.v0.mysql.MySQLAddInstanceToClusterError
unit-mysql-1: 02:15:21 ERROR juju.worker.uniter.operation hook "update-status" (via hook dispatching script: dispatch) failed: exit status 1

[32mINFO    [0m pytest_operator.plugin:plugin.py:947 Forgetting model main...