{"uid":"df78dc83c211a72c","name":"test_relation_broken","fullName":"tests.integration.relations.test_relation_mysql_legacy#test_relation_broken","historyId":"687a416d2320112718f9b2a63defb29d","time":{"start":1706405612091,"stop":1706405616708,"duration":4617},"description":"Remove relation and wait for the expected changes in status.","descriptionHtml":"<p>Remove relation and wait for the expected changes in status.</p>\n","status":"broken","statusMessage":"juju.errors.JujuUnitError: Unit in error: mysql-test-app/1","statusTrace":"Traceback (most recent call last):\n  File \"/home/runner/work/mysql-operator/mysql-operator/.tox/integration/lib/python3.10/site-packages/_pytest/runner.py\", line 341, in from_call\n    result: Optional[TResult] = func()\n  File \"/home/runner/work/mysql-operator/mysql-operator/.tox/integration/lib/python3.10/site-packages/_pytest/runner.py\", line 262, in <lambda>\n    lambda: ihook(item=item, **kwds), when=when, reraise=reraise\n  File \"/home/runner/work/mysql-operator/mysql-operator/.tox/integration/lib/python3.10/site-packages/pluggy/_hooks.py\", line 433, in __call__\n    return self._hookexec(self.name, self._hookimpls, kwargs, firstresult)\n  File \"/home/runner/work/mysql-operator/mysql-operator/.tox/integration/lib/python3.10/site-packages/pluggy/_manager.py\", line 112, in _hookexec\n    return self._inner_hookexec(hook_name, methods, kwargs, firstresult)\n  File \"/home/runner/work/mysql-operator/mysql-operator/.tox/integration/lib/python3.10/site-packages/pluggy/_callers.py\", line 155, in _multicall\n    return outcome.get_result()\n  File \"/home/runner/work/mysql-operator/mysql-operator/.tox/integration/lib/python3.10/site-packages/pluggy/_result.py\", line 108, in get_result\n    raise exc.with_traceback(exc.__traceback__)\n  File \"/home/runner/work/mysql-operator/mysql-operator/.tox/integration/lib/python3.10/site-packages/pluggy/_callers.py\", line 80, in _multicall\n    res = hook_impl.function(*args)\n  File \"/home/runner/work/mysql-operator/mysql-operator/.tox/integration/lib/python3.10/site-packages/_pytest/runner.py\", line 177, in pytest_runtest_call\n    raise e\n  File \"/home/runner/work/mysql-operator/mysql-operator/.tox/integration/lib/python3.10/site-packages/_pytest/runner.py\", line 169, in pytest_runtest_call\n    item.runtest()\n  File \"/home/runner/work/mysql-operator/mysql-operator/.tox/integration/lib/python3.10/site-packages/_pytest/python.py\", line 1792, in runtest\n    self.ihook.pytest_pyfunc_call(pyfuncitem=self)\n  File \"/home/runner/work/mysql-operator/mysql-operator/.tox/integration/lib/python3.10/site-packages/pluggy/_hooks.py\", line 433, in __call__\n    return self._hookexec(self.name, self._hookimpls, kwargs, firstresult)\n  File \"/home/runner/work/mysql-operator/mysql-operator/.tox/integration/lib/python3.10/site-packages/pluggy/_manager.py\", line 112, in _hookexec\n    return self._inner_hookexec(hook_name, methods, kwargs, firstresult)\n  File \"/home/runner/work/mysql-operator/mysql-operator/.tox/integration/lib/python3.10/site-packages/pluggy/_callers.py\", line 155, in _multicall\n    return outcome.get_result()\n  File \"/home/runner/work/mysql-operator/mysql-operator/.tox/integration/lib/python3.10/site-packages/pluggy/_result.py\", line 108, in get_result\n    raise exc.with_traceback(exc.__traceback__)\n  File \"/home/runner/work/mysql-operator/mysql-operator/.tox/integration/lib/python3.10/site-packages/pluggy/_callers.py\", line 80, in _multicall\n    res = hook_impl.function(*args)\n  File \"/home/runner/work/mysql-operator/mysql-operator/.tox/integration/lib/python3.10/site-packages/_pytest/python.py\", line 194, in pytest_pyfunc_call\n    result = testfunction(**testargs)\n  File \"/home/runner/work/mysql-operator/mysql-operator/.tox/integration/lib/python3.10/site-packages/pytest_asyncio/plugin.py\", line 532, in inner\n    _loop.run_until_complete(task)\n  File \"/usr/lib/python3.10/asyncio/base_events.py\", line 649, in run_until_complete\n    return future.result()\n  File \"/home/runner/work/mysql-operator/mysql-operator/tests/integration/relations/test_relation_mysql_legacy.py\", line 163, in test_relation_broken\n    await asyncio.gather(\n  File \"/home/runner/work/mysql-operator/mysql-operator/.tox/integration/lib/python3.10/site-packages/juju/model.py\", line 2751, in wait_for_idle\n    _raise_for_status(errors, \"error\")\n  File \"/home/runner/work/mysql-operator/mysql-operator/.tox/integration/lib/python3.10/site-packages/juju/model.py\", line 2657, in _raise_for_status\n    raise error_type(\"{}{} in {}: {}\".format(\njuju.errors.JujuUnitError: Unit in error: mysql-test-app/1","flaky":false,"newFailed":false,"newBroken":false,"newPassed":false,"retriesCount":0,"retriesStatusChange":false,"beforeStages":[{"name":"event_loop","time":{"start":1706405329307,"stop":1706405329308,"duration":1},"status":"passed","steps":[],"attachments":[],"parameters":[],"stepsCount":0,"shouldDisplayMessage":false,"attachmentsCount":0,"hasContent":false,"attachmentStep":false},{"name":"tmp_path_factory","time":{"start":1706405329308,"stop":1706405329308,"duration":0},"status":"passed","steps":[],"attachments":[],"parameters":[],"stepsCount":0,"shouldDisplayMessage":false,"attachmentsCount":0,"hasContent":false,"attachmentStep":false},{"name":"pytestconfig","time":{"start":1706405329308,"stop":1706405329308,"duration":0},"status":"passed","steps":[],"attachments":[],"parameters":[],"stepsCount":0,"shouldDisplayMessage":false,"attachmentsCount":0,"hasContent":false,"attachmentStep":false},{"name":"ops_test","time":{"start":1706405329308,"stop":1706405329443,"duration":135},"status":"passed","steps":[],"attachments":[],"parameters":[],"stepsCount":0,"shouldDisplayMessage":false,"attachmentsCount":0,"hasContent":false,"attachmentStep":false},{"name":"ops_test","time":{"start":1706405329443,"stop":1706405329443,"duration":0},"status":"passed","steps":[],"attachments":[],"parameters":[],"stepsCount":0,"shouldDisplayMessage":false,"attachmentsCount":0,"hasContent":false,"attachmentStep":false},{"name":"abort_on_fail","time":{"start":1706405612090,"stop":1706405612090,"duration":0},"status":"passed","steps":[],"attachments":[],"parameters":[],"stepsCount":0,"shouldDisplayMessage":false,"attachmentsCount":0,"hasContent":false,"attachmentStep":false}],"testStage":{"description":"Remove relation and wait for the expected changes in status.","status":"broken","statusMessage":"juju.errors.JujuUnitError: Unit in error: mysql-test-app/1","statusTrace":"Traceback (most recent call last):\n  File \"/home/runner/work/mysql-operator/mysql-operator/.tox/integration/lib/python3.10/site-packages/_pytest/runner.py\", line 341, in from_call\n    result: Optional[TResult] = func()\n  File \"/home/runner/work/mysql-operator/mysql-operator/.tox/integration/lib/python3.10/site-packages/_pytest/runner.py\", line 262, in <lambda>\n    lambda: ihook(item=item, **kwds), when=when, reraise=reraise\n  File \"/home/runner/work/mysql-operator/mysql-operator/.tox/integration/lib/python3.10/site-packages/pluggy/_hooks.py\", line 433, in __call__\n    return self._hookexec(self.name, self._hookimpls, kwargs, firstresult)\n  File \"/home/runner/work/mysql-operator/mysql-operator/.tox/integration/lib/python3.10/site-packages/pluggy/_manager.py\", line 112, in _hookexec\n    return self._inner_hookexec(hook_name, methods, kwargs, firstresult)\n  File \"/home/runner/work/mysql-operator/mysql-operator/.tox/integration/lib/python3.10/site-packages/pluggy/_callers.py\", line 155, in _multicall\n    return outcome.get_result()\n  File \"/home/runner/work/mysql-operator/mysql-operator/.tox/integration/lib/python3.10/site-packages/pluggy/_result.py\", line 108, in get_result\n    raise exc.with_traceback(exc.__traceback__)\n  File \"/home/runner/work/mysql-operator/mysql-operator/.tox/integration/lib/python3.10/site-packages/pluggy/_callers.py\", line 80, in _multicall\n    res = hook_impl.function(*args)\n  File \"/home/runner/work/mysql-operator/mysql-operator/.tox/integration/lib/python3.10/site-packages/_pytest/runner.py\", line 177, in pytest_runtest_call\n    raise e\n  File \"/home/runner/work/mysql-operator/mysql-operator/.tox/integration/lib/python3.10/site-packages/_pytest/runner.py\", line 169, in pytest_runtest_call\n    item.runtest()\n  File \"/home/runner/work/mysql-operator/mysql-operator/.tox/integration/lib/python3.10/site-packages/_pytest/python.py\", line 1792, in runtest\n    self.ihook.pytest_pyfunc_call(pyfuncitem=self)\n  File \"/home/runner/work/mysql-operator/mysql-operator/.tox/integration/lib/python3.10/site-packages/pluggy/_hooks.py\", line 433, in __call__\n    return self._hookexec(self.name, self._hookimpls, kwargs, firstresult)\n  File \"/home/runner/work/mysql-operator/mysql-operator/.tox/integration/lib/python3.10/site-packages/pluggy/_manager.py\", line 112, in _hookexec\n    return self._inner_hookexec(hook_name, methods, kwargs, firstresult)\n  File \"/home/runner/work/mysql-operator/mysql-operator/.tox/integration/lib/python3.10/site-packages/pluggy/_callers.py\", line 155, in _multicall\n    return outcome.get_result()\n  File \"/home/runner/work/mysql-operator/mysql-operator/.tox/integration/lib/python3.10/site-packages/pluggy/_result.py\", line 108, in get_result\n    raise exc.with_traceback(exc.__traceback__)\n  File \"/home/runner/work/mysql-operator/mysql-operator/.tox/integration/lib/python3.10/site-packages/pluggy/_callers.py\", line 80, in _multicall\n    res = hook_impl.function(*args)\n  File \"/home/runner/work/mysql-operator/mysql-operator/.tox/integration/lib/python3.10/site-packages/_pytest/python.py\", line 194, in pytest_pyfunc_call\n    result = testfunction(**testargs)\n  File \"/home/runner/work/mysql-operator/mysql-operator/.tox/integration/lib/python3.10/site-packages/pytest_asyncio/plugin.py\", line 532, in inner\n    _loop.run_until_complete(task)\n  File \"/usr/lib/python3.10/asyncio/base_events.py\", line 649, in run_until_complete\n    return future.result()\n  File \"/home/runner/work/mysql-operator/mysql-operator/tests/integration/relations/test_relation_mysql_legacy.py\", line 163, in test_relation_broken\n    await asyncio.gather(\n  File \"/home/runner/work/mysql-operator/mysql-operator/.tox/integration/lib/python3.10/site-packages/juju/model.py\", line 2751, in wait_for_idle\n    _raise_for_status(errors, \"error\")\n  File \"/home/runner/work/mysql-operator/mysql-operator/.tox/integration/lib/python3.10/site-packages/juju/model.py\", line 2657, in _raise_for_status\n    raise error_type(\"{}{} in {}: {}\".format(\njuju.errors.JujuUnitError: Unit in error: mysql-test-app/1","steps":[],"attachments":[{"uid":"7945b2ea5a35fd0e","name":"log","source":"7945b2ea5a35fd0e.txt","type":"text/plain","size":8745}],"parameters":[],"stepsCount":0,"shouldDisplayMessage":true,"attachmentsCount":1,"hasContent":true,"attachmentStep":false},"afterStages":[{"name":"abort_on_fail::0","time":{"start":1706405616727,"stop":1706405616727,"duration":0},"status":"passed","steps":[],"attachments":[],"parameters":[],"stepsCount":0,"shouldDisplayMessage":false,"attachmentsCount":0,"hasContent":false,"attachmentStep":false},{"name":"ops_test::finalizer","time":{"start":1706405616728,"stop":1706405618957,"duration":2229},"status":"passed","steps":[],"attachments":[],"parameters":[],"stepsCount":0,"shouldDisplayMessage":false,"attachmentsCount":0,"hasContent":false,"attachmentStep":false},{"name":"event_loop::2","time":{"start":1706405618958,"stop":1706405618958,"duration":0},"status":"passed","steps":[],"attachments":[],"parameters":[],"stepsCount":0,"shouldDisplayMessage":false,"attachmentsCount":0,"hasContent":false,"attachmentStep":false},{"name":"event_loop::_close_event_loop","time":{"start":1706405618958,"stop":1706405618958,"duration":0},"status":"passed","steps":[],"attachments":[],"parameters":[],"stepsCount":0,"shouldDisplayMessage":false,"attachmentsCount":0,"hasContent":false,"attachmentStep":false},{"name":"event_loop::_provide_clean_event_loop","time":{"start":1706405618958,"stop":1706405618958,"duration":0},"status":"passed","steps":[],"attachments":[],"parameters":[],"stepsCount":0,"shouldDisplayMessage":false,"attachmentsCount":0,"hasContent":false,"attachmentStep":false}],"labels":[{"name":"tag","value":"abort_on_fail"},{"name":"tag","value":"group(1)"},{"name":"tag","value":"asyncio"},{"name":"parentSuite","value":"tests.integration.relations"},{"name":"suite","value":"test_relation_mysql_legacy"},{"name":"host","value":"fv-az1493-330"},{"name":"thread","value":"8615-MainThread"},{"name":"framework","value":"pytest"},{"name":"language","value":"cpython3"},{"name":"package","value":"tests.integration.relations.test_relation_mysql_legacy"},{"name":"resultFormat","value":"allure2"}],"parameters":[],"links":[],"hidden":false,"retry":false,"extra":{"severity":"normal","retries":[],"categories":[{"name":"Test defects","matchedStatuses":[],"flaky":false}],"history":{"statistic":{"failed":0,"broken":1,"skipped":1,"passed":0,"unknown":0,"total":2},"items":[{"uid":"db417b2e35e73ccd","reportUrl":"../2125//#testresult/db417b2e35e73ccd","status":"skipped","statusDetails":"XFAIL reason: aborted\n\n_pytest.outcomes.XFailed: aborted","time":{"start":1706319981996,"stop":1706319981996,"duration":0}}]},"tags":["asyncio","abort_on_fail","group(1)"]},"source":"df78dc83c211a72c.json","parameterValues":[]}